    Field     2MASS_ID               R_min       XR_Max    Max_Width   XR_average
      4102  2M21353892+4229507       65.70        0.18         4.00         0.15
      4102  2M21354457+4235157       25.59        2.00        10.00         1.34
      4102  2M21354474+4250256       25.66        3.95        10.00         1.90
      4102  2M21354775+4233120       27.02        1.87         6.00         1.09
      4102  2M21355458+4222326       45.51        3.38         6.00         2.50
      4102  2M21355534+4224111       49.01        0.31         4.00         0.19
      4102  2M21355686+4256151       37.13        0.69         6.00         0.64
      4102  2M21355743+4245234       29.92        2.25         6.00         1.24
      4102  2M21360285+4231145       25.80        7.16         5.00         2.68
      4102  2M21360302+4250260       36.93        1.83         6.00         1.63
      4102  2M21360555+4246043       74.15        0.40         4.00         0.23
      4102  2M21360822+4225525       31.02        1.25         5.00         0.82
      4102  2M21360941+4212409       25.38        0.74         6.00         0.53
      4102  2M21361089+4306343       68.45        0.21         4.00         0.15
      4102  2M21361159+4255425       49.72        0.23         4.00         0.15
      4102  2M21361290+4216213       45.20        0.46         4.00         0.27
      4102  2M21361947+4220020       28.05        1.45         4.00         0.73
      4102  2M21361975+4156288       28.68        1.61         6.00         0.99
      4102  2M21362389+4158414       20.11        1.52         6.00         0.79
      4102  2M21362422+4223044       36.51        1.61         6.00         0.76
      4102  2M21362730+4258035       42.70        0.96         6.00         0.65
      4102  2M21363086+4205192       45.57        1.23         6.00         0.91
      4102  2M21363278+4303344        9.57       90.64       132.00        45.75
      4102  2M21363673+4310434       78.81        0.48         6.00         0.26
      4102  2M21364363+4234146       41.20        0.70         4.00         0.40
      4102  2M21364365+4246069       46.95        1.96         6.00         0.81
      4102  2M21364477+4239053       45.42        1.38        10.00         1.27
      4102  2M21365057+4224598       38.24        0.81         6.00         0.72
      4102  2M21365406+4318192       60.24        0.25         4.00         0.22
      4102  2M21365699+4148166       34.16        0.68         4.00         0.61
      4102  2M21365711+4241383       58.88        0.35         4.00         0.25
      4102  2M21365723+4313348       33.29        1.33         6.00         0.82
      4102  2M21365911+4301415       38.17        0.69         6.00         0.47
      4102  2M21365948+4201446       50.84        0.50         4.00         0.27
      4102  2M21370114+4224396       17.11        4.35         6.00         2.14
      4102  2M21370396+4204473       66.75        1.04         5.00         0.88
      4102  2M21370663+4215557       55.75        0.68         4.00         0.37
      4102  2M21370672+4219169       65.71        0.38         4.00         0.27
      4102  2M21370757+4141129       24.65       13.48         6.00         5.14
      4102  2M21371254+4209319       29.89        1.87         5.00         0.71
      4102  2M21371339+4211094       31.92        1.61         6.00         0.96
      4102  2M21371359+4155174       33.88        0.61         8.00         0.46
      4102  2M21371617+4314232       62.18        0.82         6.00         0.54
      4102  2M21371633+4222516       25.54        3.68         6.00         3.05
      4102  2M21371664+4234001       27.67        1.58         5.00         0.92
      4102  2M21371734+4203252       67.51        0.66         4.00         0.43
      4102  2M21371892+4317098       40.20        1.55         6.00         0.97
      4102  2M21372037+4257021       26.67       16.69        10.00         5.38
      4102  2M21372223+4320544       38.27        0.44         4.00         0.28
      4102  2M21372506+4231458       39.98        1.11         5.00         0.60
      4102  2M21372752+4222185       31.25        2.18         6.00         1.23
      4102  2M21372805+4238293       54.86        0.78         4.00         0.45
      4102  2M21372912+4219583       39.78        0.81         4.00         0.55
      4102  2M21372942+4242427       52.19        1.95         6.00         1.74
      4102  2M21373292+4231071       38.40        0.68         4.00         0.56
      4102  2M21373544+4147518       28.68        3.22         6.00         2.25
      4102  2M21373597+4210256       38.54        0.90         5.00         0.64
      4102  2M21373672+4321043       61.90        0.26         4.00         0.22
      4102  2M21373698+4238385       29.80        1.18         6.00         0.90
      4102  2M21373705+4250386       64.31        0.24         4.00         0.23
      4102  2M21373735+4137444       39.18        1.15         4.00         0.49
      4102  2M21373746+4135289        4.14      158.16       135.00        87.75
      4102  2M21374024+4213169       22.47        1.29         4.00         0.67
      4102  2M21374244+4251444       58.83        0.30         4.00         0.22
      4102  2M21374395+4304268        1.53      228.27       230.00       146.59
      4102  2M21374403+4153392       53.47        0.38         4.00         0.24
      4102  2M21374411+4140528       26.65        1.48         4.00         1.05
      4102  2M21374560+4318033       61.40        0.20         4.00         0.15
      4102  2M21374726+4138166       22.40       14.70        11.00         5.69
      4102  2M21374762+4238255       57.59        0.33         4.00         0.22
      4102  2M21375002+4258309       11.90       46.84        57.00        19.14
      4102  2M21375057+4302270       25.12        3.15         6.00         1.61
      4102  2M21375227+4216383       46.64        0.54         5.00         0.42
      4102  2M21375437+4331000       25.58        3.05         8.00         1.85
      4102  2M21375511+4254581       51.56        0.32         4.00         0.26
      4102  2M21375692+4131533       27.64        2.04         5.00         1.15
      4102  2M21375814+4323598       27.21        3.90         6.00         1.08
      4102  2M21375836+4152509        5.50      216.52       130.00       123.92
      4102  2M21375875+4322138       53.16        0.43         6.00         0.39
      4102  2M21375889+4201045       46.69        2.98         8.00         2.13
      4102  2M21375912+4226571       44.84        0.47         5.00         0.34
      4102  2M21380035+4333570       48.74        0.46         5.00         0.31
      4102  2M21380340+4157000       65.86        0.63         4.00         0.41
      4102  2M21380514+4308225       27.95        2.12         6.00         0.99
      4102  2M21380584+4252312       22.80        9.95         6.00         5.43
      4102  2M21380635+4224478       42.22        1.22         6.00         0.89
      4102  2M21380962+4208595       16.91       15.75         9.00         5.95
      4102  2M21381051+4320038       41.06        1.02         4.00         0.74
      4102  2M21381490+4340154       37.26        1.45         6.00         1.02
      4102  2M21381658+4210266       28.36        1.40         6.00         0.90
      4102  2M21381804+4255042       70.99        0.19         4.00         0.16
      4102  2M21381825+4202104       16.08        4.92         5.00         2.52
      4102  2M21381923+4236164       14.68       31.20         6.00        12.34
      4102  2M21382016+4222314       53.79        0.58         4.00         0.51
      4102  2M21382248+4228040       28.28        0.84         5.00         0.46
      4102  2M21382629+4232122       48.58        0.27         4.00         0.22
      4102  2M21382682+4208409       37.82        1.85         6.00         1.26
      4102  2M21382701+4221097       25.72        1.40         6.00         0.67
      4102  2M21382977+4318550       68.91        0.48         6.00         0.38
      4102  2M21383041+4233402       49.14        0.29         5.00         0.24
      4102  2M21383099+4236368       48.67        0.66         4.00         0.46
      4102  2M21383153+4135447       69.41        0.39         6.00         0.24
      4102  2M21383195+4333162       38.95        3.52         6.00         2.23
      4102  2M21383356+4329254        7.95       60.16         9.00        27.51
      4102  2M21383363+4230539       45.99        1.25         6.00         0.76
      4102  2M21383784+4239441       32.16        1.04        10.00         0.81
      4102  2M21383835+4305065       30.50        0.66         6.00         0.60
      4102  2M21384009+4200346        5.31      176.93       130.00        44.82
      4102  2M21384117+4227381       61.72        0.28         4.00         0.25
      4102  2M21384132+4224231       38.23        2.37         5.00         1.85
      4102  2M21384276+4344017       46.84        1.48         6.00         0.84
      4102  2M21384333+4237453       62.12        0.89         6.00         0.66
      4102  2M21384347+4315118       68.40        0.72         6.00         0.41
      4102  2M21384410+4123104       74.42        0.50         6.00         0.37
      4102  2M21384735+4236489       58.30        0.15         4.00         0.13
      4102  2M21384798+4218581       19.45       13.72         6.00         3.45
      4102  2M21385097+4145162        3.61      162.04       132.00        73.10
      4102  2M21385132+4131589       35.79        0.25         4.00         0.21
      4102  2M21385399+4304016       14.61       14.62        11.00         3.82
      4102  2M21385416+4152471       47.43        1.31         5.00         0.81
      4102  2M21385435+4240398       48.64        1.09         6.00         0.95
      4102  2M21385462+4234131       47.79        2.18         6.00         1.09
      4102  2M21385492+4216021       46.08        1.51         6.00         1.39
      4102  2M21385623+4127057       41.86        0.77         6.00         0.49
      4102  2M21385676+4133020       35.74        2.07         6.00         1.78
      4102  2M21385776+4320369       26.60       11.22        12.00         6.00
      4102  2M21385917+4313544       82.83        0.96         4.00         0.47
      4102  2M21385943+4256542       34.43        2.66         6.00         1.42
      4102  2M21390093+4226210       23.33        1.25         5.00         1.04
      4102  2M21390170+4227499       33.09        2.18         4.00         1.22
      4102  2M21390287+4253058       46.73        0.77         6.00         0.64
      4102  2M21390426+4142050       37.23        3.83         6.00         1.65
      4102  2M21390633+4204060       41.58        0.20         4.00         0.16
      4102  2M21390693+4309248       17.86       11.83         6.00         5.68
      4102  2M21390833+4137185       32.63        2.91         6.00         2.24
      4102  2M21391072+4344413       38.55        0.62         5.00         0.42
      4102  2M21391140+4126037        3.81      188.48        42.00        41.02
      4102  2M21391206+4205579       31.17        0.46         4.00         0.40
      4102  2M21391231+4333236       46.64        0.39         5.00         0.29
      4102  2M21391399+4213488       39.40        1.31         6.00         1.04
      4102  2M21391427+4314196       68.24        0.34         4.00         0.22
      4102  2M21391500+4330480       68.16        0.39         4.00         0.26
      4102  2M21391521+4224251        5.99      221.73       130.00       108.09
      4102  2M21391945+4222568        8.23       68.30         7.00        32.35
      4102  2M21392176+4310477       58.10        0.27         4.00         0.22
      4102  2M21392374+4151551       36.71        1.44         8.00         0.99
      4102  2M21392380+4206033       39.98        2.98         6.00         1.94
      4102  2M21392408+4215112       37.68        0.79         5.00         0.56
      4102  2M21392657+4304081       30.37        1.89         6.00         1.22
      4102  2M21392733+4248018       59.77        1.53         6.00         1.43
      4102  2M21392751+4233096        1.44      217.36       127.00       142.30
      4102  2M21393078+4332396       44.88        0.54         6.00         0.43
      4102  2M21393102+4328503       40.47        1.05         6.00         0.79
      4102  2M21393159+4149295       51.87        1.89         6.00         1.53
      4102  2M21393241+4245136       50.20        1.77         6.00         1.40
      4102  2M21393250+4159415       53.19        0.25         4.00         0.21
      4102  2M21393250+4304310       41.14        1.22         6.00         0.96
      4102  2M21393391+4243325       66.67        0.25         4.00         0.15
      4102  2M21393430+4257340       41.79        1.45         5.00         1.06
      4102  2M21393558+4308392       52.41        0.36         4.00         0.24
      4102  2M21393631+4252352       84.50        0.43         6.00         0.35
      4102  2M21393843+4305183       76.94        0.23         4.00         0.19
      4102  2M21394081+4215237       46.53        0.80         4.00         0.64
      4102  2M21394139+4301382       20.05        3.88         5.00         2.18
      4102  2M21394382+4230249       33.85        1.79         6.00         1.13
      4102  2M21394731+4249041        7.75       30.50        20.00        16.78
      4102  2M21394831+4135301        4.38      241.20       100.00        69.53
      4102  2M21394863+4213047       11.13      121.40        10.00        35.98
      4102  2M21394933+4143241       18.20       20.16         9.00         7.35
      4102  2M21395049+4118427       47.37        2.55         6.00         1.57
      4102  2M21395289+4329165       35.77        1.13         6.00         0.83
      4102  2M21395398+4128278       56.27        0.33         4.00         0.30
      4102  2M21395428+4157218        5.53      161.76       131.00        58.26
      4102  2M21395460+4302522       51.10        1.13         6.00         0.82
      4102  2M21395698+4229226       40.11        0.84         4.00         0.68
      4102  2M21400016+4346439       42.46        0.46         6.00         0.34
      4102  2M21400210+4303469       58.30        0.24         6.00         0.21
      4102  2M21400287+4123289       35.60        2.61         6.00         1.74
      4102  2M21400296+4155189       31.04        8.02        12.00         5.57
      4102  2M21400479+4243589       25.67        2.89         6.00         1.38
      4102  2M21400553+4236182       14.62       16.58         6.00         7.41
      4102  2M21400599+4127400       22.48        1.73         6.00         1.24
      4102  2M21400925+4239387       22.42        1.63         9.00         1.11
      4102  2M21401174+4324055       19.81        2.21         8.00         1.07
      4102  2M21401182+4313469       18.30        2.83         6.00         1.34
      4102  2M21401271+4236116       66.31        0.40         4.00         0.29
      4102  2M21401276+4333574       44.52        2.03         6.00         1.73
      4102  2M21401415+4133078       40.25        0.97         6.00         0.56
      4102  2M21401576+4257046       51.76        0.48         4.00         0.26
      4102  2M21401703+4251233       31.74        1.23         6.00         0.76
      4102  2M21401709+4141599       66.45        0.23         4.00         0.19
      4102  2M21401713+4343313       32.15        1.39         6.00         0.89
      4102  2M21401882+4350520       15.31       41.27         8.00        12.22
      4102  2M21402073+4301517       61.60        0.19         4.00         0.17
      4102  2M21402075+4154381       57.81        1.37         6.00         0.66
      4102  2M21402171+4201159       71.59        0.55         4.00         0.38
      4102  2M21402310+4129422       69.53        0.25         4.00         0.15
      4102  2M21402417+4334403       40.84        0.71         5.00         0.53
      4102  2M21402497+4258082       68.28        0.51         6.00         0.36
      4102  2M21402533+4124090       39.48        0.86         6.00         0.59
      4102  2M21402665+4320213       69.93        0.22         4.00         0.19
      4102  2M21402761+4121125       26.47        3.26         4.00         1.85
      4102  2M21402794+4247533       34.10        0.54         6.00         0.41
      4102  2M21402960+4326586        2.37      215.25       131.00       174.74
      4102  2M21403106+4346088       33.29        1.78         6.00         1.02
      4102  2M21403187+4335578       26.06        2.27         6.00         1.36
      4102  2M21403215+4317409       30.04        0.76         8.00         0.54
      4102  2M21403217+4256305       31.35        3.35         6.00         1.89
      4102  2M21403256+4228592       40.15        0.82         4.00         0.58
      4102  2M21403278+4308343       43.98        0.52         4.00         0.43
      4102  2M21403283+4150254       36.77        1.48         6.00         0.95
      4102  2M21403292+4331181       64.86        0.73         6.00         0.54
      4102  2M21403346+4352118       22.04        7.91         8.00         2.35
      4102  2M21403661+4141307       24.83        1.37         6.00         1.04
      4102  2M21403829+4311599       43.30        0.92         6.00         0.48
      4102  2M21403888+4328546       51.96        0.51         6.00         0.30
      4102  2M21403900+4326130       15.00       32.98        13.00         9.79
      4102  2M21403920+4240396       34.62        1.57         4.00         0.87
      4102  2M21403941+4347076       40.40        0.51         5.00         0.33
      4102  2M21404054+4224559       21.24        4.34         6.00         2.60
      4102  2M21404184+4252520       54.29        0.61         6.00         0.58
      4102  2M21404191+4339571       70.86        0.90         4.00         0.70
      4102  2M21404765+4113110       16.33       28.18         6.00         6.26
      4102  2M21404765+4344028       55.94        1.41         6.00         1.01
      4102  2M21404865+4135591       30.47        1.78         6.00         1.11
      4102  2M21405000+4340584       26.50        2.54         6.00         1.47
      4102  2M21405150+4317466       33.87        0.78         6.00         0.46
      4102  2M21405231+4157513       61.82        0.17         4.00         0.13
      4102  2M21405287+4310327       28.90        2.88         6.00         1.38
      4102  2M21405308+4332460       43.33        1.83         6.00         1.09
      4102  2M21405339+4356094       52.25        0.93         6.00         0.56
      4102  2M21405419+4244263       31.25        2.10         6.00         1.40
      4102  2M21405472+4324113       25.86        3.28         6.00         1.81
      4102  2M21405493+4300253        7.17      147.82       131.00        63.00
      4102  2M21405641+4345101       67.86        0.20         6.00         0.18
      4102  2M21405728+4210064       26.26        0.74         6.00         0.61
      4102  2M21405859+4211033       24.01        0.93         4.00         0.61
      4102  2M21410905+4125335       45.96        1.77         6.00         1.26
      4102  2M21410922+4111268       50.24        0.42         4.00         0.27
      4102  2M21410943+4313500       45.42        0.76         6.00         0.63
      4102  2M21411101+4323467       21.10        7.99         6.00         2.11
      4102  2M21411200+4116478        9.74      120.67       131.00        60.29
      4102  2M21411275+4311594       69.02        0.73         6.00         0.62
      4102  2M21411369+4343241       33.55        1.67         6.00         1.11
      4102  2M21411413+4239028        3.28       92.94       136.00        49.31
      4102  2M21411727+4312585       53.15        0.21         4.00         0.19
      4102  2M21411737+4207372       32.02        1.15         6.00         0.92
      4102  2M21411813+4314066       54.45        0.41         6.00         0.31
      4102  2M21411869+4152216       46.74        0.76         4.00         0.40
      4102  2M21411875+4126333       58.53        0.24         4.00         0.21
      4102  2M21411889+4344318       60.31        0.28         4.00         0.21
      4102  2M21412031+4301012       58.76        0.35         6.00         0.30
      4102  2M21412125+4129567       50.74        0.23         4.00         0.19
      4102  2M21412388+4311245       28.84        1.44         6.00         0.93
      4102  2M21412395+4226042       56.34        0.78         6.00         0.69
      4102  2M21412433+4250052       27.38        2.07         6.00         0.86
      4102  2M21412444+4126206       70.14        0.67         4.00         0.54
      4102  2M21412476+4247494       52.57        0.41         4.00         0.29
      4102  2M21412488+4318520       44.39        1.63         6.00         1.15
      4102  2M21412491+4221166       26.53        1.04         6.00         0.55
      4102  2M21412511+4336173       65.49        0.36         4.00         0.35
      4102  2M21412783+4258013       26.65        1.97         6.00         1.16
      4102  2M21412810+4320528       44.05        0.54         5.00         0.35
      4102  2M21412860+4152460        9.48       19.46        24.00        12.53
      4102  2M21412913+4319144       23.05        4.20         6.00         2.50
      4102  2M21412917+4148580       50.71        0.36         4.00         0.29
      4102  2M21412945+4239443       41.15        0.31         4.00         0.28
      4102  2M21413013+4234314       43.17        0.54         4.00         0.34
      4102  2M21413073+4338111       31.83        3.30         6.00         1.62
      4102  2M21413235+4111286       23.81        3.25         8.00         1.89
      4102  2M21413457+4356180       21.97        2.56        10.00         1.65
      4102  2M21413503+4353306       56.63        0.39         4.00         0.23
      4102  2M21413591+4107049       62.52        0.23         4.00         0.17
      4102  2M21413637+4201258       40.22        2.32         6.00         1.49
      4102  2M21413669+4336432       32.24        1.14         6.00         0.86
      4102  2M21413889+4140448       45.54        1.73         5.00         0.74
      4102  2M21413909+4215451       24.51        1.27         4.00         0.78
      4102  2M21413918+4344222       25.93        9.46        13.00         6.08
      4102  2M21414146+4357534       42.22        1.05         6.00         0.81
      4102  2M21414248+4328176       65.20        0.55         4.00         0.40
      4102  2M21414250+4228277       64.51        0.27         4.00         0.20
      4102  2M21414299+4217583       34.31        0.51         6.00         0.34
      4102  2M21414413+4359150       10.09      122.30       131.00        78.04
      4102  2M21414448+4201027       62.09        0.51         4.00         0.26
      4102  2M21414458+4232014       32.35        3.72         5.00         1.84
      4102  2M21414462+4135204       51.60        0.20         4.00         0.18
      4102  2M21414554+4308532       58.94        0.26         4.00         0.18
      4102  2M21414786+4159380       63.58        0.87         6.00         0.45
      4102  2M21414856+4314507       58.84        0.28         4.00         0.24
      4102  2M21414902+4151528       82.58        0.56         6.00         0.43
      4102  2M21415010+4332110       43.66        1.41        10.00         0.93
      4102  2M21415125+4342389        9.09       41.14         7.00         9.79
      4102  2M21415412+4317289       38.25        2.14         6.00         1.25
      4102  2M21415523+4225367       42.09        0.40         4.00         0.27
      4102  2M21415603+4130066       27.53        2.64         6.00         1.06
      4102  2M21415621+4143430       42.89        1.71         6.00         1.26
      4102  2M21415678+4306484       15.40       19.38         8.00         7.04
      4102  2M21415771+4228497       73.44        0.36         4.00         0.25
      4102  2M21415801+4208133       56.44        0.55         6.00         0.43
      4102  2M21420150+4232246       33.23        2.63         6.00         1.46
      4102  2M21420198+4354329       63.61        0.99         6.00         0.53
      4102  2M21420209+4112201       48.66        0.76         5.00         0.50
      4102  2M21420481+4134474       21.28        3.82         6.00         1.76
      4102  2M21420489+4224217       67.87        1.00         6.00         0.86
      4102  2M21420492+4246346       54.87        1.22         6.00         0.85
      4102  2M21420560+4330488       40.57        0.80         5.00         0.66
      4102  2M21420575+4303188       57.43        0.51         4.00         0.39
      4102  2M21420597+4312045       63.17        0.30         4.00         0.24
      4102  2M21420650+4118146       51.85        0.95         5.00         0.53
      4102  2M21420788+4109513       56.93        0.50         4.00         0.37
      4102  2M21420922+4216417       17.65       33.40         6.00         8.63
      4102  2M21420997+4227344       24.31        2.24         6.00         0.78
      4102  2M21420998+4331498       46.93        0.70         5.00         0.37
      4102  2M21421027+4357203       40.43        0.76        10.00         0.65
      4102  2M21421060+4355263       34.59        1.39         6.00         0.79
      4102  2M21421307+4111261       33.95        2.42         6.00         0.79
      4102  2M21421495+4119166       28.13        9.28        10.00         4.03
      4102  2M21421499+4257439       32.63        0.97         6.00         0.59
      4102  2M21421509+4252357       32.01        1.48         5.00         0.64
      4102  2M21421595+4159023       68.62        0.16         4.00         0.11
      4102  2M21421684+4137118       31.70        0.70         4.00         0.41
      4102  2M21421957+4213373       58.28        0.33         4.00         0.23
      4102  2M21422120+4113159       26.04        2.93         8.00         1.50
      4102  2M21422180+4119475       42.79        0.95         4.00         0.46
      4102  2M21422421+4255139       60.55        0.21         6.00         0.18
      4102  2M21422545+4220176       68.25        0.21         4.00         0.18
      4102  2M21422552+4337404       54.02        0.61         6.00         0.35
      4102  2M21422592+4348341       34.67        2.02         6.00         1.09
      4102  2M21423008+4331176       41.84        0.59         6.00         0.37
      4102  2M21423029+4338116       31.39        0.95         6.00         0.71
      4102  2M21423036+4326410       52.98        0.39         6.00         0.32
      4102  2M21423258+4303153       11.16       56.44        12.00        26.09
      4102  2M21423410+4220256        2.00      256.88       126.00       222.43
      4102  2M21423416+4226266        8.48      122.96       130.00        68.79
      4102  2M21423499+4340182       49.22        0.39         4.00         0.28
      4102  2M21423518+4217247       41.25        0.48         6.00         0.30
      4102  2M21423576+4135487       64.34        0.66         4.00         0.36
      4102  2M21423613+4341044       57.70        0.30         4.00         0.21
      4102  2M21423713+4317255       56.68        0.36         5.00         0.32
      4102  2M21423813+4317002       35.66        1.39         6.00         1.03
      4102  2M21423824+4318250       63.07        0.47         6.00         0.37
      4102  2M21423878+4351506       35.10        2.02         6.00         1.27
      4102  2M21423881+4348215       30.94        1.37         6.00         0.83
      4102  2M21424177+4132110       20.79        3.28         6.00         1.73
      4102  2M21424191+4305462       47.59        0.74         6.00         0.39
      4102  2M21424265+4239096       16.09        9.88         6.00         2.29
      4102  2M21424430+4138008        8.27       33.81        31.00        17.71
      4102  2M21424542+4317412       35.55        2.78         6.00         0.82
      4102  2M21424559+4217032       17.33       22.28         6.00        11.75
      4102  2M21424601+4251422       15.23        5.42         6.00         2.53
      4102  2M21424657+4248311       67.92        1.21         6.00         0.87
      4102  2M21424717+4158322       69.35        0.48         6.00         0.33
      4102  2M21424870+4128028       56.67        1.35         6.00         1.29
      4102  2M21425012+4348456        6.96       74.87       117.00        47.45
      4102  2M21425188+4343488       50.61        0.95         6.00         0.48
      4102  2M21425446+4324435       63.91        0.52         6.00         0.37
      4102  2M21425504+4110187       67.68        0.24         4.00         0.19
      4102  2M21425643+4111565       60.38        0.16         4.00         0.13
      4102  2M21425821+4339430       65.58        0.81         4.00         0.42
      4102  2M21430215+4209537       42.30        0.96         4.00         0.57
      4102  2M21430222+4352196       49.32        0.99         6.00         0.92
      4102  2M21430231+4158535       40.83        1.13         6.00         0.96
      4102  2M21430247+4129274       39.36        0.86         5.00         0.50
      4102  2M21430261+4345038       44.43        0.29         6.00         0.23
      4102  2M21430545+4154482       61.44        1.28         6.00         0.77
      4102  2M21430548+4200530        1.85      241.13       124.00       107.34
      4102  2M21430714+4118569       53.19        0.42         4.00         0.34
      4102  2M21430884+4341022       48.28        0.43         6.00         0.35
      4102  2M21430923+4158354       36.67        0.21         4.00         0.19
      4102  2M21430986+4128215       27.92        2.29         5.00         1.04
      4102  2M21431071+4147259       49.01        0.64         4.00         0.35
      4102  2M21431182+4208292       47.74        0.77         4.00         0.44
      4102  2M21431219+4323167       59.45        0.53         4.00         0.32
      4102  2M21431225+4333267       25.85        6.35        14.00         4.21
      4102  2M21431317+4238483       51.79        0.42         6.00         0.30
      4102  2M21431353+4310185       70.87        0.29         6.00         0.21
      4102  2M21431370+4158010       66.77        0.35         4.00         0.25
      4102  2M21431371+4321162       21.24        5.80         6.00         1.64
      4102  2M21431465+4254394       41.41        0.41         4.00         0.30
      4102  2M21431574+4202361       15.65       20.97         6.00         5.12
      4102  2M21431592+4118433       27.16        3.05         6.00         1.89
      4102  2M21431757+4338124       47.00        0.75         5.00         0.54
      4102  2M21431948+4237450       37.15        2.00         6.00         1.40
      4102  2M21431972+4210339       56.67        0.41         4.00         0.29
      4102  2M21432142+4341213       50.58        0.87         5.00         0.50
      4102  2M21432172+4151293        2.32      219.27       123.00       135.10
      4102  2M21432202+4107550       48.78        0.57         4.00         0.27
      4102  2M21432229+4136323        6.72       75.67       130.00        39.40
      4102  2M21432292+4302137       53.67        0.72         6.00         0.56
      4102  2M21432303+4346008       38.35        0.92         6.00         0.63
      4102  2M21432388+4209512       56.54        1.19         6.00         0.83
      4102  2M21432408+4159207       30.28        1.98        12.00         1.52
      4102  2M21432462+4342223       31.10        1.81         6.00         0.84
      4102  2M21432565+4324437       56.53        2.40         6.00         1.48
      4102  2M21432706+4255142       48.51        2.45         6.00         1.39
      4102  2M21432746+4146304       36.60        2.43         6.00         1.99
      4102  2M21432773+4358482       50.49        0.52         6.00         0.40
      4102  2M21432939+4116338       17.10       22.85         7.00        12.29
      4102  2M21432993+4316180       35.33        1.40         6.00         0.98
      4102  2M21433221+4203262       42.36        0.83         6.00         0.49
      4102  2M21433225+4204467       54.84        0.69         4.00         0.33
      4102  2M21433279+4143514       29.41        1.52         5.00         0.93
      4102  2M21433320+4219210       43.34        0.90         6.00         0.67
      4102  2M21433442+4326486       47.77        0.45         6.00         0.29
      4102  2M21433458+4336233       68.08        0.84        10.00         0.53
      4102  2M21433549+4137459       54.54        0.50         4.00         0.43
      4102  2M21433590+4338245       34.97        1.85         6.00         0.85
      4102  2M21433865+4356193       53.11        1.66         6.00         1.36
      4102  2M21433915+4258434       28.45        1.99         6.00         1.24
      4102  2M21434028+4325012       43.19        0.66         6.00         0.45
      4102  2M21434213+4249216       60.94        0.27         4.00         0.22
      4102  2M21434334+4311364       33.87        1.78         6.00         1.08
      4102  2M21434357+4152229       72.03        0.83         4.00         0.41
      4102  2M21434404+4134127       50.49        0.35         5.00         0.26
      4102  2M21434423+4400370        3.43      177.28       131.00        67.35
      4102  2M21434429+4323427        5.41       88.50       116.00        36.86
      4102  2M21434538+4252266       36.22        3.82         6.00         2.48
      4102  2M21434810+4304115       34.26        1.97         6.00         0.92
      4102  2M21434962+4213009       29.28        2.01         6.00         1.52
      4102  2M21435008+4119333       63.86        0.23         6.00         0.21
      4102  2M21435102+4348148       40.42        0.64         6.00         0.34
      4102  2M21435294+4345433       14.57       22.20        16.00         9.42
      4102  2M21435492+4217292       26.57        4.34         5.00         2.07
      4102  2M21435586+4316481       59.19        0.39         4.00         0.29
      4102  2M21435605+4248083       49.55        0.92         6.00         0.71
      4102  2M21440088+4154446        2.85      216.11       139.00       140.92
      4102  2M21440139+4306349       63.17        1.30         6.00         0.56
      4102  2M21440177+4344480       35.27        1.08         5.00         0.58
      4102  2M21440228+4334478       43.77        0.33         4.00         0.24
      4102  2M21440283+4201298       14.48        3.34         5.00         1.22
      4102  2M21440414+4337271       64.47        0.49         4.00         0.42
      4102  2M21440467+4108067       43.69        0.66         6.00         0.39
      4102  2M21440667+4215573       23.63        4.16        10.00         2.31
      4102  2M21440714+4204042       43.03        0.20         4.00         0.16
      4102  2M21440731+4338330       21.67        7.91        10.00         2.75
      4102  2M21440767+4306480       62.36        0.63         6.00         0.34
      4102  2M21440792+4307010       42.44        0.41         6.00         0.27
      4102  2M21440921+4354126       52.56        0.47         6.00         0.36
      4102  2M21441040+4217542       34.67        0.39         6.00         0.37
      4102  2M21441452+4205367        7.39       98.48        11.00        27.10
      4102  2M21441604+4245335       44.52        0.92         5.00         0.45
      4102  2M21441624+4401319       43.66        2.48         6.00         1.83
      4102  2M21441864+4329520       27.19        2.12         6.00         1.22
      4102  2M21441916+4154209       66.97        0.89         4.00         0.59
      4102  2M21442060+4302339       53.26        0.67         6.00         0.43
      4102  2M21442066+4211363        4.90       29.18        37.00        18.03
      4102  2M21442089+4339302       28.28        3.70         6.00         1.48
      4102  2M21442136+4312587       14.40       15.10        13.00         2.91
      4102  2M21442271+4219296       57.37        1.25         6.00         0.85
      4102  2M21442349+4316194       39.95        1.41         6.00         0.73
      4102  2M21442359+4306131       30.77        2.76         6.00         1.21
      4102  2M21442405+4130494       31.85        1.43         6.00         1.19
      4102  2M21442685+4215043       25.56        1.16         6.00         0.80
      4102  2M21442722+4213068       39.61        0.72         4.00         0.60
      4102  2M21443030+4253545       31.61        1.20         6.00         0.76
      4102  2M21443397+4239115       65.29        0.37         5.00         0.34
      4102  2M21443610+4122132       34.71        0.61         5.00         0.32
      4102  2M21443691+4337415       66.84        0.48         6.00         0.35
      4102  2M21443896+4155263       38.86        1.02         6.00         0.76
      4102  2M21443924+4114575       63.37        0.15         4.00         0.11
      4102  2M21443963+4307030       32.43        2.21         9.00         0.87
      4102  2M21444039+4137284       51.11        0.91         5.00         0.45
      4102  2M21444039+4252028       38.39        1.32         6.00         1.06
      4102  2M21444240+4223373       41.99        0.65         4.00         0.50
      4102  2M21444344+4309082       31.80        2.03         8.00         1.12
      4102  2M21444465+4345462        7.42       58.26       130.00        36.66
      4102  2M21444495+4304474       49.53        0.97         6.00         0.58
      4102  2M21444567+4320273       46.43        0.39         4.00         0.23
      4102  2M21444621+4324160       41.55        1.12         6.00         0.53
      4102  2M21444757+4154163       18.07        6.75         6.00         2.12
      4102  2M21444774+4229041       32.07        2.28         6.00         1.12
      4102  2M21444850+4144068       81.78        0.28         4.00         0.21
      4102  2M21444901+4323278       34.05        2.13         6.00         0.95
      4102  2M21444979+4318204       33.83        2.33        12.00         1.92
      4102  2M21445087+4400171       31.95        1.02         6.00         0.68
      4102  2M21445149+4135144       28.20        0.87         6.00         0.67
      4102  2M21445160+4143486       37.32        1.24         6.00         0.66
      4102  2M21445208+4400521       44.62        0.51         5.00         0.35
      4102  2M21445259+4126324       47.27        0.76         5.00         0.49
      4102  2M21445320+4323193       43.96        0.77         6.00         0.58
      4102  2M21445735+4225445       39.53        0.19         4.00         0.13
      4102  2M21450210+4400437       54.96        1.85         6.00         1.22
      4102  2M21450308+4210479       43.33        0.36         6.00         0.28
      4102  2M21450698+4301015       55.10        2.37         6.00         1.18
      4102  2M21450983+4342345       32.03        1.12         6.00         1.09
      4102  2M21451194+4150182       38.54        0.94         5.00         0.52
      4102  2M21451241+4225454       10.89       11.20        12.00         4.99
      4102  2M21451241+4308570       58.23        0.65         5.00         0.59
      4102  2M21451274+4305367       42.34        1.08         6.00         0.64
      4102  2M21451297+4327061       36.05        2.21         6.00         1.02
      4102  2M21451301+4235005       70.47        0.53         4.00         0.33
      4102  2M21451353+4331593       66.66        0.39         4.00         0.25
      4102  2M21451397+4319554        6.58       61.13       131.00        43.47
      4102  2M21451494+4300019       39.84        0.91         6.00         0.66
      4102  2M21451509+4252090       47.52        0.25         6.00         0.15
      4102  2M21451631+4342178       53.77        0.51         6.00         0.42
      4102  2M21451924+4113469       45.16        0.23         6.00         0.17
      4102  2M21451978+4309005       28.78        1.67         6.00         1.03
      4102  2M21452074+4131278       16.28        2.80         6.00         1.63
      4102  2M21452148+4140191       61.75        0.19         4.00         0.17
      4102  2M21452208+4119247       31.59        1.48         7.00         1.19
      4102  2M21452367+4334324       41.74        2.35         6.00         1.03
      4102  2M21452516+4152400       24.12        2.54         6.00         1.26
      4102  2M21452543+4253131       76.51        0.69         6.00         0.36
      4102  2M21452669+4341082       33.73        1.40         6.00         1.10
      4102  2M21452675+4335149       52.86        0.34         4.00         0.23
      4102  2M21452689+4315483       77.24        1.14         6.00         0.64
      4102  2M21452727+4317000       60.45        0.56         4.00         0.30
      4102  2M21452734+4207105       39.92        2.61         6.00         1.30
      4102  2M21452743+4212297       36.96        0.66         4.00         0.39
      4102  2M21452797+4242582       19.99        2.76         6.00         1.47
      4102  2M21452953+4112170       19.72        2.45        10.00         1.74
      4102  2M21453194+4325321       56.71        1.14         6.00         0.82
      4102  2M21453219+4343412       47.44        2.04         6.00         1.47
      4102  2M21453226+4204319       12.62        9.92         6.00         2.09
      4102  2M21453261+4253140       47.80        0.55         4.00         0.42
      4102  2M21453298+4257100       55.53        0.17         6.00         0.16
      4102  2M21453410+4307533       61.01        0.37         4.00         0.30
      4102  2M21453573+4254562       34.24        1.25         5.00         0.81
      4102  2M21453583+4135210       67.81        1.21         4.00         0.62
      4102  2M21453587+4130103       48.96        0.89         5.00         0.58
      4102  2M21453689+4226375       11.84       64.64         6.00         8.18
      4102  2M21454079+4124388        3.06       98.61       135.00        63.15
      4102  2M21454093+4157106       39.75        1.21         5.00         0.69
      4102  2M21454301+4247497       39.51        1.07         6.00         0.52
      4102  2M21454383+4329469       89.77        0.45         4.00         0.30
      4102  2M21454930+4310175       60.40        0.47         6.00         0.34
      4102  2M21454937+4320310       54.77        0.40         6.00         0.27
      4102  2M21455240+4238255       54.31        0.87         6.00         0.52
      4102  2M21455252+4220522       47.22        1.57         5.00         0.83
      4102  2M21455474+4328133       66.01        0.28         4.00         0.22
      4102  2M21455785+4137440       72.57        0.71         6.00         0.53
      4102  2M21455846+4318101       35.61        1.77         6.00         1.00
      4102  2M21455903+4117584       15.49       14.99         7.00         4.72
      4102  2M21455910+4337591        2.65      210.81       138.00       114.53
      4102  2M21455917+4126547       22.23        6.83         6.00         1.74
      4102  2M21460462+4336291       44.34        1.66         6.00         0.83
      4102  2M21460582+4238424       85.14        0.29         4.00         0.22
      4102  2M21460721+4208571       60.19        0.28         4.00         0.19
      4102  2M21461578+4150470       51.27        0.39         4.00         0.25
      4102  2M21461656+4135142       41.89        1.17         6.00         0.75
      4102  2M21461789+4311461       40.67        1.21         6.00         0.77
      4102  2M21461792+4156392       21.38        2.55        11.00         1.60
      4102  2M21461846+4309022       51.03        2.41         6.00         1.40
      4102  2M21461925+4113344       42.13        0.65         4.00         0.49
      4102  2M21462021+4226307       28.17        1.89         6.00         0.75
      4102  2M21462131+4154365       25.25        4.28         5.00         1.41
      4102  2M21462152+4319200       26.18        1.97         6.00         0.80
      4102  2M21462177+4141442       35.97        2.27         6.00         1.35
      4102  2M21462254+4159021        2.72      221.52       136.00        94.36
      4102  2M21462505+4316347       33.54        0.48         6.00         0.42
      4102  2M21462576+4200418       25.87        1.51         6.00         0.93
      4102  2M21462687+4240356       52.14        0.55         4.00         0.46
      4102  2M21462793+4336381       60.45        1.16         6.00         1.01
      4102  2M21463374+4341277       35.14        1.56         6.00         1.09
      4102  2M21463523+4335367       56.60        0.27         6.00         0.21
      4102  2M21463586+4321338       59.14        0.94         5.00         0.52
      4102  2M21463799+4337256       47.72        1.15         6.00         0.52
      4102  2M21463845+4259173       43.00        0.40         6.00         0.37
      4102  2M21464370+4140044       34.91        2.18         6.00         1.79
      4102  2M21464416+4219374       24.18       12.60         6.00         4.54
      4102  2M21464618+4141508       41.28        0.77         4.00         0.37
      4102  2M21464789+4310298       31.26        1.90         6.00         1.24
      4102  2M21464856+4250016       46.28        0.47         6.00         0.28
      4102  2M21464939+4350172       48.38        0.29         4.00         0.19
      4102  2M21464954+4339220       38.56        0.84         6.00         0.64
      4102  2M21465090+4345497       42.22        0.89         6.00         0.62
      4102  2M21465223+4247248       32.09       14.97        14.00         5.50
      4102  2M21465225+4216104       56.01        0.81         6.00         0.42
      4102  2M21465299+4214575       55.48        0.18         4.00         0.15
      4102  2M21465345+4228321        5.88      134.55       131.00        57.30
      4102  2M21465548+4125143       53.00        0.49         4.00         0.36
      4102  2M21465665+4111586       39.83        5.22         6.00         3.44
      4102  2M21465938+4315521       74.74        1.23         6.00         0.91
      4102  2M21470032+4345532       41.59        1.85         6.00         0.76
      4102  2M21470109+4327423       35.55        0.33         4.00         0.26
      4102  2M21470362+4330122       30.08        3.26         6.00         2.12
      4102  2M21470375+4247467       35.92        1.28         6.00         0.91
      4102  2M21470424+4218399       38.86        0.83         8.00         0.64
      4102  2M21470425+4124518       48.49        0.38         6.00         0.27
      4102  2M21470460+4153181       23.86        1.88         6.00         1.18
      4102  2M21470551+4315185       19.28        3.64         8.00         1.76
      4102  2M21470560+4329570       29.30        1.42         6.00         0.86
      4102  2M21470613+4147380       59.06        0.28         4.00         0.24
      4102  2M21470727+4326368       29.23        3.27         8.00         1.39
      4102  2M21470888+4246475       29.76        1.59         6.00         0.84
      4102  2M21471084+4213324       77.51        0.74         5.00         0.40
      4102  2M21471199+4319506        5.04       94.83       132.00        29.27
      4102  2M21471280+4201040        4.40      219.38       127.00       196.13
      4102  2M21471633+4203379       28.32        2.65        10.00         2.55
      4102  2M21471647+4322555       27.06        3.38        10.00         1.74
      4102  2M21471901+4142174       67.01        0.64         4.00         0.50
      4102  2M21472060+4336563       30.81        3.70         6.00         1.49
      4102  2M21472296+4302314       42.10        1.69         5.00         0.98
      4102  2M21472483+4308307       57.54        0.33         4.00         0.25
      4102  2M21472551+4119081       15.90       25.07         6.00         7.12
      4102  2M21472593+4120328       50.32        0.50         4.00         0.28
      4102  2M21472662+4128174       46.37        0.49         6.00         0.32
      4102  2M21472672+4316008       62.79        0.34         4.00         0.31
      4102  2M21472714+4256464       58.00        0.29         6.00         0.23
      4102  2M21472884+4343014       33.26        1.85        10.00         1.36
      4102  2M21472917+4228492       29.17        3.68        10.00         2.42
      4102  2M21472933+4147468       31.59        1.30         6.00         1.14
      4102  2M21473131+4325089       55.45        0.56         4.00         0.45
      4102  2M21473190+4158125       70.83        0.20         4.00         0.19
      4102  2M21473454+4237581       39.12        1.55         6.00         0.66
      4102  2M21474017+4336066       37.39        0.36         6.00         0.31
      4102  2M21474260+4332000       46.76        0.88         6.00         0.52
      4102  2M21474843+4131004       71.48        0.26         4.00         0.19
      4102  2M21474858+4258266       45.00        0.89         8.00         0.44
      4102  2M21474886+4137365       24.94        1.95         6.00         1.35
      4102  2M21474917+4313497       16.08        2.79         8.00         1.65
      4102  2M21475089+4207404       58.31        0.24         4.00         0.18
      4102  2M21475156+4131301       60.22        1.71         6.00         1.48
      4102  2M21475241+4150176       11.92      108.13        13.00        26.33
      4102  2M21475347+4118520       57.33        0.39         4.00         0.24
      4102  2M21475449+4328073       39.58        0.71         6.00         0.55
      4102  2M21475593+4230053       63.21        2.18         6.00         1.60
      4102  2M21475644+4240219       34.04        3.53         5.00         1.80
      4102  2M21475778+4251045       31.03        2.36        11.00         1.30
      4102  2M21480156+4146317        2.49      187.74       139.00       129.24
      4102  2M21480305+4155373       19.56        6.61         6.00         2.46
      4102  2M21480359+4151101       59.80        0.21         4.00         0.18
      4102  2M21480830+4121355       52.75        0.43         4.00         0.35
      4102  2M21480963+4126449        8.11       23.15        29.00        15.03
      4102  2M21481267+4310195       30.95        0.92         6.00         0.46
      4102  2M21481452+4141320       30.63        2.75         6.00         1.17
      4102  2M21481600+4308030       31.16        1.46         6.00         0.65
      4102  2M21481846+4131513       27.14        1.44         6.00         0.93
      4102  2M21481948+4217428       37.83        0.96         6.00         0.50
      4102  2M21482309+4146353       23.45        6.92         6.00         3.08
      4102  2M21482361+4212500       29.94        2.21         5.00         1.47
      4102  2M21482400+4149350       71.73        0.28         4.00         0.22
      4102  2M21482698+4222121       40.53        2.54         6.00         1.44
      4102  2M21482741+4252154       57.66        0.50         4.00         0.46
      4102  2M21482923+4307053       18.95       40.66         6.00         6.45
      4102  2M21483151+4319276       47.08        0.34         4.00         0.25
      4102  2M21483453+4230317       28.92        1.33        10.00         0.93
      4102  2M21483482+4150334       57.57        0.34         4.00         0.23
      4102  2M21483992+4246489       32.05        1.24         6.00         0.81
      4102  2M21484179+4135270       46.59        1.05         5.00         0.62
      4102  2M21484191+4331223       41.86        1.75         6.00         0.64
      4102  2M21484283+4249427       62.32        0.95         6.00         0.47
      4102  2M21484554+4249225       49.95        0.30         4.00         0.24
      4102  2M21484632+4313536       36.10        1.33         6.00         0.94
      4102  2M21484854+4238057       53.65        2.05         5.00         1.07
      4102  2M21484924+4150385       65.73        0.38         4.00         0.25
      4102  2M21485046+4340364       54.41        0.60         4.00         0.35
      4102  2M21485201+4253088       43.16        0.63         6.00         0.51
      4102  2M21485409+4141038       30.61        1.25         5.00         0.80
      4102  2M21490191+4339029       72.28        0.29         4.00         0.22
      4102  2M21490268+4229011       28.82        2.71         6.00         1.80
      4102  2M21490463+4248522        9.75       63.87       131.00        27.34
      4102  2M21490551+4130553       46.01        2.13         6.00         1.14
      4102  2M21490815+4144150       80.38        1.20         6.00         0.70
      4102  2M21491147+4220350       71.26        0.33         4.00         0.29
      4102  2M21491736+4247588       18.43       14.68         6.00         3.99
      4102  2M21492221+4157467       56.48        1.00         6.00         0.73
      4102  2M21492292+4314321       43.66        0.76         6.00         0.48
      4102  2M21492557+4203285       11.57       29.16        10.00        12.52
      4102  2M21492557+4324153       43.20        0.54         4.00         0.43
      4102  2M21493017+4242221       25.73        2.12         6.00         1.03
      4102  2M21493070+4139466       31.85        4.71         6.00         2.89
      4102  2M21493613+4302109       22.11        4.73         6.00         2.24
      4102  2M21494038+4135478       17.92       15.83         6.00         5.50
      4102  2M21494506+4218085       61.35        0.24         4.00         0.20
      4102  2M21494573+4155526       44.18        0.97         4.00         0.57
      4102  2M21494692+4153051       44.07        0.28         4.00         0.26
      4102  2M21494713+4254020       44.07        0.90         6.00         0.65
      4102  2M21494920+4249149       43.12        2.58         6.00         1.62
      4102  2M21495078+4307132       41.47        1.06         6.00         0.92
      4102  2M21495159+4223523      100.57        0.53         4.00         0.31
      4102  2M21495505+4231528       26.32        0.45         6.00         0.30
      4102  2M21495933+4155585       46.70        0.78         4.00         0.54
      4102  2M21500371+4242484       55.25        0.48         4.00         0.30
      4102  2M21500626+4324072       50.97        0.51         4.00         0.42
      4102  2M21500761+4210137       30.81        7.30         6.00         5.67
      4102  2M21501629+4228402       41.47        0.31         4.00         0.22
      4102  2M21501665+4303118       32.76        0.80         6.00         0.49
      4102  2M21502228+4315534       25.16        2.09         6.00         1.12
      4102  2M21502533+4212272       31.99        1.11         6.00         1.07
      4102  2M21502669+4219278       24.81        0.66         6.00         0.51
      4102  2M21502879+4225416       31.94        3.24         6.00         1.79
      4102  2M21502898+4300561       21.54        8.43         6.00         2.23
      4102  2M21502954+4236374       29.85        6.73         6.00         2.86
      4102  2M21503093+4204175       34.94        1.51         6.00         1.30
      4102  2M21503189+4306169       46.11        0.80         6.00         0.71
      4102  2M21503234+4215356       24.26        1.81         6.00         1.01
      4102  2M21503355+4203302       30.92        2.16         6.00         0.91
      4102  2M21503781+4226545       13.54        6.64        11.00         2.22
      4102  2M21503928+4201036       31.93        1.80         4.00         0.90
      4102  2M21504373+4215257       46.82        1.15         6.00         0.84
      4102  2M21505300+4234423       23.23        7.56        11.00         2.52
      4102  2M21505372+4311210       44.82        1.95         6.00         1.13
      4102  2M21505461+4243522       30.39        2.09         6.00         1.17
      4102  2M21510112+4209226       46.85        1.72         4.00         1.51
      4102  2M21510272+4305388       24.04        9.99         8.00         4.72
      4102  2M21510285+4208430       61.91        0.99         6.00         0.78
      4102  2M21510421+4307158       25.95        3.36         6.00         1.58
      4102  2M21510481+4221123       44.10        0.16         4.00         0.13
      4102  2M21510690+4304315       38.99        1.36         6.00         0.79
      4102  2M21510936+4246021       47.35        1.39         5.00         0.98
      4102  2M21510956+4214578       37.57        1.45         6.00         0.81
      4102  2M21511054+4239290       20.41        7.25         6.00         2.12
      4102  2M21511156+4216231       48.39        1.99         6.00         1.40
      4102  2M21511162+4226548       38.64        2.04         4.00         0.81
      4102  2M21511288+4224342        5.40      216.22       130.00        44.59
      4102  2M21511331+4228342       17.52        1.87        10.00         1.29
      4102  2M21511942+4249578       28.73        1.54         6.00         1.03
      4102  2M21512597+4251559       31.23        2.22         6.00         1.16
      4102  2M21513084+4231024       45.96        2.13         6.00         0.98
      4102  2M21513789+4239214       29.91        3.46         5.00         1.29
