2.38669511178	0.625312450962
1.92649678927	0.833784374656
0.911690158754	1.20978301485
1.08955188289	1.22891340599
1.03342375549	1.29710365015
-0.376750709602	1.72689014074
-0.0705810742857	1.5509617523
0.290034611363	1.25575478664
0.409933123331	1.54381980514
-0.36653154442	1.73045926005
1.10243370568	1.00689370795
-0.207608310502	1.61108573341
2.23230984033	0.973589623427
2.23469440714	0.440909082065
0.579783596617	0.857332496431
0.615950051656	0.877946951629
0.51454775266	1.12872228434
2.32103889273	0.62838893005
2.32945890006	0.822168079368
2.36364957952	0.863917376958
1.26857797188	1.01199311466
-0.537602002101	1.76871208038
-0.45593195565	1.56867097801
0.0934216851622	1.63858908329
0.209515014543	1.66866541545
1.55059520749	0.965201701026
1.65523450703	0.969881643746
0.854306041801	1.54357142396
-0.267606240177	1.76499759928
2.34267923359	0.34044411484
2.39420644536	0.830588668685
-0.236572006437	1.68957521576
2.44435712566	-0.337242168318
1.30728204703	1.16790781
-0.0861861476163	1.79000352039
0.892651033877	1.2284003587
-0.267606240177	1.87198135384
2.35251052782	0.551449997973
0.857332496431	1.50691072555
2.33721958442	0.212187604404
2.32422070288	0.810904280669
1.46523409499	0.972665592266
0.584331224368	1.28891960566
2.36692700659	0.631443769013
2.36567514046	0.536558442572
2.02694162796	0.768638101248
0.595496221826	1.42732378636
0.718501688867	1.50174372963
1.75648396444	0.795880017344
1.58838376838	0.626340367375
2.39892907299	0.460897842757
1.40277706961	0.888740960683
1.64355136856	0.959518376973
1.49206160451	0.976349979003
2.22906720207	0.426511261365
1.10991586302	1.48058178683
2.38429963931	0.673941998634
1.87308798559	0.769377326076
1.36059341357	1.38399478944
1.3034120706	1.08919836681
2.39257385641	0.173186268412
1.70994801651	0.585460729509
-0.0132282657338	1.45132580849
2.40229578066	0.247973266362
1.64972418593	0.978180516937
2.36191661867	0.36921585741
1.77121990195	1.0170333393
-0.38721614328	1.82711068747
2.40255368035	0.756636108246
1.5952757118	1.04610478725
2.3425213729	0.338456493605
2.36934575513	0.691965102767
2.33809775371	0.689308859124
0.396199347096	1.72989340396
0.583198773969	1.44138088492
-0.130768280269	1.7694511794
0.981365509079	1.21932250842
0.240549248283	1.52048353274
0.539076098793	1.50229052791
-0.420216403383	1.79260178116
1.83078107561	0.876217840592
1.4847268043	1.16494737262
1.8600983297	0.683047038239
2.11407696082	0.989894563719
2.35591105053	0.238046103129
0.997386384397	1.29732271421
1.37529773822	1.13257984766
2.34456909969	0.650307523132
2.02555162278	0.69722934276
2.26916256543	0.761927838421
2.36366837811	0.315970345457
1.35602585719	0.941014243706
1.81029974104	0.600972895687
1.90173069173	0.872156272748
1.5530330162	0.82085798944
1.44762309776	1.12580645814
1.37438169805	0.711807229041
1.82639878219	0.724275869601
2.27609399176	0.545307116466
1.45193986937	0.830588668685
2.32122548542	0.545307116466
1.72672720903	0.979548374704
2.12460202789	0.50514997832
1.98600993185	0.802773725292
1.864154956	0.802773725292
2.16232538919	0.820201459486
1.23603314712	0.874481817699
1.07040732174	0.995635194598
1.57159238336	0.809559714635
0.631443769013	0.820201459486
1.26670196688	0.767897616018
1.85327222402	0.776701183988
2.23610880159	0.673941998634
1.79629674005	0.680335513415
1.64502906472	1.01494034979
1.55010599935	0.890421018801
2.32137055766	0.680335513415
1.40140054078	0.959994838328
1.72973159529	1.03422726077
0.935003151454	0.949390006645
1.44326298746	1.0257153839
2.14767632424	0.540329474791
2.30948111924	0.436162647041
1.56820172407	0.698970004336
1.32035403282	1.04139268516
1.07335170239	0.831869774281
1.64187054548	0.790988475089
1.64434009883	0.969415912354
1.83809313845	0.955687750314
2.31531946526	0.26481782301
1.00259798072	1.1254812657
2.31536148698	0.772321706723
1.61951072084	0.755874855672
1.40071063677	0.967547976219
1.76462439785	0.878521795501
1.23578087033	1.12936759572
1.07809415041	0.91115760874
1.25309558585	0.961421094066
1.34478512263	0.869231719731
1.83821922191	0.831229693867
1.97104379184	0.681241237376
2.27526527311	0.580924975676
1.48429983935	0.889301702506
1.28914283593	0.976808337338
1.46508528756	0.690196080029
1.36455099535	0.909020854211
1.10856502373	0.9731278536
1.8824676149	0.73957234445
1.70113606609	0.588831725594
2.06077336326	0.627365856593
1.46434048463	0.708420900135
1.73142758705	0.662757831682
1.65762943139	0.691081492123
1.91190299604	0.776701183988
1.82626921939	0.728353782021
1.35831564008	0.827369273054
1.99537190603	0.699837725867
2.25338647299	0.650307523132
1.90503992808	0.592176757396
1.80495679986	0.686636269262
1.61415870951	0.61066016309
2.00423536636	0.753583058893
1.961705784	0.758911892398
1.20493352235	0.92324401863
2.1624449143	0.482873583609
2.32752240272	0.624282095836
2.02514194963	0.819543935542
1.74515289508	0.707570176098
0.798650645445	0.887054378051
2.30931071579	0.387389826339
0.644438589468	1.34888872307
1.39932753216	0.935507265825
2.08767496004	0.760422483423
1.41530729223	0.97034687623
1.52322604197	1.04999285692
1.11859536522	0.818885414594
0.945468585132	0.967079734144
2.22398888257	0.466867620354
1.42537116644	0.786751422146
1.76042248342	0.670245853074
1.73973052856	0.644438589468
1.81204389793	0.642464520242
1.873611197	0.818885414594
1.84559409316	0.579783596617
1.51772359483	0.745855195174
1.63265971329	0.832508912706
2.04292973334	0.617000341121
1.52153034128	1.01745072951
0.777426822389	1.00860017176
1.57124285056	0.917505509553
2.14279603571	0.755112266395
2.25175985453	0.475671188324
2.3777614387	0.563481085394
0.952308009662	1.12936759572
2.09492510112	0.824776462476
2.39858228933	0.423245873937
1.66029616027	0.866287339084
1.1254812657	1.16790781
1.18241465243	0.952308009662
1.18977095635	1.0856472883
1.39932753216	0.67760695272
1.4752352226	0.779596491258
1.28397928424	0.913813852384
1.725748333	1.11627558758
1.46434048463	0.975431808509
1.76656155264	0.947923619832
1.46523409499	0.700703717145
1.70884563805	0.889861721258
1.26363606859	0.822168079368
1.57054293988	0.903632516084
1.73455982158	0.908485018879
1.64177147065	1.03059972197
1.70122248426	0.833784374656
1.90069477445	0.726727209027
1.50092223919	0.940516484933
1.61783874772	0.934498451244
1.4851533499	0.887054378051
2.12768778754	0.521138083704
1.26881190374	1.17114115103
2.24622767777	0.783903579273
2.01460453344	0.669316880566
1.22010808804	0.855519155668
2.08504070674	0.643452676486
0.731588765187	1.03742649794
2.34580486992	0.501059262218
2.01051196274	0.553883026644
1.92064500141	0.781036938621
2.31211385845	0.472756449317
1.80807586809	0.711807229041
1.82451632801	0.700703717145
1.46493642912	0.77524625974
1.84016884924	0.656098202013
2.05530186435	0.536558442572
2.22201375017	0.487138375477
1.44420098886	0.770852011642
0.324282455298	1.0244856677
1.02897770521	0.873901597864
1.72172819857	0.88195497134
1.69046189325	0.810904280669
1.86075712308	0.662757831682
1.98815747256	0.898176483498
1.52087638169	0.928907690244
0.749736315569	1.27438879555
1.88834801018	0.793091600177
2.00207962639	0.778874472003
2.28571479658	0.86332286012
2.09485529008	0.894869656745
1.58726184969	1.00987563371
1.95395288323	0.700703717145
1.75769962509	0.83695673706
1.5338991008	0.887617300336
1.88682900468	0.66838591669
1.42193281328	1.1095785469
2.28719687847	0.545307116466
1.76730431745	0.722633922534
1.45224657452	0.765668554759
2.10287943487	0.658011396657
1.24278980948	0.885361220032
1.84129688749	0.521138083704
1.99882581904	0.491361693834
1.4255342205	0.623249290398
1.88349109019	0.686636269262
1.96369340524	0.474216264076
1.03422726077	0.954724790979
2.01123201032	0.738780558484
2.17017367381	0.511883360979
2.28212341881	0.629409599103
1.97790642764	0.886490725172
2.07243372597	0.397940008672
1.54875782857	0.783903579273
2.23565467696	0.531478917042
1.66464197556	0.618048096712
1.72916478969	0.654176541878
1.99607365449	0.738780558484
2.26104864334	0.428134794029
1.16046853112	0.919078092376
1.21138755294	1.03181227133
1.53982855838	0.8790958795
1.28375338333	0.85853719757
1.7168377233	0.77524625974
1.17695898059	0.873320601815
2.07791270295	0.755112266395
1.56300618706	0.671172842715
1.63748972951	0.698970004336
1.82236425244	0.819543935542
0.840733234612	1.13481437032
1.97913846955	0.656098202013
1.29025726939	0.990782691803
0.793790384691	0.938519725176
1.82503644122	0.641474110504
1.66642437252	0.604226053084
1.53096768157	0.931966114728
2.30397320254	0.614897216033
2.05778017679	0.496929648073
0.931457870689	1.12417805547
1.18127177156	0.749736315569
1.9901611929	0.745855195174
1.25066391946	0.918030336785
1.72672720903	0.772321706723
1.6995775914	0.675778341674
1.2723058444	1.22968184232
1.70035752782	0.906873534722
2.23345302204	0.454844860009
2.10109376674	0.783903579273
1.23904909314	1.16524432613
1.66903780089	0.852479993637
1.55509444858	0.724275869601
1.32139127831	0.803457115648
1.32201243858	0.981818607171
1.91083776499	0.597695185926
2.15663999842	0.51719589795
1.53237213357	0.913813852384
2.39873837625	0.540329474791
2.03422726077	0.841359470455
2.19083574753	0.487138375477
2.04233920456	0.715167357848
1.97469587191	0.804139432335
2.31620106867	0.558708570533
1.36548798489	0.712649701627
2.11109441051	0.774516965729
1.70087670838	0.943494515906
1.98927179164	0.623249290398
2.03338354117	0.793790384691
1.64008373137	0.571708831809
2.25947441953	0.73957234445
1.80611211017	0.806858029519
2.21274676478	0.781755374652
1.81424759573	0.818885414594
2.22582599146	0.34044411484
1.77261504985	0.694605198934
1.58546072951	0.665580991018
1.42078061955	0.831229693867
2.08098704691	0.651278013998
1.9736819185	0.683047038239
1.94468003388	0.711807229041
1.44684771016	0.868644438395
2.12365567444	0.772321706723
1.94171014894	0.866287339084
1.62314587464	0.895974732359
2.05743786821	0.574031267728
2.23842249589	0.463892988986
1.75158700508	0.885926339801
1.38219721038	0.89097959699
1.85895805472	0.964259630197
1.38291713509	0.693726948924
1.35160307242	0.868644438395
2.16876257562	0.643452676486
2.39257385641	0.173186268412
1.37235958252	0.964259630197
2.34159278075	0.39269695326
2.03686832998	0.535294120043
1.51521130433	1.02325245963
1.412964272	0.967079734144
0.748962861256	1.08742645704
2.23484616992	0.629409599103
0.66838591669	1.37657695706
1.67089495352	0.857935264719
1.47143840739	1.10924096859
1.64561873824	0.887054378051
0.376576957057	1.08990511144
1.48925516837	1.039017322
1.52166101511	0.97034687623
1.62117628178	0.712649701627
2.15576101288	0.773054693364
2.08546896989	0.635483746815
2.09576195948	0.482873583609
2.38257531965	0.528916700278
2.33980906522	0.587710965019
2.17440873207	0.716003343635
1.81217777416	0.828659896535
2.34044411484	0.173186268412
2.15038797733	0.680335513415
0.876217840592	1.00732095292
1.61563446888	0.900913067738
2.030680664	0.558708570533
1.13924921757	0.708420900135
1.21669359917	0.747411807886
1.44638181222	0.954724790979
1.24004977211	1.1562461904
2.12965767331	0.658011396657
1.04375512697	0.955687750314
2.14668605565	0.571708831809
1.57275546515	1.08671566394
1.48501121458	0.622214022966
1.19479175772	0.768638101248
1.16016829296	0.926342446626
0.757396028793	1.17318626841
1.11991541026	0.960470777534
1.2583978041	0.786041210243
1.30621050817	0.76417613239
1.31973049433	0.76492298465
1.40739090447	1.04257551244
2.20087784575	0.749736315569
1.46849502451	1.09968064111
0.720985744154	1.26458172924
0.647382970115	1.03822263837
1.34752516	0.992995098431
1.31365634662	0.926342446626
1.37894269861	0.884795363949
2.07616693934	0.722633922534
1.88519154061	0.683947130752
1.36473855506	0.886490725172
1.31323429169	0.784617292633
2.20477093629	0.562292864456
2.33567850236	0.51454775266
2.26344668911	0.720159303406
2.30129049421	0.444044795918
1.45209324902	0.91487181754
2.30856441356	0.352182518111
2.13754399455	0.800029359244
1.32469391386	1.16849748352
1.95937533658	0.549003262026
0.951337518796	1.40568778667
1.23325000954	1.0236639182
1.20411998266	0.809559714635
0.527629900871	1.11260500153
1.29003461136	1.0817072701
1.81947812836	0.679427896612
1.66162340923	0.725094521081
1.53007156884	0.873320601815
1.30384377489	0.643452676486
1.02816441942	1.20384846375
1.78830981211	0.654176541878
1.33364875651	0.864511081058
1.18808437371	0.954724790979
1.33785842904	0.938519725176
1.73415951324	0.845098040014
0.831229693867	0.797267540831
1.34849957028	0.968949680981
1.90124030207	0.880241775895
1.95655259192	0.627365856593
1.44200915914	1.04139268516
0.885361220032	1.14891099311
0.127104798365	1.15136985025
0.84198480459	1.05690485134
1.19920647916	0.836324115707
0.658964842664	1.0762762554
1.38327665041	0.992553517832
1.09061070783	0.646403726223
1.31827208021	0.839478047374
1.64206862734	0.694605198934
1.67154308526	0.95760728706
1.80174661922	0.43775056282
1.23653726149	0.745074791582
1.26173854735	0.802089257882
2.38449678114	0.649334858712
1.26857797188	1.01199311466
1.36754227352	1.27623195792
1.64305768375	0.922206277439
0.940516484933	0.646403726223
1.48458452928	0.743509764728
1.59604700755	0.809559714635
1.57806588384	0.680335513415
2.01598810538	0.761175813156
1.57795112773	1.04178731897
1.86504472169	0.852479993637
1.55376169839	0.920645001407
1.14829409743	0.851258348719
1.87069645799	0.611723308007
1.05192391605	0.915399835212
1.82105475505	0.574031267728
1.17318626841	0.879669205632
1.40449161776	0.976808337338
0.936010795715	1.11494441571
1.61510798744	0.827369273054
1.2547896874	0.845718017967
1.15775888605	1.01535975541
1.55581968306	0.61278385672
1.15014216185	0.749736315569
1.66219099086	0.910624404889
1.11494441571	1.0916669576
1.78880449304	0.671172842715
0.866287339084	0.978636948384
1.58939102314	0.742725131305
2.34321159018	0.283301228704
1.62613497864	0.895422546039
1.72558497227	0.909020854211
0.868056361823	1.18269990334
2.31238894937	0.521138083704
2.28103336725	0.615950051656
2.37003171271	0.178976947293
0.822168079368	0.920645001407
2.37091999217	0.164352855784
1.75296986503	0.748188027006
2.33118426659	0.558708570533
-0.180456064458	0.941014243706
1.78225757366	0.844477175746
0.779596491258	1.15106325335
1.32837960344	0.920645001407
1.36267092973	1.00817418401
1.34380233316	0.741151598852
0.604226053084	0.905256048748
1.23070431361	1.11793383504
0.702430536446	1.51507867508
1.57229060615	1.07188200731
2.22906720207	0.426511261365
1.42764837119	1.21748394421
1.14550717141	0.91645394855
1.06145247909	0.793790384691
1.67522825359	0.976808337338
0.861534410859	0.91855453055
1.31827208021	0.765668554759
1.68895346264	0.580924975676
1.55774774164	0.933487287849
0.618048096712	0.953276336667
1.67851837904	0.912222056532
1.43727479741	1.0170333393
1.95119175793	0.672097857936
1.29070224329	1.10720996965
2.11640848063	0.748962861256
2.16776026644	0.540329474791
1.61531865661	0.768638101248
0.942999593366	0.733999286538
1.33102217104	1.28194193344
1.52853106064	0.955206537542
1.25358028956	0.771587480881
1.47827783192	0.748962861256
1.95104594814	0.754348335711
0.88195497134	1.18554215485
2.039017322	0.596597095626
1.67724184595	1.03342375549
1.35276119172	1.26481782301
2.1923722836	0.698970004336
1.78361776519	1.08386080087
0.604226053084	0.845718017967
1.55581968306	0.898725181589
1.71792002584	0.394451680826
1.97515597841	0.859738566197
1.38667728396	0.854306041801
1.24944296144	0.811575005871
2.22523172221	0.621176281775
1.9821354948	0.652246341003
0.977266212427	0.936010795715
2.18121454849	0.765668554759
1.64708942872	0.69722934276
1.65533055801	0.698100545623
2.12077129294	0.857935264719
1.54715912133	1.03019478536
1.70035752782	0.774516965729
1.69346312722	0.602059991328
2.34580486992	0.436162647041
1.4485517392	0.889301702506
1.23954972084	0.89652621749
1.78383214338	0.80888586736
0.684845361644	1.00817418401
2.28914283593	0.499687082618
1.93323412871	0.746634198938
1.78894572702	0.787460474518
2.16310171504	0.670245853074
1.92860065984	0.472756449317
2.17571470731	0.658011396657
0.909556029241	0.91487181754
0.513217600068	1.02775720469
2.16506617839	0.599883072074
0.761175813156	1.04844180355
1.44746813095	0.675778341674
1.76856410951	0.84633711213
0.507855871696	0.952792443044
1.4965145187	1.02694162796
1.95688845465	0.901458321396
1.86569605992	0.83695673706
0.819543935542	1.01870049867
2.23284369962	0.816241299992
2.27797574622	0.73957234445
1.66370092539	0.738780558484
1.62849110497	0.732393759823
1.51335079881	1.12775251583
1.00086772153	1.07298474463
1.88144172194	0.510545010207
1.75526489141	1.03059972197
0.953759691733	1.11394335231
1.66801297164	0.782472624166
1.06032002869	1.12742877785
2.24383146198	0.849419413797
1.99528410769	0.808210972924
1.57772152451	0.66370092539
1.73391915101	0.698970004336
1.40790054014	0.722633922534
2.00410632328	0.440909082065
1.12385164097	0.836324115707
1.9335885102	0.501059262218
1.28148788794	0.940018155008
1.5509617523	0.838849090737
1.14983469672	0.805500858158
1.53007156884	0.553883026644
1.93028664725	0.509202522331
1.72131588061	0.755112266395
1.81351427154	0.657055852857
1.53504081325	0.698100545623
2.33972961868	0.531478917042
1.7056071634	0.778151250384
1.81351427154	0.758911892398
2.38485499172	0.305351369447
1.6166855209	0.866287339084
2.0861105738	0.656098202013
1.65609820201	0.670245853074
1.86593266819	0.698970004336
1.86829168802	0.852479993637
2.10458952718	0.475671188324
1.8228216453	0.727541257029
1.26528962586	1.09586645348
1.44901531635	1.0715138051
1.59857166348	0.744292983123
2.03917608438	0.623249290398
1.68779641138	0.880813592281
1.44012160319	0.845718017967
1.2547896874	0.859138297295
1.04571405894	0.802089257882
0.990782691803	0.767155866082
1.62664826847	0.862727528318
1.14395111642	0.876794976201
1.68015414173	0.755874855672
1.46746010951	0.869818207979
1.3436055081	0.903089986992
1.46760810558	0.829303772831
0.937517892017	0.902546779314
1.79947839884	0.773054693364
0.617000341121	1.07918124605
0.711807229041	0.904715545279
1.57818060963	0.978180516937
2.09659720836	0.434568904034
1.8329557506	0.592176757396
1.75898754687	0.847572659142
1.51361707379	0.873320601815
1.88603927557	0.710963118995
1.27898211687	0.878521795501
1.60390183173	0.932473764677
1.78490244989	0.658011396657
1.41580772764	0.84633711213
1.71121652432	0.813580988568
0.754348335711	1.12352498094
1.71155416825	0.741151598852
1.67024585307	0.674861140738
1.08493357494	1.02160271603
1.19562294359	0.894869656745
0.725911632295	1.25887662937
0.738780558484	1.32407657974
1.64068015328	0.876794976201
1.65494622658	0.740362689494
1.88332067838	0.806858029519
0.932980821923	1.07298474463
1.0350292822	1.04610478725
1.35736303062	0.660865478004
1.59999217758	0.623249290398
1.0350292822	1.17638069224
0.596597095626	1.13097669161
1.18808437371	0.753583058893
1.05842602446	1.00560944536
1.27737997467	0.850646235183
1.77517338542	0.798650645445
2.00928088426	0.540329474791
1.06892761168	0.666517980555
1.86003838981	0.738780558484
0.935003151454	1.08242630086
1.69063901172	0.875061263392
1.76027166054	0.699837725867
1.03342375549	0.930439594767
1.28958895254	1.04532297879
1.46448954743	0.778151250384
0.776701183988	1.08350261983
1.67182056018	0.941014243706
2.23552844691	0.681241237376
0.965201701026	1.16672605558
1.61626540528	0.959518376973
2.1635489649	0.605305046141
0.723455672035	1.07664044367
1.43695733067	0.982723387669
1.52491514754	0.698970004336
0.777426822389	1.19672872262
1.12417805547	0.910090545594
0.972202838379	0.875061263392
-0.236572006437	1.59128726506
1.61235994797	0.698100545623
1.0715138051	1.33122478102
1.64777405027	0.691965102767
1.96028046444	0.623249290398
1.41463914674	0.977723605289
1.62808226099	1.27508089846
1.11925588928	0.941511432634
1.23095955575	1.02816441942
1.3884564527	1.0595634179
1.40140054078	1.07077646284
1.03981055415	1.01114736078
0.579783596617	1.11260500153
1.0244856677	0.8790958795
0.991226075692	0.953759691733
1.43711609305	0.927370363039
1.0788191831	0.993436230498
0.843855422623	1.12024479555
1.19256745334	1.28690535297
1.39759243404	0.978636948384
2.35042247661	0.641474110504
1.04218159452	1.19117145573
2.36685236951	0.719331286984
1.91986225356	0.605305046141
1.56867097801	0.956648579205
0.611723308007	1.33061666729
1.78497370995	0.889861721258
2.38109702235	0.585460729509
1.48029446	1.00560944536
1.21958452621	1.09968064111
1.27067883614	1.05614226206
1.53313628828	0.728353782021
1.60713320439	1.10209052551
1.43216726944	0.971739590888
1.56359972888	1.06818586175
1.47114496516	1.22865695811
1.69565675994	0.708420900135
1.56466606425	0.816903839376
0.908485018879	1.05153839052
1.46716396597	1.00130093302
0.799340549454	0.787460474518
1.24526583946	0.808210972924
1.34202768809	0.99431715267
0.85853719757	1.25503116335
1.57403126773	0.636487896353
1.9129656207	0.541579243947
1.11293997608	0.8790958795
1.16731733475	0.995196291597
1.32694999417	1.52814507825
1.31638975107	0.674861140738
1.05614226206	0.977266212427
0.829303772831	0.944975908412
1.16076856186	0.941511432634
2.04300840988	0.631443769013
1.6795187437	1.0715138051
0.222716471148	0.952308009662
2.35602585719	0.167317334748
1.73359846096	0.898176483498
1.3113299523	0.795184589682
0.969881643746	1.10653085382
1.24303804869	0.997386384397
0.431363764159	1.10822665637
0.898176483498	0.883093358576
1.58983794315	0.977723605289
0.690196080029	1.10414555055
1.02160271603	1.11293997608
1.25719842614	0.893761762058
1.44059426184	1.20574554094
1.76878604691	0.868056361823
1.19145101446	1.12872228434
1.57460994134	0.893761762058
1.83796701837	0.627365856593
0.518513939878	1.05766610391
1.94546858513	0.691081492123
1.21058602491	0.937016107465
1.48897352473	0.792391689498
1.5901728316	0.740362689494
1.40585839932	1.10174707395
0.686636269262	1.29841638006
-0.0222763947112	1.00389116624
0.654176541878	0.926342446626
1.74217504322	0.350248018334
1.17435059748	1.00216606176
1.68430664607	0.930439594767
1.80821097292	0.51719589795
1.188647296	1.01535975541
0.767155866082	1.06069784035
1.00560944536	0.947433721887
2.10078396208	0.700703717145
1.56855371205	0.82085798944
0.996511672154	1.09201847075
1.81657269603	0.408239965312
1.03981055415	1.01241537476
1.13608609738	0.923761960829
1.57030938544	0.816903839376
1.17580163285	0.885926339801
1.47610671684	0.88195497134
1.76042248342	0.989004615699
1.36059341357	0.902546779314
1.58263143949	1.04139268516
1.74264658994	0.786041210243
1.34556975606	1.16583762469
1.18326984368	0.813580988568
1.54691264318	0.789580712164
2.05778017679	0.540329474791
1.4720246977	0.904715545279
1.82807959056	0.788875115775
1.19506899647	0.730782275666
1.03181227133	1.11594317694
1.62345604807	1.08421868674
1.90363251608	0.684845361644
1.92603359668	0.681241237376
1.22505069614	0.653212513775
1.27044590802	0.939519252619
0.898725181589	0.829946695942
1.48287358361	0.951823035316
1.13798673272	0.824776462476
0.790988475089	1.00043407748
1.51587384371	0.641474110504
2.12159266944	0.607455023215
0.96567197122	1.10788802518
1.25309558585	1.08600370562
2.03554980301	0.855519155668
1.12515582958	1.23779499327
1.64738297011	0.795880017344
1.74632276509	0.725911632295
2.02694162796	0.571708831809
1.26221370548	0.872156272748
1.04688519084	0.814247595732
1.66492389344	0.800717078282
1.45469244924	0.815577748324
1.3049211619	0.824125833917
1.91333692593	0.948412965779
1.44886084561	0.831229693867
1.58994960133	0.675778341674
1.11594317694	0.983626287125
1.47011635315	0.928907690244
1.23979981845	0.880813592281
0.835690571492	1.0788191831
1.16702179579	0.912222056532
1.68457608739	0.797267540831
1.17464119266	1.08457627793
1.81941231121	0.839478047374
1.50514997832	0.866287339084
1.9024380562	0.989894563719
1.43104194534	0.559906625036
1.69081605798	0.999130541287
1.84060787901	0.587710965019
1.61140463771	0.829303772831
1.32407657974	0.843855422623
1.06258198423	1.08350261983
0.865103974641	1.32654066852
1.46119828862	0.810904280669
1.40790054014	1.12580645814
0.925827574625	1.01241537476
1.38721180031	1.01870049867
1.22788670461	1.00389116624
1.28802553539	0.800029359244
1.82000430681	0.748188027006
2.19167453196	0.767155866082
1.94076543563	0.619093330627
1.26481782301	1.13257984766
1.20844135644	1.08742645704
1.3909351071	0.874481817699
1.25115134318	1.20330491614
1.69923050288	0.857332496431
1.00732095292	1.10788802518
1.55774774164	0.741939077729
1.24303804869	0.898176483498
1.58183592406	0.877946951629
1.60852603358	0.865696059916
2.16958627332	0.748962861256
1.00259798072	0.963787827346
1.10346162209	1.12904505989
1.21695720736	0.899820502427
1.11360915107	0.706717782337
1.39637372754	0.778151250384
1.2720737875	0.777426822389
1.18098558079	0.968949680981
0.685741738602	0.862727528318
0.769377326076	1.15926633109
0.702430536446	1.2884728006
1.28148788794	0.712649701627
1.08671566394	1.00173371281
2.4373699922	0.164352855784
1.96736073997	0.935003151454
2.42701520591	0.0934216851622
2.35711500951	0.799340549454
1.89718707658	0.990782691803
2.3657312714	-0.0604807473814
2.17437966575	0.195899652409
2.33545790069	0.36921585741
1.11159852488	1.02036128265
2.23912422409	0.468347330412
1.62797998983	0.687528961215
2.39031676847	0.629409599103
2.17478641737	0.662757831682
2.16802580877	0.624282095836
2.3414147385	0.431363764159
0.276461804173	0.866287339084
1.63668844795	0.757396028793
1.105169428	0.771587480881
0.703291378119	1.43949059039
0.301029995664	0.989894563719
1.29314148345	1.01661554756
0.699837725867	0.895422546039
1.38399478944	0.672097857936
1.412964272	1.00732095292
1.308991029	0.763427993563
1.55654370848	1.16076856186
1.58319877397	0.736396502277
1.88018455283	0.681241237376
1.55702572239	0.884228769633
1.26857797188	1.00216606176
1.58455736053	0.770115294787
1.91561086266	0.946943270698
1.76930346019	0.868644438395
1.90417436828	0.758154621967
1.46597736829	1.00130093302
1.47552591504	0.726727209027
1.76633847525	0.94448267215
1.17055505852	1.15472820744
1.13097669161	1.07990446767
1.05422990986	1.41863268735
1.56014583985	0.904715545279
1.59106460703	0.80888586736
0.913813852384	0.928395852257
1.47928731648	1.06220580882
1.37511468469	0.891537457673
2.30235257792	0.582063362912
2.0762762554	0.565847818674
1.51719589795	0.967079734144
1.9402175556	0.770115294787
1.02653326452	1.07040732174
1.26387267687	0.770852011642
1.78347478758	0.85186960073
1.09691001301	0.987666264926
0.781755374652	0.974511692737
1.8546703319	0.921166050638
1.20303288701	1.02978947083
1.10448711131	0.95760728706
1.5850092799	0.880813592281
1.88411536201	0.702430536446
2.38399478944	0.456366033129
1.73862202792	1.0244856677
1.73615737527	0.703291378119
2.29207877212	0.416640507338
1.36248247475	0.980911937777
1.16583762469	0.717670503002
2.10157524626	0.509202522331
1.48029446	1.06520612805
1.27114431795	0.947923619832
1.00173371281	1.43917473984
1.88394519503	0.69548167649
1.69905685455	0.856124444242
1.69670578093	0.636487896353
1.14519640611	0.84633711213
1.16405529189	0.884228769633
0.751279103983	1.26339933133
1.00475115559	0.921686475484
0.710117365112	1.07554696139
2.19843713533	0.510545010207
1.37032800778	0.819543935542
1.66407759019	0.828015064224
2.16952748955	0.651278013998
1.94537009449	0.67851837904
1.89718707658	0.676693609625
0.920123326291	1.02407498731
1.31785448933	1.0
1.81769755476	1.00130093302
0.795184589682	0.83505610172
2.01080859751	0.803457115648
1.30254737249	1.25454807711
1.6173149333	0.75966784469
1.17609125906	0.89097959699
1.88229680094	0.710117365112
1.29710365015	0.864511081058
1.75959230865	1.28488171466
0.825426117768	1.07077646284
1.04020662757	1.08493357494
1.03702787976	1.04610478725
1.50596351802	0.674861140738
1.09307130638	0.81756536956
1.78504495833	0.690196080029
1.4255342205	0.91115760874
2.11250445877	0.591064607026
1.25454807711	0.743509764728
1.27898211687	1.03981055415
1.4268364538	0.709269960976
1.15896526038	0.905795880368
1.78788535094	0.859738566197
1.50215389287	1.11360915107
0.770852011642	1.32960124836
1.98730867373	0.661812685537
1.65069597976	0.935507265825
1.34556975606	0.8790958795
2.30323926865	0.599883072074
1.01994668168	1.12417805547
0.859738566197	1.20978301485
1.59505508976	0.672097857936
1.54232738277	0.683947130752
2.22133597953	0.474216264076
1.97169323895	0.690196080029
1.99616129337	0.531478917042
1.81551133736	0.725094521081
1.42143939022	1.06595298031
1.49927458189	1.02284061088
0.926342446626	1.30233092868
1.65292288757	0.602059991328
1.51134851549	0.788875115775
1.55750720191	0.597695185926
1.72754125703	0.561101383649
1.60119053262	0.781036938621
1.47957531017	0.903632516084
0.876217840592	0.758911892398
1.93500315145	0.958563883222
0.999130541287	1.12319807503
1.07736790528	1.16938049531
1.38273726576	0.722633922534
0.971739590888	0.904715545279
1.78589902838	0.453318340047
1.49817266064	0.883093358576
2.08877376731	0.361727836018
1.31175386106	0.777426822389
1.59835270987	0.81756536956
1.42586014508	0.790285164033
1.30102999566	0.717670503002
1.57541879121	0.89097959699
1.15533603747	1.05037975626
1.99497667365	0.52633927739
1.95535095737	0.357934847
1.23527587669	0.926342446626
1.51441492058	0.8790958795
1.90993025975	0.605305046141
1.64561873824	0.737987326333
1.77173442539	0.534026106056
1.49206160451	0.976349979003
0.240549248283	0.915399835212
1.42504487455	0.814913181275
1.65542658775	0.521138083704
1.58838376838	0.626340367375
1.1866738675	0.884795363949
1.41329976408	0.821513528405
1.29556709996	1.01870049867
1.51215053692	0.91698004732
2.14160653012	0.738780558484
2.32721584911	0.571708831809
1.21245396104	0.866287339084
1.78261593203	0.748962861256
2.11756956346	0.453318340047
1.559188189	1.09586645348
1.33885474625	0.8122446968
1.39234515536	0.840106094457
1.23019337887	0.735598899698
1.92489926401	0.862131379313
1.6957442752	1.09586645348
1.63245729218	0.793790384691
1.78354628227	0.646403726223
0.977266212427	1.03622954409
2.09258030069	0.594392550375
1.84757265914	0.525044807037
1.86899690249	0.482873583609
0.380211241712	1.09621458535
2.04575314759	0.567026366159
2.33272116429	0.549003262026
1.90379514274	0.685741738602
1.20601587676	0.992111487787
1.26316246496	0.786041210243
1.64542226935	0.946943270698
1.42111012979	1.07224989761
1.36623612372	0.763427993563
1.91121089314	0.70415051684
0.712649701627	0.998695158312
1.20357677498	0.778874472003
1.16256440652	0.789580712164
1.24129738711	1.15775888605
1.3436055081	0.898725181589
1.18554215485	1.00475115559
1.5211380837	0.745855195174
1.32572085802	0.995196291597
0.946943270698	0.948412965779
1.69905685455	0.755112266395
1.57863920997	0.690196080029
1.8609366207	0.502427119984
1.38345629652	1.1312977966
1.01870049867	0.98227123304
1.38309692995	0.904715545279
0.868644438395	1.14860265481
1.51308436047	0.83695673706
1.05346260493	0.793790384691
2.2926547302	0.356025857193
1.17405980773	0.721810615213
1.42813479403	1.006037955
1.13767053724	0.714329759745
1.80195223485	0.575187844928
2.05330898112	0.537819095073
2.21819402709	0.496929648073
1.40908736945	0.765668554759
1.22788670461	1.18469143082
0.788875115775	1.28578227378
0.982723387669	1.08707120591
1.02407498731	1.04139268516
2.02694162796	0.768638101248
1.96108871977	0.503790683057
1.96142109407	0.545307116466
1.23779499327	1.05918461763
1.00817418401	1.2702128549
1.80311555489	0.631443769013
1.46119828862	0.938519725176
1.14457420761	1.08529057823
1.11226976842	1.32817566144
1.74217504322	0.531478917042
1.78017324364	0.862727528318
2.32723629275	0.523746466812
1.76760106805	0.749736315569
1.59139855128	0.767897616018
1.20790353039	1.04883008653
0.831869774281	1.02612451675
1.55954755558	1.03702787976
1.30102999566	1.07591176148
1.91634865228	0.770115294787
1.67135800344	0.920645001407
1.07773117965	1.05614226206
1.42406452542	0.899820502427
0.873320601815	1.0051805125
1.27485032002	1.11925588928
1.48572142648	0.638489256955
1.48812749625	0.75966784469
1.64650175003	0.814913181275
1.614580867	0.833147111913
1.75518858561	0.767155866082
1.44466923094	0.882524537955
0.890421018801	0.700703717145
0.436162647041	0.91115760874
1.51890857369	0.793790384691
1.62376600013	0.869231719731
1.73319726511	0.935003151454
1.53083977862	0.742725131305
1.8532113345	0.584331224368
1.89569872696	0.627365856593
1.38417413881	0.829946695942
1.3467440546	1.0817072701
1.35964579267	1.25454807711
1.63948648927	0.541579243947
1.83270047096	0.70415051684
1.45636603313	0.665580991018
1.1414497734	0.69548167649
1.76094995141	0.700703717145
1.85082995985	0.769377326076
1.3479151865	1.13193929521
1.57194163507	0.62838893005
2.27093491287	0.66370092539
1.49080095201	0.721810615213
1.77202816532	0.626340367375
0.797267540831	1.03462845663
1.62314587464	0.895422546039
1.44808766669	1.24846371755
1.9781348474	0.800717078282
1.44404479592	1.20493352235
0.61066016309	1.46104809167
1.01072386539	0.949877704037
1.96369340524	0.661812685537
1.9963365181	0.652246341003
1.32878720035	1.26857797188
0.687528961215	1.41128291302
1.28057837037	0.958563883222
1.66464197556	0.975431808509
1.62469453127	0.857332496431
1.72501272534	0.576341350206
1.24723654951	1.02938377769
1.44886084561	0.793091600177
0.849419413797	1.02242837119
0.930439594767	1.03382569395
1.38021124171	0.721810615213
1.29314148345	0.737987326333
0.708420900135	1.18440748541
1.80814342576	0.495544337546
1.08778141781	0.894316062684
1.3912880486	0.86332286012
1.24328614608	1.00389116624
1.53478735863	0.708420900135
1.27737997467	1.00817418401
1.27415784926	1.20085049809
1.27137687189	0.787460474518
0.301029995664	1.40517554622
1.72246938588	0.761175813156
1.36810085171	1.04020662757
1.43711609305	0.712649701627
2.09874752882	0.562292864456
0.561101383649	0.92324401863
0.91645394855	1.15320490008
1.58206336291	0.591064607026
1.45117215751	0.638489256955
0.996073654485	1.23070431361
1.46849502451	0.827369273054
1.23729233757	0.793091600177
2.05076631123	0.555094448578
1.35926616461	1.02407498731
1.61193562504	0.911690158754
1.60519726739	0.867467487859
0.82085798944	0.949390006645
1.28645646975	0.694605198934
1.05384642685	0.992995098431
1.38792346697	0.968482948554
0.768638101248	1.03702787976
1.25188145455	0.961895473668
2.3818728545	0.350248018334
1.40105572577	0.632457292185
1.49886168899	0.829946695942
2.3920811198	0.447158031342
1.50623435961	0.620136054974
1.52582195216	0.682145076374
1.26007138799	0.752048447819
1.97877378433	0.834420703682
1.4999618656	0.854913022308
1.12580645814	0.930949031168
1.17580163285	0.842609239611
1.76027166054	0.8790958795
1.88615218197	0.555094448578
1.89131439938	0.557507201906
0.963315511386	0.995635194598
2.30159421183	0.535294120043
1.49094120536	0.893761762058
1.28148788794	0.947923619832
2.26054837264	0.468347330412
1.43200668727	0.951337518796
1.39234515536	0.679427896612
0.539076098793	1.07481644065
0.25285303098	0.980457892276
1.58001211253	0.868644438395
1.29928933409	1.00346053211
0.99166900738	0.87737134587
1.67070959522	0.750508394851
1.56867097801	0.756636108246
1.23603314712	0.847572659142
1.99725528982	0.51454775266
1.79747528754	0.931457870689
1.98913822422	0.468347330412
1.4342494524	0.814247595732
1.74733410962	0.638489256955
0.924795995798	1.07371835035
1.2121876044	0.941511432634
1.99484484955	0.525044807037
1.64601140959	1.05766610391
1.71833557891	0.801403710017
1.80126647049	0.710117365112
0.694605198934	1.39005149646
2.06524350119	0.666517980555
1.16879202031	0.9253120915
1.97395868611	0.702430536446
1.00259798072	0.865103974641
1.32572085802	0.725094521081
2.21420782965	0.657055852857
1.84984919561	0.826722520169
1.00259798072	0.8790958795
0.990338854788	1.08671566394
1.8555797225	0.657055852857
1.80631566981	0.788168371141
1.72533981591	0.696356388733
2.23149507645	0.37474834601
2.29598470141	0.662757831682
1.55882852482	0.838219221908
2.29092455938	0.255272505103
1.63336744512	0.495544337546
2.05053441954	0.714329759745
1.93368970896	0.641474110504
1.66219099086	0.987666264926
1.42094540592	0.931966114728
1.51877706893	1.11925588928
1.24797326636	0.643452676486
1.86776202465	0.639486489269
1.63387226266	0.773786444981
1.22788670461	1.15136985025
1.98434725759	0.925827574625
0.797959643737	1.27646180417
1.86069727405	0.605305046141
1.65829765031	0.702430536446
0.579783596617	0.857332496431
1.05499586153	1.15745676813
2.2353769224	0.442479769064
1.76252852245	0.509202522331
1.0881360887	1.00259798072
1.38863396935	0.723455672035
2.16855640686	0.642464520242
1.20439133192	0.912222056532
1.97377419397	0.687528961215
1.42569721336	1.14519640611
1.52556305827	0.951337518796
1.80023578933	0.59328606702
2.29734461453	0.37291200297
1.36865871239	0.951823035316
1.34811006848	0.957128197677
1.13321945673	0.98227123304
0.232996110392	0.889861721258
1.26693691116	0.945960703578
1.91881639036	0.816241299992
0.840733234612	1.05537833138
1.34044411484	1.10311925355
1.07845681805	0.868644438395
1.05115252245	0.700703717145
1.94151143263	0.78031731214
1.1152775914	0.941511432634
1.83020359893	0.778874472003
1.77480883031	0.926342446626
1.67375793655	0.737987326333
1.06032002869	1.12024479555
1.24402958903	0.80888586736
1.17289469775	1.11427729656
1.50487845941	0.78031731214
1.25017594808	1.0244856677
1.08671566394	0.840106094457
0.82347422917	0.795880017344
1.20817252667	0.844477175746
0.66370092539	0.924279286062
0.94448267215	1.37162192718
2.02828650943	0.804139432335
1.0856472883	0.803457115648
0.527629900871	0.980003371584
2.05918461763	0.60314437262
0.810904280669	1.2132520522
1.10311925355	0.868056361823
1.61278385672	0.852479993637
1.36995760735	1.05422990986
0.980003371584	0.852479993637
1.03662889536	0.9253120915
1.53377205838	0.680335513415
1.33605927787	0.803457115648
1.35679046035	0.692846919277
