2M21353892+4229507	-0.744727494897	1.81756536956	0.18	65.7
2M21354457+4235157	0.301029995664	1.40807028589	2.0	25.59
2M21354474+4250256	0.596597095626	1.40925665204	3.95	25.66
2M21354775+4233120	0.271841606536	1.43168534469	1.87	27.02
2M21355458+4222326	0.528916700278	1.65810683551	3.38	45.51
2M21355534+4224111	-0.508638306166	1.69028470251	0.31	49.01
2M21355686+4256151	-0.161150909263	1.56972494923	0.69	37.13
2M21355743+4245234	0.352182518111	1.47596158919	2.25	29.92
2M21360285+4231145	0.854913022308	1.41161970596	7.16	25.8
2M21360302+4250260	0.26245108973	1.56737930765	1.83	36.93
2M21360555+4246043	-0.397940008672	1.87011115536	0.4	74.15
2M21360822+4225525	0.0969100130081	1.49164179348	1.25	31.02
2M21360941+4212409	-0.130768280269	1.40449161776	0.74	25.38
2M21361089+4306343	-0.677780705266	1.83537345247	0.21	68.45
2M21361159+4255425	-0.638272163982	1.69653111997	0.23	49.72
2M21361290+4216213	-0.337242168318	1.65513843481	0.46	45.2
2M21361947+4220020	0.161368002235	1.44793286559	1.45	28.05
2M21361975+4156288	0.206825876032	1.457579147	1.61	28.68
2M21362389+4158414	0.181843587945	1.3034120706	1.52	20.11
2M21362422+4223044	0.206825876032	1.56241183295	1.61	36.51
2M21362730+4258035	-0.0177287669604	1.63042787503	0.96	42.7
2M21363086+4205192	0.0899051114394	1.65867902858	1.23	45.57
2M21363278+4303344	1.95731989686	0.980911937777	90.64	9.57
2M21363673+4310434	-0.318758762624	1.89658132751	0.48	78.81
2M21364363+4234146	-0.154901959986	1.61489721603	0.7	41.2
2M21364365+4246069	0.292256071356	1.6716355966	1.96	46.95
2M21364477+4239053	0.139879086401	1.65724712988	1.38	45.42
2M21365057+4224598	-0.0915149811214	1.5825178836	0.81	38.24
2M21365406+4318192	-0.602059991328	1.77988496319	0.25	60.24
2M21365699+4148166	-0.167491087294	1.53351786202	0.68	34.16
2M21365711+4241383	-0.45593195565	1.76996780133	0.35	58.88
2M21365723+4313348	0.123851640967	1.52231379516	1.33	33.29
2M21365911+4301415	-0.161150909263	1.58172215995	0.69	38.17
2M21365948+4201446	-0.301029995664	1.70620554188	0.5	50.84
2M21370114+4224396	0.638489256955	1.23325000954	4.35	17.11
2M21370396+4204473	0.0170333392988	1.82445127004	1.04	66.75
2M21370663+4215557	-0.167491087294	1.74624487172	0.68	55.75
2M21370672+4219169	-0.420216403383	1.81763146719	0.38	65.71
2M21370757+4141129	1.1296898922	1.39181692361	13.48	24.65
2M21371254+4209319	0.271841606536	1.47552591504	1.87	29.89
2M21371339+4211094	0.206825876032	1.50406288268	1.61	31.92
2M21371359+4155174	-0.214670164989	1.52994340166	0.61	33.88
2M21371617+4314232	-0.0861861476163	1.79365071771	0.82	62.18
2M21371633+4222516	0.565847818674	1.40722089293	3.68	25.54
2M21371664+4234001	0.198657086954	1.44200915914	1.58	27.67
2M21371734+4203252	-0.180456064458	1.82936810799	0.66	67.51
2M21371892+4317098	0.19033169817	1.60422605308	1.55	40.2
2M21372037+4257021	1.22245633668	1.42602301569	16.69	26.67
2M21372223+4320544	-0.356547323514	1.58285846222	0.44	38.27
2M21372506+4231458	0.0453229787867	1.60184278978	1.11	39.98
2M21372752+4222185	0.338456493605	1.49485002168	2.18	31.25
2M21372805+4238293	-0.10790539731	1.73925580327	0.78	54.86
2M21372912+4219583	-0.0915149811214	1.59966477879	0.81	39.78
2M21372942+4242427	0.290034611363	1.71758729686	1.95	52.19
2M21373292+4231071	-0.167491087294	1.58433122437	0.68	38.4
2M21373544+4147518	0.507855871696	1.457579147	3.22	28.68
2M21373597+4210256	-0.0457574905607	1.58591171032	0.9	38.54
2M21373672+4321043	-0.585026652029	1.79169064902	0.26	61.9
2M21373698+4238385	0.0718820073061	1.47421626408	1.18	29.8
2M21373705+4250386	-0.619788758288	1.80827850958	0.24	64.31
2M21373735+4137444	0.0606978403536	1.59306443166	1.15	39.18
2M21373746+4135289	2.19909665631	0.617000341121	158.16	4.14
2M21374024+4213169	0.110589710299	1.35160307242	1.29	22.47
2M21374244+4251444	-0.52287874528	1.76959884839	0.3	58.83
2M21374395+4304268	2.35844883882	0.184691430818	228.27	1.53
2M21374403+4153392	-0.420216403383	1.7281101841	0.38	53.47
2M21374411+4140528	0.170261715395	1.42569721336	1.48	26.65
2M21374560+4318033	-0.698970004336	1.78816837114	0.2	61.4
2M21374726+4138166	1.16731733475	1.35024801833	14.7	22.4
2M21374762+4238255	-0.481486060122	1.76034707853	0.33	57.59
2M21375002+4258309	1.6706168864	1.07554696139	46.84	11.9
2M21375057+4302270	0.49831055379	1.40001963507	3.15	25.12
2M21375227+4216383	-0.267606240177	1.66875854175	0.54	46.64
2M21375437+4331000	0.484299839347	1.40790054014	3.05	25.58
2M21375511+4254581	-0.49485002168	1.71231290868	0.32	51.56
2M21375692+4131533	0.309630167426	1.4415380387	2.04	27.64
2M21375814+4323598	0.591064607026	1.43472854178	3.9	27.21
2M21375836+4152509	2.33549801842	0.740362689494	216.52	5.5
2M21375875+4322138	-0.36653154442	1.72558497227	0.43	53.16
2M21375889+4201045	0.474216264076	1.66922387393	2.98	46.69
2M21375912+4226571	-0.327902142064	1.65166560392	0.47	44.84
2M21380035+4333570	-0.337242168318	1.68788552485	0.46	48.74
2M21380340+4157000	-0.200659450546	1.81862172638	0.63	65.86
2M21380514+4308225	0.326335860929	1.44638181222	2.12	27.95
2M21380584+4252312	0.997823080746	1.357934847	9.95	22.8
2M21380635+4224478	0.0863598306747	1.62551822897	1.22	42.22
2M21380962+4208595	1.19728055813	1.2281436076	15.75	16.91
2M21381051+4320038	0.00860017176192	1.61341894503	1.02	41.06
2M21381490+4340154	0.161368002235	1.57124285056	1.45	37.26
2M21381658+4210266	0.146128035678	1.45270622651	1.4	28.36
2M21381804+4255042	-0.721246399047	1.85119717617	0.19	70.99
2M21381825+4202104	0.691965102767	1.20628604441	4.92	16.08
2M21381923+4236164	1.49415459402	1.16672605558	31.2	14.68
2M21382016+4222314	-0.236572006437	1.73070154428	0.58	53.79
2M21382248+4228040	-0.0757207139381	1.45147940512	0.84	28.28
2M21382629+4232122	-0.568636235841	1.68645751047	0.27	48.58
2M21382682+4208409	0.267171728403	1.57772152451	1.85	37.82
2M21382701+4221097	0.146128035678	1.41027096425	1.4	25.72
2M21382977+4318550	-0.318758762624	1.83828224991	0.48	68.91
2M21383041+4233402	-0.537602002101	1.69143515214	0.29	49.14
2M21383099+4236368	-0.180456064458	1.68726134624	0.66	48.67
2M21383153+4135447	-0.408935392974	1.8414220444	0.39	69.41
2M21383195+4333162	0.546542663478	1.59050746201	3.52	38.95
2M21383356+4329254	1.77930782758	0.900367128656	60.16	7.95
2M21383363+4230539	0.0969100130081	1.66266340957	1.25	45.99
2M21383784+4239441	0.0170333392988	1.50731604008	1.04	32.16
2M21383835+4305065	-0.180456064458	1.48429983935	0.66	30.5
2M21384009+4200346	2.24780147751	0.725094521081	176.93	5.31
2M21384117+4227381	-0.552841968658	1.79042591739	0.28	61.72
2M21384132+4224231	0.37474834601	1.58240429802	2.37	38.23
2M21384276+4344017	0.170261715395	1.6706168864	1.48	46.84
2M21384333+4237453	-0.0506099933551	1.79323144706	0.89	62.12
2M21384347+4315118	-0.142667503569	1.83505610172	0.72	68.4
2M21384410+4123104	-0.301029995664	1.87168966569	0.5	74.42
2M21384735+4236489	-0.823908740944	1.76566855476	0.15	58.3
2M21384798+4218581	1.13735411137	1.28891960566	13.72	19.45
2M21385097+4145162	2.20962223451	0.557507201906	162.04	3.61
2M21385132+4131589	-0.602059991328	1.55376169839	0.25	35.79
2M21385399+4304016	1.16494737262	1.16465021593	14.62	14.61
2M21385416+4152471	0.117271295656	1.67605312465	1.31	47.43
2M21385435+4240398	0.0374264979406	1.68699356626	1.09	48.64
2M21385462+4234131	0.338456493605	1.67933703052	2.18	47.79
2M21385492+4216021	0.178976947293	1.66351247042	1.51	46.08
2M21385623+4127057	-0.113509274828	1.621799224	0.77	41.86
2M21385676+4133020	0.315970345457	1.55315454817	2.07	35.74
2M21385776+4320369	1.04999285692	1.42488163663	11.22	26.6
2M21385917+4313544	-0.0177287669604	1.91818766136	0.96	82.83
2M21385943+4256542	0.424881636631	1.5369370227	2.66	34.43
2M21390093+4226210	0.0969100130081	1.36791473879	1.25	23.33
2M21390170+4227499	0.338456493605	1.51969676716	2.18	33.09
2M21390287+4253058	-0.113509274828	1.66959578102	0.77	46.73
2M21390426+4142050	0.583198773969	1.57089303622	3.83	37.23
2M21390633+4204060	-0.698970004336	1.618884485	0.2	41.58
2M21390693+4309248	1.07298474463	1.25188145455	11.83	17.86
2M21390833+4137185	0.463892988986	1.51361707379	2.91	32.63
2M21391072+4344413	-0.207608310502	1.58602438239	0.62	38.55
2M21391140+4126037	2.27526527311	0.580924975676	188.48	3.81
2M21391206+4205579	-0.337242168318	1.49373680228	0.46	31.17
2M21391231+4333236	-0.408935392974	1.66875854175	0.39	46.64
2M21391399+4213488	0.117271295656	1.59549622183	1.31	39.4
2M21391427+4314196	-0.468521082958	1.83403901816	0.34	68.24
2M21391500+4330480	-0.408935392974	1.83352958176	0.39	68.16
2M21391521+4224251	2.345824457	0.777426822389	221.73	5.99
2M21391945+4222568	1.83442070368	0.915399835212	68.3	8.23
2M21392176+4310477	-0.568636235841	1.76417613239	0.27	58.1
2M21392374+4151551	0.158362492095	1.5647843845	1.44	36.71
2M21392380+4206033	0.474216264076	1.60184278978	2.98	39.98
2M21392408+4215112	-0.10237290871	1.57611089412	0.79	37.68
2M21392657+4304081	0.276461804173	1.48244479192	1.89	30.37
2M21392733+4248018	0.184691430818	1.77648325583	1.53	59.77
2M21392751+4233096	2.33717962541	0.158362492095	217.36	1.44
2M21393078+4332396	-0.267606240177	1.65205284825	0.54	44.88
2M21393102+4328503	0.0211892990699	1.60713320439	1.05	40.47
2M21393159+4149295	0.276461804173	1.71491624799	1.89	51.87
2M21393241+4245136	0.247973266362	1.70070371715	1.77	50.2
2M21393250+4159415	-0.602059991328	1.72582999032	0.25	53.19
2M21393250+4304310	0.0863598306747	1.61426428736	1.22	41.14
2M21393391+4243325	-0.602059991328	1.82393045513	0.25	66.67
2M21393430+4257340	0.161368002235	1.62107237114	1.45	41.79
2M21393558+4308392	-0.443697499233	1.7194141597	0.36	52.41
2M21393631+4252352	-0.36653154442	1.92685670895	0.43	84.5
2M21393843+4305183	-0.638272163982	1.88615218197	0.23	76.94
2M21394081+4215237	-0.0969100130081	1.66773305253	0.8	46.53
2M21394139+4301382	0.588831725594	1.30211437696	3.88	20.05
2M21394382+4230249	0.25285303098	1.52955867302	1.79	33.85
2M21394731+4249041	1.48429983935	0.889301702506	30.5	7.75
2M21394831+4135301	2.38237730347	0.641474110504	241.2	4.38
2M21394863+4213047	2.08421868674	1.04649516433	121.4	11.13
2M21394933+4143241	1.30449052777	1.26007138799	20.16	18.2
2M21395049+4118427	0.406540180434	1.67550338473	2.55	47.37
2M21395289+4329165	0.0530784434834	1.55351894015	1.13	35.77
2M21395398+4128278	-0.481486060122	1.75027691515	0.33	56.27
2M21395428+4157218	2.20887113825	0.742725131305	161.76	5.53
2M21395460+4302522	0.0530784434834	1.70842090013	1.13	51.1
2M21395698+4229226	-0.0757207139381	1.60325266198	0.84	40.11
2M21400016+4346439	-0.337242168318	1.62797998983	0.46	42.46
2M21400210+4303469	-0.619788758288	1.76566855476	0.24	58.3
2M21400287+4123289	0.416640507338	1.55144999797	2.61	35.6
2M21400296+4155189	0.904174368284	1.49192171259	8.02	31.04
2M21400479+4243589	0.460897842757	1.40942586867	2.89	25.67
2M21400553+4236182	1.21958452621	1.16494737262	16.58	14.62
2M21400599+4127400	0.238046103129	1.3517963069	1.73	22.48
2M21400925+4239387	0.212187604404	1.35063560826	1.63	22.42
2M21401174+4324055	0.344392273685	1.29688447554	2.21	19.81
2M21401182+4313469	0.451786435524	1.26245108973	2.83	18.3
2M21401271+4236116	-0.397940008672	1.82157902791	0.4	66.31
2M21401276+4333574	0.307496037913	1.64855515566	2.03	44.52
2M21401415+4133078	-0.0132282657338	1.6047658847	0.97	40.25
2M21401576+4257046	-0.318758762624	1.71399426766	0.48	51.76
2M21401703+4251233	0.0899051114394	1.50160692242	1.23	31.74
2M21401709+4141599	-0.638272163982	1.82249498528	0.23	66.45
2M21401713+4343313	0.143014800254	1.50718097726	1.39	32.15
2M21401882+4350520	1.61563446888	1.1849751907	41.27	15.31
2M21402073+4301517	-0.721246399047	1.78958071216	0.19	61.6
2M21402075+4154381	0.136720567156	1.76200296938	1.37	57.81
2M21402171+4201159	-0.259637310506	1.85485236242	0.55	71.59
2M21402310+4129422	-0.602059991328	1.84217222939	0.25	69.53
2M21402417+4334403	-0.148741651281	1.61108573341	0.71	40.84
2M21402497+4258082	-0.292429823902	1.83429351244	0.51	68.28
2M21402533+4124090	-0.0655015487564	1.596377144	0.86	39.48
2M21402665+4320213	-0.657577319178	1.84466352824	0.22	69.93
2M21402761+4121125	0.513217600068	1.4227539413	3.26	26.47
2M21402794+4247533	-0.267606240177	1.53275437899	0.54	34.1
2M21402960+4326586	2.33294316013	0.37474834601	215.25	2.37
2M21403106+4346088	0.250420002309	1.52231379516	1.78	33.29
2M21403187+4335578	0.356025857193	1.41597441138	2.27	26.06
2M21403215+4317409	-0.119186407719	1.47769992833	0.76	30.04
2M21403217+4256305	0.525044807037	1.49623754517	3.35	31.35
2M21403256+4228592	-0.0861861476163	1.60368554961	0.82	40.15
2M21403278+4308343	-0.283996656365	1.64325522502	0.52	43.98
2M21403283+4150254	0.170261715395	1.56549362987	1.48	36.77
2M21403292+4331181	-0.13667713988	1.81197694434	0.73	64.86
2M21403346+4352118	0.898176483498	1.34321159018	7.91	22.04
2M21403661+4141307	0.136720567156	1.39497671955	1.37	24.83
2M21403829+4311599	-0.0362121726544	1.63648789635	0.92	43.3
2M21403888+4328546	-0.292429823902	1.7156691424	0.51	51.96
2M21403900+4326130	1.51825065131	1.17609125906	32.98	15.0
2M21403920+4240396	0.195899652409	1.53932706354	1.57	34.62
2M21403941+4347076	-0.292429823902	1.60638136511	0.51	40.4
2M21404054+4224559	0.637489729513	1.32715451241	4.34	21.24
2M21404184+4252520	-0.214670164989	1.73471984166	0.61	54.29
2M21404191+4339571	-0.0457574905607	1.850401148	0.9	70.86
2M21404765+4113110	1.44994098877	1.21298618474	28.18	16.33
2M21404765+4344028	0.149219112655	1.74772246204	1.41	55.94
2M21404865+4135591	0.250420002309	1.48387245422	1.78	30.47
2M21405000+4340584	0.40483371662	1.42324587394	2.54	26.5
2M21405150+4317466	-0.10790539731	1.52981519664	0.78	33.87
2M21405231+4157513	-0.769551078622	1.79112900073	0.17	61.82
2M21405287+4310327	0.459392487759	1.46089784276	2.88	28.9
2M21405308+4332460	0.26245108973	1.63678868903	1.83	43.33
2M21405339+4356094	-0.0315170514461	1.71808629478	0.93	52.25
2M21405419+4244263	0.322219294734	1.49485002168	2.1	31.25
2M21405472+4324113	0.515873843712	1.41262852054	3.28	25.86
2M21405493+4300253	2.16973319794	0.855519155668	147.82	7.17
2M21405641+4345101	-0.698970004336	1.83161385531	0.2	67.86
2M21405728+4210064	-0.130768280269	1.41929472175	0.74	26.26
2M21405859+4211033	-0.0315170514461	1.38039216006	0.93	24.01
2M21410905+4125335	0.247973266362	1.66238002002	1.77	45.96
2M21410922+4111268	-0.376750709602	1.70104963073	0.42	50.24
2M21410943+4313500	-0.119186407719	1.65724712988	0.76	45.42
2M21411101+4323467	0.902546779314	1.3242824553	7.99	21.1
2M21411200+4116478	2.08159931273	0.988558956879	120.67	9.74
2M21411275+4311594	-0.13667713988	1.83897495496	0.73	69.02
2M21411369+4343241	0.222716471148	1.52569252451	1.67	33.55
2M21411413+4239028	1.96820266814	0.515873843712	92.94	3.28
2M21411727+4312585	-0.677780705266	1.72550326886	0.21	53.15
2M21411737+4207372	0.0606978403536	1.50542132758	1.15	32.02
2M21411813+4314066	-0.38721614328	1.73599788409	0.41	54.45
2M21411869+4152216	-0.119186407719	1.66968870806	0.76	46.74
2M21411875+4126333	-0.619788758288	1.76737852411	0.24	58.53
2M21411889+4344318	-0.552841968658	1.78038932847	0.28	60.31
2M21412031+4301012	-0.45593195565	1.76908178712	0.35	58.76
2M21412125+4129567	-0.638272163982	1.70535046289	0.23	50.74
2M21412388+4311245	0.158362492095	1.45999525605	1.44	28.84
2M21412395+4226042	-0.10790539731	1.75081684265	0.78	56.34
2M21412433+4250052	0.315970345457	1.4374334438	2.07	27.38
2M21412444+4126206	-0.173925197299	1.84596576155	0.67	70.14
2M21412476+4247494	-0.38721614328	1.72073797702	0.41	52.57
2M21412488+4318520	0.212187604404	1.64728514503	1.63	44.39
2M21412491+4221166	0.0170333392988	1.42373724998	1.04	26.53
2M21412511+4336173	-0.443697499233	1.81617499043	0.36	65.49
2M21412783+4258013	0.294466226162	1.42569721336	1.97	26.65
2M21412810+4320528	-0.267606240177	1.64394591275	0.54	44.05
2M21412860+4152460	1.28914283593	0.976808337338	19.46	9.48
2M21412913+4319144	0.623249290398	1.36267092973	4.2	23.05
2M21412917+4148580	-0.443697499233	1.70509361055	0.36	50.71
2M21412945+4239443	-0.508638306166	1.61436983955	0.31	41.15
2M21413013+4234314	-0.267606240177	1.63518204866	0.54	43.17
2M21413073+4338111	0.518513939878	1.50283663862	3.3	31.83
2M21413235+4111286	0.511883360979	1.3767593954	3.25	23.81
2M21413457+4356180	0.408239965312	1.34183005692	2.56	21.97
2M21413503+4353306	-0.408935392974	1.75304656163	0.39	56.63
2M21413591+4107049	-0.638272163982	1.79601896935	0.23	62.52
2M21413637+4201258	0.365487984891	1.60444206626	2.32	40.22
2M21413669+4336432	0.0569048513365	1.50839503313	1.14	32.24
2M21413889+4140448	0.238046103129	1.65839302628	1.73	45.54
2M21413909+4215451	0.103803720956	1.38934331125	1.27	24.51
2M21413918+4344222	0.975891136402	1.41380251677	9.46	25.93
2M21414146+4357534	0.0211892990699	1.62551822897	1.05	42.22
2M21414248+4328176	-0.259637310506	1.81424759573	0.55	65.2
2M21414250+4228277	-0.568636235841	1.80962704189	0.27	64.51
2M21414299+4217583	-0.292429823902	1.53542071806	0.51	34.31
2M21414413+4359150	2.08742645704	1.00389116624	122.3	10.09
2M21414448+4201027	-0.292429823902	1.79302165985	0.51	62.09
2M21414458+4232014	0.570542939882	1.509874285	3.72	32.35
2M21414462+4135204	-0.698970004336	1.71264970163	0.2	51.6
2M21414554+4308532	-0.585026652029	1.77041013151	0.26	58.94
2M21414786+4159380	-0.0604807473814	1.80332052358	0.87	63.58
2M21414856+4314507	-0.552841968658	1.76967266406	0.28	58.84
2M21414902+4151528	-0.251811972994	1.91687487854	0.56	82.58
2M21415010+4332110	0.149219112655	1.64008373137	1.41	43.66
2M21415125+4342389	1.61426428736	0.958563883222	41.14	9.09
2M21415412+4317289	0.330413773349	1.58263143949	2.14	38.25
2M21415523+4225367	-0.397940008672	1.62417892575	0.4	42.09
2M21415603+4130066	0.42160392687	1.43980621139	2.64	27.53
2M21415621+4143430	0.232996110392	1.63235604624	1.71	42.89
2M21415678+4306484	1.28735377271	1.18752072084	19.38	15.4
2M21415771+4228497	-0.443697499233	1.86593266819	0.36	73.44
2M21415801+4208133	-0.259637310506	1.75158700508	0.55	56.44
2M21420150+4232246	0.41995574849	1.52153034128	2.63	33.23
2M21420198+4354329	-0.00436480540245	1.80352539558	0.99	63.61
2M21420209+4112201	-0.119186407719	1.68717210459	0.76	48.66
2M21420481+4134474	0.582063362912	1.32797162362	3.82	21.28
2M21420489+4224217	0.0	1.83167784919	1.0	67.87
2M21420492+4246346	0.0863598306747	1.7393349602	1.22	54.87
2M21420560+4330488	-0.0969100130081	1.6082050077	0.8	40.57
2M21420575+4303188	-0.292429823902	1.75913881628	0.51	57.43
2M21420597+4312045	-0.52287874528	1.80051087689	0.3	63.17
2M21420650+4118146	-0.0222763947112	1.71474876073	0.95	51.85
2M21420788+4109513	-0.301029995664	1.75534118381	0.5	56.93
2M21420922+4216417	1.52374646681	1.24674470972	33.4	17.65
2M21420997+4227344	0.350248018334	1.38578495884	2.24	24.31
2M21420998+4331498	-0.154901959986	1.67145055421	0.7	46.93
2M21421027+4357203	-0.119186407719	1.60670374133	0.76	40.43
2M21421060+4355263	0.143014800254	1.53895056201	1.39	34.59
2M21421307+4111261	0.38381536598	1.53083977862	2.42	33.95
2M21421495+4119166	0.967547976219	1.44916973217	9.28	28.13
2M21421499+4257439	-0.0132282657338	1.51361707379	0.97	32.63
2M21421509+4252357	0.170261715395	1.50528567414	1.48	32.01
2M21421595+4159023	-0.795880017344	1.83645071372	0.16	68.62
2M21421684+4137118	-0.154901959986	1.50105926222	0.7	31.7
2M21421957+4213373	-0.481486060122	1.7655195431	0.33	58.28
2M21422120+4113159	0.466867620354	1.4156409799	2.93	26.04
2M21422180+4119475	-0.0222763947112	1.63134228648	0.95	42.79
2M21422421+4255139	-0.677780705266	1.78211414748	0.21	60.55
2M21422545+4220176	-0.677780705266	1.83410265571	0.21	68.25
2M21422552+4337404	-0.214670164989	1.73255457985	0.61	54.02
2M21422592+4348341	0.305351369447	1.53995384166	2.02	34.67
2M21423008+4331176	-0.229147988358	1.62159167586	0.59	41.84
2M21423029+4338116	-0.0222763947112	1.4967913157	0.95	31.39
2M21423036+4326410	-0.408935392974	1.72411195396	0.39	52.98
2M21423258+4303153	1.75158700508	1.0476641946	56.44	11.16
2M21423410+4220256	2.40973029256	0.301029995664	256.88	2.0
2M21423416+4226266	2.08976385449	0.928395852257	122.96	8.48
2M21423499+4340182	-0.408935392974	1.69214160937	0.39	49.22
2M21423518+4217247	-0.318758762624	1.61542395289	0.48	41.25
2M21423576+4135487	-0.180456064458	1.80848105657	0.66	64.34
2M21423613+4341044	-0.52287874528	1.76117581316	0.3	57.7
2M21423713+4317255	-0.443697499233	1.75342984158	0.36	56.68
2M21423813+4317002	0.143014800254	1.55218133884	1.39	35.66
2M21423824+4318250	-0.327902142064	1.79982283099	0.47	63.07
2M21423878+4351506	0.305351369447	1.54530711647	2.02	35.1
2M21423881+4348215	0.136720567156	1.49052030936	1.37	30.94
2M21424177+4132110	0.515873843712	1.31785448933	3.28	20.79
2M21424191+4305462	-0.130768280269	1.6775157048	0.74	47.59
2M21424265+4239096	0.994756944588	1.2065560441	9.88	16.09
2M21424430+4138008	1.52904517077	0.917505509553	33.81	8.27
2M21424542+4317412	0.444044795918	1.55083960507	2.78	35.55
2M21424559+4217032	1.3479151865	1.23879856271	22.28	17.33
2M21424601+4251422	0.733999286538	1.18269990334	5.42	15.23
2M21424657+4248311	0.0827853703165	1.83199767724	1.21	67.92
2M21424717+4158322	-0.318758762624	1.84104646541	0.48	69.35
2M21424870+4128028	0.130333768495	1.75335321264	1.35	56.67
2M21425012+4348456	1.87430783313	0.842609239611	74.87	6.96
2M21425188+4343488	-0.0222763947112	1.70423633731	0.95	50.61
2M21425446+4324435	-0.283996656365	1.80556881755	0.52	63.91
2M21425504+4110187	-0.619788758288	1.83046035003	0.24	67.68
2M21425643+4111565	-0.795880017344	1.78089310869	0.16	60.38
2M21425821+4339430	-0.0915149811214	1.81677141233	0.81	65.58
2M21430215+4209537	-0.0177287669604	1.62634036738	0.96	42.3
2M21430222+4352196	-0.00436480540245	1.69302306792	0.99	49.32
2M21430231+4158535	0.0530784434834	1.61097937992	1.13	40.83
2M21430247+4129274	-0.0655015487564	1.59505508976	0.86	39.36
2M21430261+4345038	-0.537602002101	1.64767631324	0.29	44.43
2M21430545+4154482	0.107209969648	1.78845120702	1.28	61.44
2M21430548+4200530	2.38225124615	0.267171728403	241.13	1.85
2M21430714+4118569	-0.376750709602	1.72582999032	0.42	53.19
2M21430884+4341022	-0.36653154442	1.68376726143	0.43	48.28
2M21430923+4158354	-0.677780705266	1.56431090996	0.21	36.67
2M21430986+4128215	0.35983548234	1.44591541395	2.29	27.92
2M21431071+4147259	-0.193820026016	1.69028470251	0.64	49.01
2M21431182+4208292	-0.113509274828	1.67888241467	0.77	47.74
2M21431219+4323167	-0.275724130399	1.77415185895	0.53	59.45
2M21431225+4333267	0.802773725292	1.41246054743	6.35	25.85
2M21431317+4238483	-0.376750709602	1.71424591102	0.42	51.79
2M21431353+4310185	-0.537602002101	1.85046243276	0.29	70.87
2M21431370+4158010	-0.45593195565	1.82458137623	0.35	66.77
2M21431371+4321162	0.763427993563	1.32715451241	5.8	21.24
2M21431465+4254394	-0.38721614328	1.6171052305	0.41	41.41
2M21431574+4202361	1.32159843047	1.19451434188	20.97	15.65
2M21431592+4118433	0.484299839347	1.43392976561	3.05	27.16
2M21431757+4338124	-0.124938736608	1.67209785794	0.75	47.0
2M21431948+4237450	0.301029995664	1.5699588181	2.0	37.15
2M21431972+4210339	-0.38721614328	1.75335321264	0.41	56.67
2M21432142+4341213	-0.0604807473814	1.70397882501	0.87	50.58
2M21432172+4151293	2.3409792166	0.365487984891	219.27	2.32
2M21432202+4107550	-0.244125144328	1.68824179598	0.57	48.78
2M21432229+4136323	1.87892373397	0.827369273054	75.67	6.72
2M21432292+4302137	-0.142667503569	1.72973159529	0.72	53.67
2M21432303+4346008	-0.0362121726544	1.58376536828	0.92	38.35
2M21432388+4209512	0.0755469613925	1.75235580415	1.19	56.54
2M21432408+4159207	0.296665190262	1.48115587083	1.98	30.28
2M21432462+4342223	0.257678574869	1.49276038903	1.81	31.1
2M21432565+4324437	0.380211241712	1.75227898546	2.4	56.53
2M21432706+4255142	0.389166084365	1.68583127463	2.45	48.51
2M21432746+4146304	0.385606273598	1.56348108539	2.43	36.6
2M21432773+4358482	-0.283996656365	1.7032053707	0.52	50.49
2M21432939+4116338	1.35888620441	1.23299611039	22.85	17.1
2M21432993+4316180	0.146128035678	1.54814363743	1.4	35.33
2M21433221+4203262	-0.0809219076239	1.62695595144	0.83	42.36
2M21433225+4204467	-0.161150909263	1.73909744612	0.69	54.84
2M21433279+4143514	0.181843587945	1.46849502451	1.52	29.41
2M21433320+4219210	-0.0457574905607	1.63688890698	0.9	43.34
2M21433442+4326486	-0.346787486225	1.67915524128	0.45	47.77
2M21433458+4336233	-0.0757207139381	1.83301954708	0.84	68.08
2M21433549+4137459	-0.301029995664	1.73671513361	0.5	54.54
2M21433590+4338245	0.267171728403	1.54369563231	1.85	34.97
2M21433865+4356193	0.22010808804	1.72517630142	1.66	53.11
2M21433915+4258434	0.29885307641	1.45408227073	1.99	28.45
2M21434028+4325012	-0.180456064458	1.63538320405	0.66	43.19
2M21434213+4249216	-0.568636235841	1.78490244989	0.27	60.94
2M21434334+4311364	0.250420002309	1.52981519664	1.78	33.87
2M21434357+4152229	-0.0809219076239	1.85751341478	0.83	72.03
2M21434404+4134127	-0.45593195565	1.7032053707	0.35	50.49
2M21434423+4400370	2.24865974305	0.535294120043	177.28	3.43
2M21434429+4323427	1.9469432707	0.733197265107	88.5	5.41
2M21434538+4252266	0.582063362912	1.55894844598	3.82	36.22
2M21434810+4304115	0.294466226162	1.53478735863	1.97	34.26
2M21434962+4213009	0.30319605742	1.46657107239	2.01	29.28
2M21435008+4119333	-0.638272163982	1.8052289142	0.23	63.86
2M21435102+4348148	-0.193820026016	1.60659630918	0.64	40.42
2M21435294+4345433	1.34635297445	1.16345955177	22.2	14.57
2M21435492+4217292	0.637489729513	1.42439155441	4.34	26.57
2M21435586+4316481	-0.408935392974	1.77224833997	0.39	59.19
2M21435605+4248083	-0.0362121726544	1.69504365882	0.92	49.55
2M21440088+4154446	2.33467486334	0.454844860009	216.11	2.85
2M21440139+4306349	0.113943352307	1.80051087689	1.3	63.17
2M21440177+4344480	0.0334237554869	1.54740545967	1.08	35.27
2M21440228+4334478	-0.481486060122	1.64117654661	0.33	43.77
2M21440283+4201298	0.523746466812	1.16076856186	3.34	14.48
2M21440414+4337271	-0.309803919971	1.80935767021	0.49	64.47
2M21440467+4108067	-0.180456064458	1.64038204471	0.66	43.69
2M21440667+4215573	0.619093330627	1.37346372163	4.16	23.63
2M21440714+4204042	-0.698970004336	1.63377134608	0.2	43.03
2M21440731+4338330	0.898176483498	1.33585891132	7.91	21.67
2M21440767+4306480	-0.200659450546	1.79490610652	0.63	62.36
2M21440792+4307010	-0.38721614328	1.62777537523	0.41	42.44
2M21440921+4354126	-0.327902142064	1.72065535655	0.47	52.56
2M21441040+4217542	-0.408935392974	1.53995384166	0.39	34.67
2M21441452+4205367	1.99334803992	0.868644438395	98.48	7.39
2M21441604+4245335	-0.0362121726544	1.64855515566	0.92	44.52
2M21441624+4401319	0.394451680826	1.64008373137	2.48	43.66
2M21441864+4329520	0.326335860929	1.43440920759	2.12	27.19
2M21441916+4154209	-0.0506099933551	1.82588029894	0.89	66.97
2M21442060+4302339	-0.173925197299	1.7264011621	0.67	53.26
2M21442066+4211363	1.46508528756	0.690196080029	29.18	4.9
2M21442089+4339302	0.568201724067	1.45147940512	3.7	28.28
2M21442136+4312587	1.17897694729	1.1583624921	15.1	14.4
2M21442271+4219296	0.0969100130081	1.75868484988	1.25	57.37
2M21442349+4316194	0.149219112655	1.60151678365	1.41	39.95
2M21442359+4306131	0.440909082065	1.48812749625	2.76	30.77
2M21442405+4130494	0.155336037465	1.50310943667	1.43	31.85
2M21442685+4215043	0.0644579892269	1.40756084949	1.16	25.56
2M21442722+4213068	-0.142667503569	1.5978048424	0.72	39.61
2M21443030+4253545	0.0791812460476	1.49982449584	1.2	31.61
2M21443397+4239115	-0.431798275933	1.8148466686	0.37	65.29
2M21443610+4122132	-0.214670164989	1.54045461367	0.61	34.71
2M21443691+4337415	-0.318758762624	1.82503644122	0.48	66.84
2M21443896+4155263	0.00860017176192	1.58950279626	1.02	38.86
2M21443924+4114575	-0.823908740944	1.80188370713	0.15	63.37
2M21443963+4307030	0.344392273685	1.51094694867	2.21	32.43
2M21444039+4137284	-0.0409586076789	1.70850588096	0.91	51.11
2M21444039+4252028	0.120573931206	1.58421811212	1.32	38.39
2M21444240+4223373	-0.187086643357	1.62314587464	0.65	41.99
2M21444344+4309082	0.307496037913	1.50242711998	2.03	31.8
2M21444465+4345462	1.76537048029	0.870403905279	58.26	7.42
2M21444495+4304474	-0.0132282657338	1.69486832798	0.97	49.53
2M21444567+4320273	-0.408935392974	1.66679868367	0.39	46.43
2M21444621+4324160	0.0492180226702	1.61857102812	1.12	41.55
2M21444757+4154163	0.829303772831	1.25695815256	6.75	18.07
2M21444774+4229041	0.357934847	1.50609895993	2.28	32.07
2M21444850+4144068	-0.552841968658	1.91264710622	0.28	81.78
2M21444901+4323278	0.328379603439	1.53211711625	2.13	34.05
2M21444979+4318204	0.367355921026	1.52930199779	2.33	33.83
2M21445087+4400171	0.00860017176192	1.50447086249	1.02	31.95
2M21445149+4135144	-0.0604807473814	1.45024910832	0.87	28.2
2M21445160+4143486	0.0934216851622	1.57194163507	1.24	37.32
2M21445208+4400521	-0.292429823902	1.64952956595	0.51	44.62
2M21445259+4126324	-0.119186407719	1.6745856023	0.76	47.27
2M21445320+4323193	-0.113509274828	1.64305768375	0.77	43.96
2M21445735+4225445	-0.721246399047	1.59692681434	0.19	39.53
2M21450210+4400437	0.267171728403	1.74004672405	1.85	54.96
2M21450308+4210479	-0.443697499233	1.63678868903	0.36	43.33
2M21450698+4301015	0.37474834601	1.74115159885	2.37	55.1
2M21450983+4342345	0.0492180226702	1.50555693866	1.12	32.03
2M21451194+4150182	-0.0268721464003	1.58591171032	0.94	38.54
2M21451241+4225454	1.04921802267	1.03702787976	11.2	10.89
2M21451241+4308570	-0.187086643357	1.76514679011	0.65	58.23
2M21451274+4305367	0.0334237554869	1.62675085368	1.08	42.34
2M21451297+4327061	0.344392273685	1.55690526906	2.21	36.05
2M21451301+4235005	-0.275724130399	1.8480042715	0.53	70.47
2M21451353+4331593	-0.408935392974	1.82386530932	0.39	66.66
2M21451397+4319554	1.78625439579	0.818225893614	61.13	6.58
2M21451494+4300019	-0.0409586076789	1.60031932975	0.91	39.84
2M21451509+4252090	-0.602059991328	1.67687643197	0.25	47.52
2M21451631+4342178	-0.292429823902	1.73054003648	0.51	53.77
2M21451924+4113469	-0.638272163982	1.65475393325	0.23	45.16
2M21451978+4309005	0.222716471148	1.4590907896	1.67	28.78
2M21452074+4131278	0.447158031342	1.21165440055	2.8	16.28
2M21452148+4140191	-0.721246399047	1.79063696193	0.19	61.75
2M21452208+4119247	0.170261715395	1.49954962591	1.48	31.59
2M21452367+4334324	0.371067862272	1.62055244473	2.35	41.74
2M21452516+4152400	0.40483371662	1.38237730347	2.54	24.12
2M21452543+4253131	-0.161150909263	1.88371820196	0.69	76.51
2M21452669+4341082	0.146128035678	1.52801634119	1.4	33.73
2M21452675+4335149	-0.468521082958	1.7231271588	0.34	52.86
2M21452689+4315483	0.0569048513365	1.88784226511	1.14	77.24
2M21452727+4317000	-0.251811972994	1.7813963052	0.56	60.45
2M21452734+4207105	0.416640507338	1.60119053262	2.61	39.92
2M21452743+4212297	-0.180456064458	1.56773196255	0.66	36.96
2M21452797+4242582	0.440909082065	1.30081279412	2.76	19.99
2M21452953+4112170	0.389166084365	1.29490691061	2.45	19.72
2M21453194+4325321	0.0569048513365	1.75365964729	1.14	56.71
2M21453219+4343412	0.309630167426	1.67614468036	2.04	47.44
2M21453226+4204319	0.996511672154	1.10105935491	9.92	12.62
2M21453261+4253140	-0.259637310506	1.67942789661	0.55	47.8
2M21453298+4257100	-0.769551078622	1.74452767347	0.17	55.53
2M21453410+4307533	-0.431798275933	1.78540102499	0.37	61.01
2M21453573+4254562	0.0969100130081	1.53453375601	1.25	34.24
2M21453583+4135210	0.0827853703165	1.83129374438	1.21	67.81
2M21453587+4130103	-0.0506099933551	1.68984140914	0.89	48.96
2M21453689+4226375	1.81050134777	1.07335170239	64.64	11.84
2M21454079+4124388	1.9939209588	0.485721426482	98.61	3.06
2M21454093+4157106	0.0827853703165	1.59933713299	1.21	39.75
2M21454301+4247497	0.0293837776852	1.59670702968	1.07	39.51
2M21454383+4329469	-0.346787486225	1.95313122518	0.45	89.77
2M21454930+4310175	-0.327902142064	1.78103693862	0.47	60.4
2M21454937+4320310	-0.397940008672	1.73854274093	0.4	54.77
2M21455240+4238255	-0.0604807473814	1.73487980279	0.87	54.31
2M21455252+4220522	0.195899652409	1.67412598274	1.57	47.22
2M21455474+4328133	-0.552841968658	1.81960973275	0.28	66.01
2M21455785+4137440	-0.148741651281	1.86075712308	0.71	72.57
2M21455846+4318101	0.247973266362	1.55157197367	1.77	35.61
2M21455903+4117584	1.17580163285	1.19005141776	14.99	15.49
2M21455910+4337591	2.32389120826	0.423245873937	210.81	2.65
2M21455917+4126547	0.834420703682	1.3469394627	6.83	22.23
2M21460462+4336291	0.22010808804	1.64679568878	1.66	44.34
2M21460582+4238424	-0.537602002101	1.93013364584	0.29	85.14
2M21460721+4208571	-0.552841968658	1.77952434332	0.28	60.19
2M21461578+4150470	-0.408935392974	1.70986331744	0.39	51.27
2M21461656+4135142	0.0681858617462	1.62211036036	1.17	41.89
2M21461789+4311461	0.0827853703165	1.6092741724	1.21	40.67
2M21461792+4156392	0.406540180434	1.33000770087	2.55	21.38
2M21461846+4309022	0.382017042575	1.70782556833	2.41	51.03
2M21461925+4113344	-0.187086643357	1.62459145913	0.65	42.13
2M21462021+4226307	0.276461804173	1.44978684699	1.89	28.17
2M21462131+4154365	0.631443769013	1.40226138245	4.28	25.25
2M21462152+4319200	0.294466226162	1.41796964221	1.97	26.18
2M21462177+4141442	0.356025857193	1.55594043782	2.27	35.97
2M21462254+4159021	2.34541294274	0.434568904034	221.52	2.72
2M21462505+4316347	-0.318758762624	1.52556305827	0.48	33.54
2M21462576+4200418	0.178976947293	1.41279642872	1.51	25.87
2M21462687+4240356	-0.259637310506	1.71717102683	0.55	52.14
2M21462793+4336381	0.0644579892269	1.7813963052	1.16	60.45
2M21463374+4341277	0.193124598354	1.54580175716	1.56	35.14
2M21463523+4335367	-0.568636235841	1.75281643119	0.27	56.6
2M21463586+4321338	-0.0268721464003	1.77188132019	0.94	59.14
2M21463799+4337256	0.0606978403536	1.678700435	1.15	47.72
2M21463845+4259173	-0.397940008672	1.63346845558	0.4	43.0
2M21464370+4140044	0.338456493605	1.54294984881	2.18	34.91
2M21464416+4219374	1.10037054512	1.38345629652	12.6	24.18
2M21464618+4141508	-0.113509274828	1.61573968862	0.77	41.28
2M21464789+4310298	0.278753600953	1.49498897368	1.9	31.26
2M21464856+4250016	-0.327902142064	1.66539335028	0.47	46.28
2M21464939+4350172	-0.537602002101	1.68466586403	0.29	48.38
2M21464954+4339220	-0.0757207139381	1.58613702523	0.84	38.56
2M21465090+4345497	-0.0506099933551	1.62551822897	0.89	42.22
2M21465223+4247248	1.17522180034	1.5063697171	14.97	32.09
2M21465225+4216104	-0.0915149811214	1.74826557267	0.81	56.01
2M21465299+4214575	-0.744727494897	1.7441364524	0.18	55.48
2M21465345+4228321	2.1288837021	0.769377326076	134.55	5.88
2M21465548+4125143	-0.309803919971	1.7242758696	0.49	53.0
2M21465665+4111586	0.717670503002	1.60021030641	5.22	39.83
2M21465938+4315521	0.0899051114394	1.87355309351	1.23	74.74
2M21470032+4345532	0.267171728403	1.61898892036	1.85	41.59
2M21470109+4327423	-0.481486060122	1.55083960507	0.33	35.55
2M21470362+4330122	0.513217600068	1.47827783192	3.26	30.08
2M21470375+4247467	0.107209969648	1.555336328	1.28	35.92
2M21470424+4218399	-0.0809219076239	1.58950279626	0.83	38.86
2M21470425+4124518	-0.420216403383	1.68565218412	0.38	48.49
2M21470460+4153181	0.274157849264	1.37767043933	1.88	23.86
2M21470551+4315185	0.561101383649	1.28510702957	3.64	19.28
2M21470560+4329570	0.152288344383	1.46686762035	1.42	29.3
2M21470613+4147380	-0.552841968658	1.77129344263	0.28	59.06
2M21470727+4326368	0.51454775266	1.46582881536	3.27	29.23
2M21470888+4246475	0.20139712432	1.47363292687	1.59	29.76
2M21471084+4213324	-0.130768280269	1.88935773689	0.74	77.51
2M21471199+4319506	1.97694575056	0.702430536446	94.83	5.04
2M21471280+4201040	2.34119703215	0.643452676486	219.38	4.4
2M21471633+4203379	0.423245873937	1.45209324902	2.65	28.32
2M21471647+4322555	0.528916700278	1.43232779226	3.38	27.06
2M21471901+4142174	-0.193820026016	1.82613961794	0.64	67.01
2M21472060+4336563	0.568201724067	1.48869169832	3.7	30.81
2M21472296+4302314	0.227886704614	1.62428209584	1.69	42.1
2M21472483+4308307	-0.481486060122	1.75996985755	0.33	57.54
2M21472551+4119081	1.39915433396	1.20139712432	25.07	15.9
2M21472593+4120328	-0.301029995664	1.70174063244	0.5	50.32
2M21472662+4128174	-0.309803919971	1.6662370959	0.49	46.37
2M21472672+4316008	-0.468521082958	1.79789048306	0.34	62.79
2M21472714+4256464	-0.537602002101	1.76342799356	0.29	58.0
2M21472884+4343014	0.267171728403	1.52192224488	1.85	33.26
2M21472917+4228492	0.565847818674	1.46493642912	3.68	29.17
2M21472933+4147468	0.113943352307	1.49954962591	1.3	31.59
2M21473131+4325089	-0.251811972994	1.74390155049	0.56	55.45
2M21473190+4158125	-0.698970004336	1.8502172418	0.2	70.83
2M21473454+4237581	0.19033169817	1.59239884612	1.55	39.12
2M21474017+4336066	-0.443697499233	1.57275546515	0.36	37.39
2M21474260+4332000	-0.0555173278498	1.66987450249	0.88	46.76
2M21474843+4131004	-0.585026652029	1.85418454383	0.26	71.48
2M21474858+4258266	-0.0506099933551	1.65321251378	0.89	45.0
2M21474886+4137365	0.290034611363	1.39689644914	1.95	24.94
2M21474917+4313497	0.445604203274	1.20628604441	2.79	16.08
2M21475089+4207404	-0.619788758288	1.76574304142	0.24	58.31
2M21475156+4131301	0.232996110392	1.77974075118	1.71	60.22
2M21475241+4150176	2.03394620299	1.0762762554	108.13	11.92
2M21475347+4118520	-0.408935392974	1.75838194177	0.39	57.33
2M21475449+4328073	-0.148741651281	1.59747578987	0.71	39.58
2M21475593+4230053	0.338456493605	1.80078579033	2.18	63.21
2M21475644+4240219	0.547774705388	1.53198955141	3.53	34.04
2M21475778+4251045	0.37291200297	1.49178177558	2.36	31.03
2M21480156+4146317	2.27355681353	0.396199347096	187.74	2.49
2M21480305+4155373	0.820201459486	1.29136885045	6.61	19.56
2M21480359+4151101	-0.677780705266	1.77670118399	0.21	59.8
2M21480830+4121355	-0.36653154442	1.72222246397	0.43	52.75
2M21480963+4126449	1.36455099535	0.909020854211	23.15	8.11
2M21481267+4310195	-0.0362121726544	1.49066065336	0.92	30.95
2M21481452+4141320	0.43933269383	1.48614699681	2.75	30.63
2M21481600+4308030	0.164352855784	1.493597449	1.46	31.16
2M21481846+4131513	0.158362492095	1.43360984332	1.44	27.14
2M21481948+4217428	-0.0177287669604	1.57783634129	0.96	37.83
2M21482309+4146353	0.840106094457	1.37014284705	6.92	23.45
2M21482361+4212500	0.344392273685	1.47625179601	2.21	29.94
2M21482400+4149350	-0.552841968658	1.85570083084	0.28	71.73
2M21482698+4222121	0.40483371662	1.60777660374	2.54	40.53
2M21482741+4252154	-0.301029995664	1.76087463805	0.5	57.66
2M21482923+4307053	1.6091673743	1.2776092143	40.66	18.95
2M21483151+4319276	-0.468521082958	1.67283645417	0.34	47.08
2M21483453+4230317	0.123851640967	1.46119828862	1.33	28.92
2M21483482+4150334	-0.468521082958	1.76019622946	0.34	57.57
2M21483992+4246489	0.0934216851622	1.50582803385	1.24	32.05
2M21484179+4135270	0.0211892990699	1.66829271045	1.05	46.59
2M21484191+4331223	0.243038048686	1.621799224	1.75	41.86
2M21484283+4249427	-0.0222763947112	1.79462744466	0.95	62.32
2M21484554+4249225	-0.52287874528	1.69853549256	0.3	49.95
2M21484632+4313536	0.123851640967	1.55750720191	1.33	36.1
2M21484854+4238057	0.311753861056	1.7295697263	2.05	53.65
2M21484924+4150385	-0.420216403383	1.81776363228	0.38	65.73
2M21485046+4340364	-0.221848749616	1.73567872591	0.6	54.41
2M21485201+4253088	-0.200659450546	1.63508143601	0.63	43.16
2M21485409+4141038	0.0969100130081	1.4858633296	1.25	30.61
2M21490191+4339029	-0.537602002101	1.85901814389	0.29	72.28
2M21490268+4229011	0.432969290874	1.45969397648	2.71	28.82
2M21490463+4248522	1.80529691616	0.989004615699	63.87	9.75
2M21490551+4130553	0.328379603439	1.66285223326	2.13	46.01
2M21490815+4144150	0.0791812460476	1.90514800186	1.2	80.38
2M21491147+4220350	-0.481486060122	1.85284581801	0.33	71.26
2M21491736+4247588	1.16672605558	1.26552533522	14.68	18.43
2M21492221+4157467	0.0	1.75189468804	1.0	56.48
2M21492292+4314321	-0.119186407719	1.64008373137	0.76	43.66
2M21492557+4203285	1.46478751965	1.06333335895	29.16	11.57
2M21492557+4324153	-0.267606240177	1.63548374681	0.54	43.2
2M21493017+4242221	0.326335860929	1.41043978621	2.12	25.73
2M21493070+4139466	0.673020907129	1.50310943667	4.71	31.85
2M21493613+4302109	0.674861140738	1.34458874258	4.73	22.11
2M21494038+4135478	1.19948091486	1.25333800533	15.83	17.92
2M21494506+4218085	-0.619788758288	1.78781456706	0.24	61.35
2M21494573+4155526	-0.0132282657338	1.64522571154	0.97	44.18
2M21494692+4153051	-0.552841968658	1.64414305051	0.28	44.07
2M21494713+4254020	-0.0457574905607	1.64414305051	0.9	44.07
2M21494920+4249149	0.411619705963	1.63467875218	2.58	43.12
2M21495078+4307132	0.0253058652648	1.61773403536	1.06	41.47
2M21495159+4223523	-0.275724130399	2.00246845013	0.53	100.57
2M21495505+4231528	-0.346787486225	1.42028588494	0.45	26.32
2M21495933+4155585	-0.10790539731	1.66931688057	0.78	46.7
2M21500371+4242484	-0.318758762624	1.74233228236	0.48	55.25
2M21500626+4324072	-0.292429823902	1.70731463359	0.51	50.97
2M21500761+4210137	0.86332286012	1.48869169832	7.3	30.81
2M21501629+4228402	-0.508638306166	1.61773403536	0.31	41.47
2M21501665+4303118	-0.0969100130081	1.51534389309	0.8	32.76
2M21502228+4315534	0.320146286111	1.40071063677	2.09	25.16
2M21502533+4212272	0.0453229787867	1.50501424008	1.11	31.99
2M21502669+4219278	-0.180456064458	1.39462676427	0.66	24.81
2M21502879+4225416	0.510545010207	1.5043349118	3.24	31.94
2M21502898+4300561	0.925827574625	1.33324569896	8.43	21.54
2M21502954+4236374	0.828015064224	1.47494433547	6.73	29.85
2M21503093+4204175	0.178976947293	1.54332290065	1.51	34.94
2M21503189+4306169	-0.0969100130081	1.66379512222	0.8	46.11
2M21503234+4215356	0.257678574869	1.38489079653	1.81	24.26
2M21503355+4203302	0.334453751151	1.49023948525	2.16	30.92
2M21503781+4226545	0.822168079368	1.13161866435	6.64	13.54
2M21503928+4201036	0.255272505103	1.50419891854	1.8	31.93
2M21504373+4215257	0.0606978403536	1.67043140936	1.15	46.82
2M21505300+4234423	0.878521795501	1.3660492098	7.56	23.23
2M21505372+4311210	0.290034611363	1.6514718522	1.95	44.82
2M21505461+4243522	0.320146286111	1.48273070008	2.09	30.39
2M21510112+4209226	0.235528446908	1.67070959522	1.72	46.85
2M21510272+4305388	0.999565488226	1.38093446333	9.99	24.04
2M21510285+4208430	-0.00436480540245	1.79176080401	0.99	61.91
2M21510421+4307158	0.52633927739	1.41413736218	3.36	25.95
2M21510481+4221123	-0.795880017344	1.64443858947	0.16	44.1
2M21510690+4304315	0.13353890837	1.59095323519	1.36	38.99
2M21510936+4246021	0.143014800254	1.67531998334	1.39	47.35
2M21510956+4214578	0.161368002235	1.57484119506	1.45	37.57
2M21511054+4239290	0.860338006571	1.30984300472	7.25	20.41
2M21511156+4216231	0.29885307641	1.68475562211	1.99	48.39
2M21511162+4226548	0.309630167426	1.58703711774	2.04	38.64
2M21511288+4224342	2.33489586301	0.732393759823	216.22	5.4
2M21511331+4228342	0.271841606536	1.24353410183	1.87	17.52
2M21511942+4249578	0.187520720836	1.45833562599	1.54	28.73
2M21512597+4251559	0.346352974451	1.49457198423	2.22	31.23
2M21513084+4231024	0.328379603439	1.66238002002	2.13	45.96
2M21513789+4239214	0.539076098793	1.47581641303	3.46	29.91
