 Location ID            2MASS_ID      x@y=0.1      x@y=0.3      x@y=0.5      x@y=0.7      x@y=0.9      x_range
      4310     2M02455483+6543350       162.88        47.04       -45.90       -48.32       -62.45       225.32
      4310     2M02455483+6543350      -179.05      -141.88       -53.39        64.56        39.93       243.61
      4310     2M02455483+6543350      -176.07      -136.60      -105.25        65.09        49.75       241.17
      4287     2M00013948+7336427       -54.75        29.68        23.34         3.25         0.32        84.43
      4217     2M00322120+8518390        -0.10        -2.23         0.41         0.29         0.08         2.64
      4217     2M00322120+8518390        -0.20         1.23         0.20         0.03         0.03         1.43
      4217     2M00322120+8518390        -0.15        -0.16         0.30         0.26         0.05         0.46
      4217     2M00322120+8518390        -0.11         0.10         0.10         0.19         0.05         0.30
      4217     2M00322120+8518390         0.10        -7.85         0.31         0.18         0.25         8.16
      4217     2M00322120+8518390        -0.28         4.47         0.59         0.07         0.00         4.75
      4217     2M00322120+8518390        -0.14        -0.59        -0.16        -0.17        -0.03         0.56
      4217     2M00322120+8518390        -0.14         0.41        -0.66        -0.02         0.05         1.07
      4217     2M00322120+8518390        -0.14         0.29        -0.10         0.12         0.05         0.42
      4217     2M00344509+8512058        -0.18         0.23         0.83         0.38         0.25         1.01
      4217     2M00344509+8512058        -0.18         0.63         0.27         0.28         0.27         0.81
      4217     2M00344509+8512058        -0.20         2.54        -0.08         0.08         0.15         2.75
      4217     2M00344509+8512058        -0.22         2.01         0.65         0.29         0.22         2.23
      4217     2M00344509+8512058        -0.33         1.69         0.19         0.15         0.03         2.02
      4217     2M00344509+8512058        -0.61         5.12        -0.72        -0.06         0.00         5.84
      4217     2M00344509+8512058        -1.26        11.03        -0.92         0.07        -0.05        12.29
      4217     2M00344509+8512058        -0.39         4.44        -0.82         0.10        -0.02         5.26
      4217     2M00454489+8504180        -0.13         0.59         0.22         0.19         0.12         0.72
      4217     2M00454489+8504180        -0.10        -0.16        -0.20        -0.04         0.03         0.23
      4217     2M00454489+8504180        -0.77         9.90         0.20         0.11         0.05        10.67
      4217     2M00454489+8504180        -0.12         0.04         0.32         0.14         0.07         0.44
      4217     2M00454489+8504180        -0.21         2.19         1.01         0.33         0.07         2.41
      4217     2M00454489+8504180        -0.50         6.69         0.62         0.15        -0.05         7.18
      4217     2M00454489+8504180        -0.23         2.66         0.29         0.08        -0.05         2.88
      4217     2M00454489+8504180        -0.82         9.98         0.10        -0.03        -0.03        10.80
      4217     2M00454489+8504180        -0.19         1.75         0.31         0.10        -0.03         1.94
      4217     2M00463920+8523336        -0.11         0.08        -0.08         0.00         0.00         0.19
      4217     2M00463920+8523336        -0.11        -0.11         0.06        -0.07         0.00         0.17
      4217     2M00463920+8523336        -0.11        -0.14        -0.08         0.00         0.00         0.14
      4217     2M00463920+8523336        -0.11         0.13         0.00         0.04        -0.02         0.24
      4217     2M00463920+8523336        -0.11        -0.09        -0.03        -0.03        -0.02         0.08
      4217     2M00463920+8523336        -0.11        -0.00         0.00         0.04        -0.02         0.15
      4217     2M00463920+8523336        -0.11         0.31         0.00         0.04        -0.02         0.42
      4217     2M00463920+8523336        -0.11         0.25         0.00         0.04        -0.02         0.36
      4217     2M00463920+8523336        -0.11         0.06         0.00         0.09        -0.05         0.20
      4217     2M00512176+8512377        -0.13         0.73        -0.03         0.02        -0.05         0.85
      4217     2M00512176+8512377        -0.12         0.24         0.00         0.00         0.00         0.36
      4217     2M00512176+8512377        -0.10        -0.29        -0.11        -0.03        -0.03         0.27
      4217     2M00512176+8512377        -0.09        -0.69        -0.05        -0.05        -0.05         0.64
      4217     2M01013568+8522254        -0.15         0.62        -0.03        -0.18        -0.05         0.79
      4217     2M01013568+8522254        -0.14        -0.22         1.05        -0.07        -0.08         1.27
      4217     2M01013568+8522254        -0.20         1.69        -0.26        -0.16        -0.10         1.95
      4217     2M01013568+8522254        -0.19         1.61         0.59        -0.12        -0.12         1.80
      4259     2M03442050+2446222        -0.11         0.02        -2.09        -1.15        -0.05         2.11
      4259     2M03442050+2446222        -0.12         0.37        -2.19        -1.21         0.00         2.57
      4259     2M03442050+2446222        -0.07        -0.15        -2.37        -1.32         0.05         2.42
      4259     2M03450326+2350219        -0.14         0.20         0.00         0.04        -0.02         0.34
      4259     2M03450326+2350219        -0.15        -0.30         0.13         0.04        -0.02         0.43
      4259     2M03450326+2350219        -0.14         0.28         0.20         0.00         0.00         0.42
      4259     2M03454440+2413132        -0.68         7.80         6.78         3.98        -0.38         8.48
      4259     2M03454440+2413132         1.13        -8.62       -11.54        -0.10        -0.10        12.66
      4259     2M03454440+2413132         0.06        -0.19        -5.28        -1.00         0.53         5.81
      4259     2M03491172+2438117        -0.15        -0.10         0.00         0.00         0.00         0.15
      4259     2M03491172+2438117        -0.11        -0.21         0.00         0.04        -0.02         0.25
      4259     2M03491172+2438117        -0.09        -0.64        -0.02        -0.03        -0.02         0.62
      4259     2M03512529+2509465        51.50        -7.59       -10.60       -13.28       -12.45        64.78
      4259     2M03512529+2509465       -12.80         8.04         3.46         0.53         0.60        20.83
      4259     2M03512529+2509465      -137.74        32.99        20.39        11.85         9.12       170.73
      4557     2M05152973+4624214       -14.06        13.25         5.07         0.85        -3.12        27.31
      4557     2M05152973+4624214      -144.16        27.52        20.12        15.32         7.72       171.67
      4557     2M05152973+4624214       -11.58        10.87         2.90        -2.89        -0.22        22.45
      4557     2M05152973+4624214       -32.97        18.54         9.57         2.83        -2.33        51.51
      4557     2M05152973+4624214       -30.48        20.52         7.12        -0.18        -2.10        51.00
      4611     2M05343976-0524254        -0.01         0.57        -2.23        -3.23         0.03         3.80
      4611     2M05343976-0524254        -0.02        -0.48        -2.35        -3.41         0.22         3.63
      4611     2M05343976-0524254        -0.18         1.72        -0.76        -1.16        -0.48         2.88
      4611     2M05343976-0524254        -0.12        -0.08        -0.68        -0.46        -0.25         0.60
      4612     2M05343976-0524254         0.07        -0.66        -3.30        -4.06        -0.89         4.13
      4612     2M05365078-0459334        -0.24         3.03         0.83        -0.06        -0.15         3.27
      4568     2M05565059+1621182      -126.10        22.97        18.17        14.82         8.85       149.07
      4568     2M05565059+1621182       -55.10        15.65         9.71         4.02         6.25        70.75
      4568     2M05565059+1621182      -123.13        18.02        16.08        12.13        12.60       141.15
      4568     2M05565059+1621182      -181.65       -13.79        27.78        25.83        21.78       209.43
      4273     2M06210077+1442173      -183.80        17.03        24.44        17.20        11.82       208.24
      4273     2M06210077+1442173      -176.00        32.57        21.33        13.38         8.30       208.57
      4273     2M06210077+1442173      -183.02        11.38        24.99        20.15        14.05       208.02
      4273     2M06210077+1442173       -66.77        16.72        14.28         8.58         2.82        83.48
      4273     2M06210077+1442173      -183.35        21.44        24.56        17.29        10.80       207.91
      4273     2M06210077+1442173      -182.85        12.71        28.70        20.29        12.17       211.55
      4273     2M06210077+1442173      -161.26        29.34        20.62        14.58         7.80       190.60
      4273     2M06210077+1442173      -169.55        28.28        21.62        13.74         9.45       197.83
      4273     2M06210077+1442173      -119.76        24.08        17.75        12.10         7.65       143.84
      4273     2M06210077+1442173      -183.17        11.84        30.36        19.34        11.18       213.53
      4273     2M06210077+1442173       -98.10        26.81        14.88         7.51         3.53       124.91
      4324     2M07012704-0307032      -136.86        43.72        23.88         9.42        11.35       180.58
      4324     2M07012704-0307032      -184.37       -31.80        46.65        15.89        12.35       231.02
      4324     2M07012704-0307032        68.72       -16.20       -15.78       -10.87       -13.88        84.91
      4221     2M07100180+3831457        -1.95        16.62        -0.33        -0.17         0.03        18.56
      4221     2M07100180+3831457        -1.07         5.01        -5.57        -8.11         0.12        13.12
      4221     2M07100180+3831457        -0.98         4.66        -6.54        -8.16         0.10        12.82
      4584     2M07372136-1204047        -0.15        -0.12         0.06        -0.03        -0.02         0.21
      4584     2M07372136-1204047        -0.15         0.00         0.06         0.02        -0.05         0.21
      4584     2M07372136-1204047        -0.15         0.08         0.14        -0.03        -0.02         0.29
      4147     2M07384226+2131021        -0.15         0.07         0.00         0.00         0.00         0.22
      4147     2M07384226+2131021        -0.15         0.20         0.00         0.04        -0.03         0.35
      4147     2M07384226+2131021        -0.15         0.00         0.00         0.04        -0.03         0.19
      4162     2M08511335+1151401        -0.18         1.06         0.26         0.07         0.00         1.24
      4162     2M08511335+1151401        -0.15         0.00         0.11        -0.05        -0.05         0.26
      4162     2M08511335+1151401        -0.17         0.82         0.00         0.04        -0.02         0.99
      4162     2M08511670+1145293        -0.18         1.01         0.05        -0.07         0.00         1.19
      4162     2M08511670+1145293        -0.15         0.06        -0.08         0.00         0.00         0.22
      4162     2M08511670+1145293        -0.12         0.81        -0.80        -0.26         0.05         1.62
      4162     2M08511799+1145541        -2.29        19.10         3.48         1.41        -0.32        21.39
      4162     2M08511799+1145541        -1.26        14.83         0.54         0.02        -0.18        16.10
      4162     2M08511799+1145541        -7.41        28.12         3.69         2.22        -0.08        35.53
      4162     2M08512079+1153261       -17.24        21.89        -0.87         0.05         0.05        39.14
      4162     2M08512079+1153261        -7.38        10.16         0.16         0.95         0.05        17.55
      4162     2M08512079+1153261       -19.64        25.57        -3.10         0.15         0.10        45.21
      4162     2M08512175+1152378        -0.54         6.58         0.17        -0.17        -0.10         7.12
      4162     2M08512175+1152378        -0.55         6.60         0.12        -0.06        -0.12         7.15
      4162     2M08512175+1152378        -0.42         3.67         0.31        -0.01        -0.07         4.08
      4162     2M08512377+1149493        -0.12         0.27         0.02         0.03         0.02         0.39
      4162     2M08512377+1149493        -0.12         0.42         0.00         0.00         0.00         0.54
      4162     2M08512377+1149493        -0.14        -0.44         0.00         0.04        -0.02         0.48
      4162     2M08512530+1202563        86.93        -6.91      -100.87         2.43         2.10       187.80
      4162     2M08512530+1202563        87.44        -1.68       -87.79        -1.74        -1.40       175.23
      4162     2M08512530+1202563        68.94        32.58       -96.94       -94.64         0.28       165.88
      4162     2M08512530+1202563        90.54       -19.62      -106.29         1.95         1.60       196.82
      4162     2M08512530+1202563        91.79        -8.95      -100.17         0.35         0.03       191.96
      4162     2M08512530+1202563        98.59         6.43       -88.10        -3.21        -1.97       186.69
      4162     2M08512530+1202563       105.11       -37.46       -88.99        -1.74        -0.27       194.10
      4162     2M08512530+1202563        97.20        16.11      -103.61        -0.77        -1.07       200.81
      4162     2M08512530+1202563       105.05       -29.04      -115.09       -51.15        -0.70       220.13
      4162     2M08512530+1202563       106.15        16.18       -88.09      -100.40         0.50       206.55
      4162     2M08512530+1202563        90.57       -33.40       -89.48        -0.90        -0.08       180.05
      4162     2M08512530+1202563        88.36        20.52       -89.12       -58.73         0.68       177.49
      4162     2M08512530+1202563        89.80       -23.70       -80.50         1.00         0.75       170.30
      4162     2M08512530+1202563       100.91       -12.04       -62.43         0.51        -1.22       163.35
      4162     2M08512530+1202563        65.63        14.72      -112.86        -0.10        -0.65       178.49
      4162     2M08512530+1202563        91.80       -53.54      -107.13        -0.39        -0.80       198.93
      4162     2M08512530+1202563       105.79         6.36      -103.88        -0.87        -1.17       209.67
      4162     2M08512530+1202563        70.07        12.79      -117.19        -1.30        -0.77       187.27
      4162     2M08512530+1202563        84.43         5.42       -87.46        -1.63         0.57       171.89
      4162     2M08512530+1202563       108.64       -42.04       -88.94         1.59         0.98       197.58
      4162     2M08512530+1202563        87.33         5.66       -88.03         0.42        -0.65       175.36
      4162     2M08512530+1202563        95.89       -12.52       -73.75       -83.62         1.60       179.50
      4162     2M08512734+1207406        -7.84        12.18         3.60        -5.82        -0.07        20.02
      4162     2M08512734+1207406        -3.84        12.34         0.24        -8.00        -1.85        20.34
      4162     2M08512734+1207406        -9.90        16.86         3.07        -5.88        -1.50        26.76
      4162     2M08512734+1207406        -1.39         9.04        -1.85        -5.97        -1.47        15.02
      4162     2M08512734+1207406       -15.27        24.98         1.15        -6.57        -1.05        40.25
      4162     2M08512734+1207406       -13.99        21.17         1.92        -4.91        -0.77        35.17
      4162     2M08512734+1207406        -1.48         5.77         0.63        -5.00        -0.85        10.77
      4162     2M08512734+1207406         0.48         0.30         0.11        -2.77         0.35         3.25
      4162     2M08512734+1207406        -7.24        17.32        -0.04        -6.77        -0.85        24.56
      4162     2M08512734+1207406       -13.05        16.26         4.55        -2.02        -0.22        29.32
      4162     2M08512734+1207406       -29.40        32.69         5.21        -5.30        -0.57        62.09
      4162     2M08512734+1207406        -8.72        13.61         2.41        -3.14         0.13        22.33
      4162     2M08512734+1207406        -6.07        11.04         2.10        -4.63        -0.95        17.10
      4162     2M08512734+1207406       -21.03        22.67         9.22        -2.91         0.70        43.71
      4162     2M08512734+1207406        -4.39         9.07         1.08        -4.00        -0.20        13.46
      4162     2M08512734+1207406      -167.37        80.49         6.46        -5.15        -1.65       247.86
      4162     2M08512734+1207406       -14.74        14.85         7.89        -2.05        -0.12        29.58
      4162     2M08512734+1207406        -7.51        13.91         1.47        -3.83        -1.28        21.42
      4162     2M08512734+1207406       -23.79        23.54         8.15         0.13         0.18        47.33
      4162     2M08512734+1207406       -18.74        27.37         3.93        -6.40        -1.05        46.12
      4162     2M08512734+1207406       -10.62        16.89         2.73        -4.84        -1.15        27.51
      4162     2M08512734+1207406       -31.57        33.39         7.28        -1.28        -0.30        64.96
      4162     2M08512990+1147168        -0.11        -0.23         0.00         0.00         0.00         0.23
      4162     2M08512990+1147168        -0.10        -0.43        -0.11        -0.07         0.00         0.43
      4162     2M08512990+1147168        -0.10        -0.58        -0.09         0.00         0.00         0.58
      4162     2M08513784+1150570      -179.03      -149.89      -126.02        -6.62        74.85       253.87
      4162     2M08513784+1150570      -170.94      -117.49       -84.07        89.52        52.66       260.46
      4162     2M08513784+1150570      -180.12      -150.32      -129.32        62.94        29.93       243.06
      4162     2M08513784+1150570      -180.63      -151.25        57.74        30.67        22.37       238.38
      4162     2M08513784+1150570      -177.79      -133.21       -91.47        86.27        50.21       264.06
      4162     2M08513784+1150570      -181.45      -141.65      -109.11       -68.85        80.10       261.55
      4162     2M08513784+1150570      -182.69      -143.47      -110.97        48.80        48.53       231.48
      4162     2M08513784+1150570      -184.63      -140.40       -69.15        93.57        22.75       278.20
      4162     2M08514194+1143371         1.02        -8.28         4.69         0.34        -0.15        12.98
      4162     2M08514194+1143371        -3.09        11.44        -5.06         0.16         0.10        16.49
      4162     2M08514194+1143371        -4.85        14.98        -0.41         0.17         0.17        19.83
      4162     2M08514194+1143371        -3.16        12.41         4.87         0.69         0.32        15.58
      4162     2M08514194+1143371        -1.48         8.30         0.07         0.31         0.12         9.79
      4162     2M08514194+1143371        -0.55         1.15         2.98         0.92        -0.15         3.53
      4162     2M08514194+1143371        -4.36        15.93         2.74         0.72        -0.02        20.29
      4162     2M08514194+1143371        -1.38         4.31         4.15         0.68         0.05         5.69
      4162     2M08514355+1144264        -0.10        -0.40        -0.02        -0.02        -0.03         0.38
      4162     2M08514355+1144264        -0.11         0.19         0.00         0.00         0.00         0.30
      4162     2M08514355+1144264        -0.12         0.70         0.00         0.00         0.00         0.82
      4162     2M08514832+1151118        -0.57         7.11         0.28        -0.01        -0.07         7.68
      4162     2M08514832+1151118        -0.47         5.26        -0.53        -0.13         0.00         5.78
      4162     2M08514832+1151118        -0.57         6.79         0.54        -0.06         0.00         7.36
      4162     2M08514832+1151118        -0.60         7.21        -0.44        -0.25         0.00         7.81
      4162     2M08514832+1151118        -0.53         6.19        -0.75        -0.25         0.00         6.94
      4162     2M08514832+1151118        -0.11        -0.16         0.29         0.01        -0.05         0.45
      4162     2M08514832+1151118        -0.26         2.97         0.36        -0.10        -0.10         3.23
      4162     2M08514832+1151118        -1.46         5.79         0.97         0.01        -0.05         7.25
      4162     2M08515020+1146069        -0.11        -0.16        -0.02        -0.07         0.00         0.16
      4162     2M08515020+1146069        -0.10        -0.54        -0.02        -0.07         0.00         0.54
      4162     2M08515020+1146069        -0.11        -0.25         0.00         0.04        -0.02         0.29
      4211     2M09380671+5601073      -175.55        49.62        24.39        11.67         5.00       225.17
      4211     2M09380671+5601073       -19.87        26.63         4.99        -6.72        -3.45        46.50
      4211     2M09380671+5601073        33.46       -15.01       -18.63        -9.79       -10.20        52.09
      4506     2M10331492+2936548        -0.33         2.01         0.14         0.00         0.00         2.34
      4506     2M10331492+2936548        -0.36         3.34         0.20         0.09         0.03         3.70
      4506     2M10331492+2936548        -0.49         6.70         0.36         0.09         0.03         7.20
      4504     2M10452050+4533586       157.72       -43.17       -31.89       -59.65       -38.99       217.38
      4504     2M10452050+4533586      -164.32        49.65        39.64        28.56        27.47       213.97
      4504     2M10452050+4533586       -32.26        29.08         4.23         5.36         5.55        61.34
      4214     2M11433068-1502341       -66.56        17.77        15.54        10.54         5.10        84.32
      4214     2M11433068-1502341      -105.38        30.64        16.92         9.38         5.00       136.02
      4214     2M11433068-1502341      -179.00        23.42        31.97        21.68        13.55       210.97
      4214     2M11433068-1502341       -50.81        15.06        13.80         8.63         2.28        65.87
      4216     2M12240346+2551043         0.34        15.03         2.71       -14.15        -8.52        29.19
      4216     2M12240346+2551043       -15.14        12.83         4.71         8.32        -0.20        27.97
      4216     2M12281386+2502005        -0.14         1.13         0.12         0.02        -0.05         1.27
      4216     2M12281386+2502005        -0.15         1.50        -0.23        -0.62        -0.03         2.12
      4216     2M12281386+2502005        -0.19         2.85        -0.35        -0.99        -0.05         3.84
      4216     2M12283815+2613370      -156.19        76.58        30.17        -0.75        -1.18       232.77
      4216     2M12284457+2553575      -159.16        72.95        19.54        15.30         3.90       232.10
      4216     2M12284457+2553575       -27.69        24.72         7.36        -3.55         1.48        52.40
      4216     2M12284457+2553575      -167.65        55.99        30.31        20.58         3.33       223.64
      4514     2M13082991-0240443        10.79        10.35       -12.33       -12.63        -6.23        23.42
      4514     2M13082991-0240443       -68.30        38.10        14.33        14.48         5.17       106.40
      4514     2M13082991-0240443       -19.99        24.79         7.76        -3.08         2.33        44.78
      4514     2M13082991-0240443         8.39       -10.57        -2.35        -4.88         0.58        18.96
      4128     2M13121982+1731016        -0.15         1.44         0.02        -0.12        -0.25         1.69
      4128     2M13121982+1731016        -0.26         3.67        -0.03        -0.13        -0.20         3.94
      4128     2M13121982+1731016        -0.12         0.45        -0.03        -0.13        -0.20         0.65
      4128     2M13121982+1731016        -0.12        -0.12        -0.08        -0.11        -0.18         0.10
      4128     2M13121982+1731016        -0.21         2.35         0.04        -0.10        -0.23         2.57
      4128     2M13121982+1731016        -0.14         1.20         0.09        -0.16        -0.23         1.42
      4128     2M13121982+1731016        -0.10        -0.19         0.18        -0.10        -0.23         0.41
      4128     2M13121982+1731016        -0.13         0.57         0.01        -0.16        -0.23         0.80
      4128     2M13121982+1731016        -0.10        -0.22         0.02         0.04        -0.22         0.26
      4128     2M13121982+1731016        -0.15         0.10         0.04        -0.13        -0.20         0.30
      4128     2M13121982+1731016        -0.15         1.30         0.37         0.19         0.00         1.45
      4128     2M13121982+1731016        -0.13         0.46         0.48         0.13         0.00         0.61
      4128     2M13121982+1731016        -0.36         4.87         0.52         0.26         0.00         5.23
      4447     2M13475259-0035407        10.89         6.93        -5.42       -19.14        -8.98        30.03
      4447     2M13475259-0035407        10.04        12.98        -8.51       -21.03       -10.83        34.01
      4447     2M13475259-0035407       -34.07        23.01         5.79        10.73         0.60        57.08
      4447     2M13475259-0035407        -2.68         1.22        -0.14         2.84         0.97         5.52
      4499     2M14164478+5315488       -16.39        22.37         3.71        -1.89         0.20        38.76
      4499     2M14164478+5315488       -14.59        20.93         0.76        -0.31         0.15        35.52
      4499     2M14164478+5315488       -17.27        17.31         3.16         2.60         3.12        34.58
      4517     2M14193774+0553466      -179.47        60.64        22.56        -2.89        -3.62       240.12
      4517     2M14193774+0553466      -168.92        81.65        17.64        -1.09        -1.15       250.57
      4517     2M14193774+0553466       -98.09        57.12        12.56        -8.25       -13.73       155.22
      4436     2M14350376+0906494        -3.37        16.01         6.37         5.12         0.15        19.37
      4436     2M14350376+0906494        -0.52       -12.25        13.03         9.31         0.03        25.28
      4436     2M14350376+0906494        -2.57        14.71         1.89         4.10         1.20        17.28
      4493     2M14480341+1356411       -10.34        26.22         8.76         0.33        -0.05        36.56
      4493     2M14480341+1356411       -13.86        30.15         3.67         0.16         0.23        44.01
      4493     2M14480341+1356411        -4.89         2.19        19.86         1.56         0.08        24.75
      4493     2M14480341+1356411        -8.43        19.31         3.68         0.01         0.08        27.74
      4498     2M14542451+4517557        -1.05         7.12       -23.93        -0.26        -0.12        31.05
      4498     2M14542451+4517557        -4.84        16.89        18.85        -0.05        -0.05        23.69
      4498     2M14542451+4517557        -1.61         6.00        -3.55        -4.43         0.35        10.43
      4232     2M15261954+3658534       -40.65        26.71        27.93        21.47        20.38        68.58
      4232     2M15261954+3658534       -45.22        55.26        30.50        26.25        24.35       100.48
      4232     2M15261954+3658534       -75.16        94.30        35.62        27.26        29.50       169.46
      4208     2M16112725+2349118        -2.00         3.09        -1.95         0.12        -0.02         5.09
      4208     2M16112725+2349118        -0.86         1.87        -1.91        -0.05        -0.05         3.79
      4208     2M16112725+2349118        -2.27         2.26         0.06         0.00        -0.05         4.53
      4208     2M16112725+2349118        -6.16         6.72         0.88         0.10        -0.05        12.88
      4208     2M16112725+2349118        -0.27         0.70        -1.46         0.11        -0.05         2.15
      4204     2M16493124+4706288       -75.39        50.44         8.74        -3.93        -3.93       125.83
      4204     2M16493124+4706288       -62.32        37.71        16.57         1.40         0.20       100.03
      4204     2M16493124+4706288       -62.86        40.45        11.22         5.67         1.15       103.31
      4204     2M16493124+4706288       -46.24        42.16         9.23        -2.13        -2.38        88.40
      4204     2M16493124+4706288       -70.53        60.65         2.42        -2.57        -0.88       131.18
      4204     2M16493124+4706288       -52.15        42.11         6.45        -1.46        -2.45        94.26
      4204     2M16493124+4706288       -18.11        26.03         5.09        -7.20        -4.35        44.13
      4204     2M16493124+4706288      -172.12        70.14        15.23         8.74         1.40       242.27
      4204     2M16493124+4706288      -115.15        59.69        10.43         2.06        -0.45       174.84
      4204     2M16493124+4706288       -54.69        41.08        10.17        -2.86        -2.80        95.77
      4204     2M16493124+4706288       -18.18        25.60         3.77        -6.96        -4.20        43.78
      4204     2M16493124+4706288       -48.47        38.88         8.12         1.06        -0.38        87.35
      4204     2M16493124+4706288      -171.52        66.97        21.52        11.06         2.18       238.49
      4204     2M16560455+4722147        -2.74         1.23         2.47         1.61         0.05         5.21
      4204     2M16560455+4722147        -3.59         3.67         0.28         2.07         0.07         7.26
      4204     2M16560455+4722147        -2.50         2.57        -0.03         1.29         0.03         5.07
      4204     2M16560455+4722147        -5.58         6.78        -0.46         1.01         0.05        12.36
      4204     2M16560455+4722147       -10.62        14.04         0.09         1.25         0.03        24.66
      4204     2M16560455+4722147       -10.95        14.09        -0.82         1.30         0.08        25.04
      4204     2M16560455+4722147        -4.63         4.96         0.29         0.27         0.03         9.59
      4204     2M16560455+4722147       -47.78        26.88        24.04        -1.30        -0.28        74.66
      4204     2M16560455+4722147        -7.89         8.89         1.40         1.46         0.07        16.78
      4204     2M16560455+4722147        -0.29         0.29        -0.52         0.99         0.08         1.52
      4204     2M16560455+4722147        -4.28        -4.32        10.95         4.08         0.08        15.28
      4204     2M16560455+4722147         5.15        -6.33        -1.01         1.17         0.05        11.48
      4204     2M16560455+4722147        -3.57         3.64         0.21         1.76         0.05         7.22
      4528     2M16571775+8650406        -1.50         3.77        -0.24        -0.04         0.03         5.26
      4528     2M16571775+8650406        -4.98        10.07        -0.25        -0.06         0.00        15.05
      4528     2M16571775+8650406        -8.46        14.48         0.20         0.02         0.03        22.94
      4454     2M17115469+5758032         0.64        -3.23         0.29         0.11        -0.03         3.87
      4454     2M17115469+5758032         0.28        -1.67        -0.30         0.11         0.05         1.96
      4454     2M17115469+5758032        -6.66        13.45         0.47         0.18         0.00        20.11
      4454     2M17115469+5758032         0.52        -2.27         0.07         0.16         0.02         2.79
      4202     2M17183642+4153170      -184.27        48.42        27.28        10.93        -2.67       232.70
      4202     2M17183642+4153170      -182.52       -21.41        53.32        24.79         8.02       235.85
      4202     2M17183642+4153170       -54.53        41.17        12.24         1.19       -10.23        95.70
      4202     2M17183642+4153170      -182.42       -68.73        55.84        30.21        13.48       238.27
      4202     2M17183642+4153170       -15.03        34.37         6.76        -2.74       -14.10        49.40
      4202     2M17183642+4153170      -105.27        41.91        18.72         7.07        -5.23       147.18
      4202     2M17183642+4153170       -59.67        37.89        13.48         3.91        -7.75        97.56
      4202     2M17183642+4153170      -134.05        52.12        21.11         7.10        -9.75       186.17
      4202     2M17183642+4153170      -182.52      -142.25        64.41        35.87        15.80       246.93
      4202     2M17183642+4153170      -185.47        38.83        37.97        12.40        -6.65       224.31
      4202     2M17183642+4153170       -47.46        36.88        11.68         3.36       -10.60        84.34
      4202     2M17183642+4153170      -181.05       -29.21        53.09        27.93        13.93       234.14
      4202     2M17183642+4153170      -185.02        22.05        44.21        16.14        -2.65       229.23
      4202     2M17183642+4153170      -180.92      -145.57         5.32        62.83        29.05       243.76
      4202     2M17183642+4153170      -182.75        23.30        35.33        17.74         6.38       218.08
      4202     2M17183642+4153170         9.67        14.87        -7.38       -23.08        -7.15        37.95
      4202     2M17183642+4153170        11.70        24.22       -23.01       -27.06        -8.03        51.28
      4202     2M17183642+4153170        -8.59        12.51         4.81        -7.84         0.38        21.11
      4525     2M17500331+4823391        -0.09        -0.89        -0.29        -0.28        -0.02         0.87
      4525     2M17500331+4823391        -0.08        -1.02        -0.55        -0.05        -0.05         0.97
      4525     2M17500331+4823391        -0.16         0.25         0.19        -0.05         0.08         0.41
      4366     2M18051056-2423547      -125.33        33.41        32.71        22.71        10.68       158.74
      4366     2M18051056-2423547      -148.74        15.14        28.49        42.75        31.98       191.49
      4366     2M18051056-2423547       -44.48        34.18        18.19         0.81        -5.37        78.67
      4366     2M18051056-2423547      -154.09       -94.65        98.43        65.29        30.35       252.52
      4347     2M18085403-2528228       -27.29        17.35        12.31         2.31         0.23        44.64
      4366     2M18085403-2528228        30.97       -15.22       -10.33        -3.11         0.82        46.19
      4366     2M18085403-2528228         1.73         4.79         1.55        -0.57        -3.48         8.27
      4366     2M18085403-2528228      -179.45      -141.12        50.65        43.73        29.82       230.10
      4366     2M18085403-2528228       -41.34        13.26         7.81         4.95         2.65        54.61
      4107     2M18170483+0100206         0.17        -1.31         4.47        -0.02        -0.08         5.79
      4107     2M18170483+0100206        -5.78         6.99         1.30         0.03        -0.03        12.77
      4107     2M18170483+0100206       -29.86        29.20         5.62         0.40        -0.18        59.05
      4107     2M18170483+0100206       -14.34        14.86         0.66         0.10        -0.12        29.21
      4107     2M18170483+0100206       -15.83        17.51         1.06         0.01        -0.05        33.34
      4470     2M18510092-0614564        -0.11         0.29         0.06        -0.03        -0.02         0.41
      4470     2M18510092-0614564        -0.11         0.27        -0.03        -0.03        -0.02         0.39
      4407     2M19074762+3855416        20.95        -2.28        -2.35       -23.72        -8.07        44.67
      4407     2M19074762+3855416      -169.30        83.37        13.70         1.18        -1.75       252.67
      4407     2M19074762+3855416        31.98        -5.70       -14.17       -22.67       -15.73        54.65
      4407     2M19074762+3855416      -176.92        57.86        26.83         7.95        -2.08       234.79
      4407     2M19074762+3855416        -5.52        17.03         8.24       -13.35        -6.00        30.38
      4407     2M19074762+3855416      -167.67        37.47        46.94        25.26        20.17       214.61
      4407     2M19074762+3855416        34.45       -12.16       -22.46       -16.95       -13.03        56.91
      4407     2M19074762+3855416      -113.22        65.61         9.89        -6.04        -3.35       178.83
      4407     2M19094607+3747391       -23.00        16.38        14.36         6.80         0.05        39.38
      4407     2M19094607+3747391        -1.92         1.47         0.79         0.29         0.02         3.38
      4407     2M19094607+3747391        -2.49         1.59         1.49         0.67        -0.05         4.08
      4251     2M19155697+2727210      -113.52        19.77        16.19        12.73         8.35       133.29
      4251     2M19155697+2727210      -156.64        38.61        21.81        11.71         2.38       195.25
      4251     2M19155697+2727210       -98.98        31.90        20.52         7.38        -2.23       130.88
      4251     2M19155697+2727210      -183.27        28.53        22.25        15.88         9.70       211.81
      4251     2M19155697+2727210      -123.57        26.94        19.26        11.32         4.45       150.51
      4251     2M19155697+2727210      -101.99        25.77        15.64         8.66         3.40       127.76
      4251     2M19155697+2727210      -110.13        23.03        16.13         9.94         6.45       133.16
      4251     2M19155697+2727210      -176.94        33.07        21.45        14.61         6.13       210.01
      4251     2M19155697+2727210      -183.25         1.32        32.55        23.50        12.07       215.80
      4251     2M19155697+2727210      -183.50         5.99        36.55        21.76         8.90       220.05
      4251     2M19155697+2727210       -33.21        20.73        11.62         4.01        -5.05        53.94
      4251     2M19155697+2727210       -48.92        15.10        10.18         7.05         1.75        64.02
      4251     2M19155697+2727210       -72.47        26.76        16.94         6.76        -1.82        99.23
      4540     2M19184840+1936377      -171.20        62.87        22.32        13.88         6.72       234.07
      4540     2M19184840+1936377        21.48         2.10       -16.84       -17.04       -10.72        38.51
      4262     2M19190114+3726432      -181.07        10.81        36.74        23.43        10.50       217.82
      4263     2M19405704+4010068        -0.17         2.32         0.06         0.02        -0.05         2.49
      4263     2M19405704+4010068        -0.16         2.08         0.08         0.04        -0.03         2.24
      4263     2M19405704+4010068        -0.12         0.30        -0.06         0.07         0.00         0.42
      4263     2M19405797+4008174        -0.29         3.55         0.38         0.11        -0.03         3.83
      4263     2M19405797+4008174        -0.17         0.89        -0.03        -0.03        -0.02         1.06
      4263     2M19405797+4008174        -0.17         0.94         0.06        -0.03        -0.02         1.11
      4588     2M19410819+4015085        -0.16         0.58         0.03         0.07         0.00         0.74
      4588     2M19410819+4015085        -0.11         0.16         0.00        -0.04         0.02         0.27
      4588     2M19410819+4015085        -0.11         0.16         0.00         0.00         0.00         0.27
      4263     2M19410994+4009056        -0.76         8.82         2.64         0.38        -0.12         9.58
      4263     2M19410994+4009056        -0.17         0.64        -0.08        -0.11        -0.17         0.82
      4263     2M19410994+4009056        -0.22         2.33         0.08        -0.15        -0.15         2.55
      4263     2M19411631+4005508        -0.21         1.53         0.44         0.12        -0.07         1.74
      4263     2M19411631+4005508        -0.15         0.06         0.00         0.00         0.00         0.21
      4263     2M19411631+4005508        -0.15         0.25         0.00         0.04        -0.03         0.41
      4263     2M19411776+4009158        -0.29         3.17         1.21         0.06        -0.12         3.46
      4263     2M19411776+4009158        -0.16         1.94         0.00         0.01        -0.12         2.11
      4263     2M19411776+4009158        -0.17         2.26         0.00        -0.03        -0.10         2.43
      4263     2M19413031+4009005        -0.15        -0.18        -0.03         0.09         0.03         0.27
      4263     2M19413031+4009005        -0.15        -0.29         0.00         0.00         0.00         0.29
      4263     2M19413031+4009005        -0.10        -0.34        -0.09         0.04        -0.03         0.38
      4542     2M19422945+3119400       -39.87        17.60         7.26         3.07         2.92        57.47
      4542     2M19422945+3119400       -51.84        15.88        12.11         7.14         3.60        67.73
      4542     2M19422945+3119400       -21.86         6.07         5.36         3.30         3.15        27.92
      4261     2M19522176+1840186       -16.43        -0.66        13.54        14.09         5.92        30.53
      4261     2M19522176+1840186       -45.02        19.81        27.44        27.04        10.32        72.46
      4544     2M20333964+4510320      -103.18        26.86        18.65        12.41         8.85       130.04
      4544     2M20333964+4510320       -45.43        18.77        11.11         6.79         1.53        64.20
      4544     2M20333964+4510320       -37.14        16.61         8.15         3.60         1.48        53.75
      4242     2M21072370+4716390       -21.16        15.54         6.73         2.92        -3.75        36.70
      4242     2M21072370+4716390      -185.30        41.64        24.44        12.98        -0.87       226.94
      4242     2M21072370+4716390      -184.07        12.52        34.88        18.84         6.97       218.96
      4242     2M21072370+4716390      -184.45        35.96        26.65        14.59         2.10       220.41
      4242     2M21072370+4716390      -175.56        36.95        22.06        11.02         3.95       212.51
      4242     2M21072370+4716390      -120.02        27.45        18.74         9.40         4.58       147.47
      4242     2M21072370+4716390        -5.01        16.49         5.27        -3.30        -6.00        22.49
      4242     2M21072370+4716390         0.65        15.15         4.19        -1.58        -7.97        23.13
      4242     2M21072370+4716390      -181.45        31.90        22.45        13.59         4.10       213.34
      4242     2M21072370+4716390      -183.67        15.43        30.50        19.56         8.98       214.17
      4242     2M21072370+4716390      -183.52        13.66        33.28        17.52         9.38       216.81
      4242     2M21072370+4716390      -166.67        43.22        23.37         8.43        -1.72       209.89
      4242     2M21072370+4716390      -126.33        31.75        21.54         8.48         2.47       158.08
      4242     2M21072370+4716390        -1.17        14.83         3.19        -2.38        -6.32        21.16
      4242     2M21072370+4716390       -56.36        27.39        13.32         3.54        -3.10        83.75
      4242     2M21072370+4716390       -54.08        17.28         8.81         5.85         2.55        71.36
      4242     2M21072370+4716390       -35.97        23.17         8.30         2.61        -3.62        59.15
      4242     2M21072370+4716390      -183.20        16.15        29.73        18.23        10.30       212.93
      4242     2M21072370+4716390      -119.56        29.95        18.13        10.93         1.28       149.51
      4242     2M21072370+4716390      -185.05        27.30        26.80        16.98         3.65       212.35
      4242     2M21072370+4716390       -57.43        19.12        12.22         5.62         1.88        76.55
      4242     2M21072370+4716390       -72.31        21.17        13.67         6.30         3.23        93.48
      4242     2M21072370+4716390      -172.49        30.24        19.83        13.22         8.05       202.73
      4242     2M21072370+4716390      -184.52        12.89        33.95        17.37         7.55       218.47
      4242     2M21072370+4716390       -42.86        28.20        10.34         0.77        -4.45        71.06
      4303     2M21274028+6639295        -5.08         4.86         0.48         3.51         0.03         9.94
      4303     2M21274028+6639295         1.58        -1.38        -1.92         1.82         0.03         3.74
      4303     2M21274028+6639295        -0.66        -1.22         2.40         1.74         0.12         3.62
      4249     2M21302584+4452299        -2.53        -0.43         4.85        -1.72         0.00         7.37
      4249     2M21302584+4452299       -13.52         6.45        10.22         0.09        -0.03        23.73
      4249     2M21302584+4452299       -10.48         8.51         3.31         5.64        -0.15        18.98
      4249     2M21302584+4452299       -11.37         9.76         2.72         5.26        -0.15        21.13
      4275     2M21510496+3932119       -37.71        14.62        10.15         7.00         2.67        52.33
      4275     2M21510496+3932119      -180.45        40.64        27.52        14.14         5.55       221.09
      4275     2M21510496+3932119      -179.10        30.64        35.46        17.74         8.93       214.56
      4421     2M22311577+6331215        -1.21         8.49         1.39        -1.54        -4.22        12.72
      4421     2M22311577+6331215       -21.37        16.89         6.39         1.32        -2.30        38.26
      4421     2M22311577+6331215       -80.24        25.82        17.19        10.17         6.53       106.06
      4300     2M23071799+4604054      -140.07        45.78        29.61        11.35         0.90       185.85
      4300     2M23071799+4604054       -81.60        31.18        15.62        11.07         3.42       112.78
      4300     2M23071799+4604054        -1.93        -2.33         3.51         0.55         0.55         5.84
      4317     2M23200066+6108594       -93.93        31.39        16.91        10.59         4.83       125.33
      4317     2M23200066+6108594       -44.26        13.44        13.91         4.70         3.92        58.17
      4317     2M23200066+6108594      -178.22        -0.82        52.80        22.97        12.40       231.03
