            2MASS_ID            Visit_ID         R  x_range   x_median   x_mean   Diff_in_x      x@y=0.1      x@y=0.3      x@y=0.5      x@y=0.7      x@y=0.9         FWHM    Height   Thresh 
  2M02455483+6543350      5600-55933-009     4.22   225.32       -45.90    10.65   -56.55       162.88        47.04       -45.90       -48.32       -62.45     131.00       0.51         1.20
  2M02455483+6543350      5600-56559-057     6.32   243.61       -53.39   -53.97     0.57      -179.05      -141.88       -53.39        64.56        39.93     136.00       0.64         1.55
  2M02455483+6543350      5600-56582-003    11.37   241.17      -105.25   -60.62   -44.63      -176.07      -136.60      -105.25        65.09        49.75     131.00       0.60         1.55
  2M00013948+7336427      6531-56487-112     6.82    84.43         3.25     0.37     2.88       -54.75        29.68        23.34         3.25         0.32      61.00       0.79         0.81
  2M00322120+8518390      5221-55815-236    17.07     2.64         0.08    -0.31     0.39        -0.10        -2.23         0.41         0.29         0.08       8.00       0.59         0.19
  2M00322120+8518390      5221-55822-236    21.21     1.43         0.03     0.26    -0.23        -0.20         1.23         0.20         0.03         0.03       8.00       0.62         0.20
  2M00322120+8518390      5221-55841-224    26.60     0.46         0.05     0.06    -0.01        -0.15        -0.16         0.30         0.26         0.05       9.00       0.55         0.12
  2M00322120+8518390      5221-55866-236    31.34     0.30         0.10     0.07     0.03        -0.11         0.10         0.10         0.19         0.05       8.00       0.67         0.14
  2M00322120+8518390      5221-55876-275    16.21     8.16         0.18    -1.40     1.58         0.10        -7.85         0.31         0.18         0.25       8.00       0.58         0.19
  2M00322120+8518390      5221-56653-182    21.11     4.75         0.07     0.97    -0.90        -0.28         4.47         0.59         0.07         0.00       8.00       0.58         0.15
  2M00322120+8518390      5221-56654-182    24.65     0.56        -0.16    -0.22     0.05        -0.14        -0.59        -0.16        -0.17        -0.03       8.00       0.61         0.13
  2M00322120+8518390      5221-56655-182    22.88     1.07        -0.02    -0.07     0.05        -0.14         0.41        -0.66        -0.02         0.05       8.00       0.58         0.17
  2M00322120+8518390      5221-56656-182    23.85     0.42         0.05     0.04     0.01        -0.14         0.29        -0.10         0.12         0.05       8.00       0.62         0.15
  2M00344509+8512058      5221-55815-234    21.98     1.01         0.25     0.30    -0.05        -0.18         0.23         0.83         0.38         0.25       7.00       0.68         0.14
  2M00344509+8512058      5221-55822-229    21.91     0.81         0.27     0.25     0.02        -0.18         0.63         0.27         0.28         0.27       6.00       0.67         0.13
  2M00344509+8512058      5221-55866-228    30.48     2.75         0.08     0.50    -0.41        -0.20         2.54        -0.08         0.08         0.15       6.00       0.69         0.13
  2M00344509+8512058      5221-55876-186    22.28     2.23         0.29     0.59    -0.30        -0.22         2.01         0.65         0.29         0.22       6.00       0.63         0.17
  2M00344509+8512058      5221-56653-192    16.94     2.02         0.15     0.35    -0.20        -0.33         1.69         0.19         0.15         0.03       6.00       0.62         0.25
  2M00344509+8512058      5221-56654-192    19.23     5.84        -0.06     0.74    -0.81        -0.61         5.12        -0.72        -0.06         0.00       6.00       0.65         0.28
  2M00344509+8512058      5221-56655-192    20.64    12.29        -0.05     1.78    -1.83        -1.26        11.03        -0.92         0.07        -0.05       6.00       0.57         0.27
  2M00344509+8512058      5221-56656-192    22.04     5.26        -0.02     0.66    -0.69        -0.39         4.44        -0.82         0.10        -0.02       6.00       0.67         0.23
  2M00454489+8504180      5221-55815-187    31.05     0.72         0.19     0.20    -0.01        -0.13         0.59         0.22         0.19         0.12       6.00       0.74         0.14
  2M00454489+8504180      5221-55822-049    29.98     0.23        -0.10    -0.10    -0.01        -0.10        -0.16        -0.20        -0.04         0.03       6.00       0.71         0.19
  2M00454489+8504180      5221-55841-054    23.44    10.67         0.11     1.90    -1.79        -0.77         9.90         0.20         0.11         0.05       6.00       0.67         0.21
  2M00454489+8504180      5221-55866-060    39.29     0.44         0.07     0.09    -0.02        -0.12         0.04         0.32         0.14         0.07       6.00       0.81         0.15
  2M00454489+8504180      5221-55876-054    27.91     2.41         0.33     0.68    -0.35        -0.21         2.19         1.01         0.33         0.07       6.00       0.74         0.17
  2M00454489+8504180      5221-56653-049    25.70     7.18         0.15     1.38    -1.24        -0.50         6.69         0.62         0.15        -0.05       6.00       0.71         0.19
  2M00454489+8504180      5221-56654-049    26.53     2.88         0.08     0.55    -0.47        -0.23         2.66         0.29         0.08        -0.05       6.00       0.73         0.16
  2M00454489+8504180      5221-56655-049    19.82    10.80        -0.03     1.84    -1.87        -0.82         9.98         0.10        -0.03        -0.03       6.00       0.66         0.20
  2M00454489+8504180      5221-56656-049    27.46     1.94         0.10     0.39    -0.28        -0.19         1.75         0.31         0.10        -0.03       6.00       0.74         0.16
  2M00463920+8523336      5221-55815-183    62.70     0.19         0.00    -0.02     0.02        -0.11         0.08        -0.08         0.00         0.00       5.00       0.95         0.14
  2M00463920+8523336      5221-55822-189    60.01     0.17        -0.07    -0.05    -0.02        -0.11        -0.11         0.06        -0.07         0.00       6.00       0.95         0.14
  2M00463920+8523336      5221-55841-190    64.72     0.14        -0.08    -0.07    -0.02        -0.11        -0.14        -0.08         0.00         0.00       4.00       0.95         0.13
  2M00463920+8523336      5221-55866-189    65.36     0.24         0.00     0.01    -0.01        -0.11         0.13         0.00         0.04        -0.02       4.00       0.96         0.13
  2M00463920+8523336      5221-55876-189    59.33     0.08        -0.03    -0.05     0.03        -0.11        -0.09        -0.03        -0.03        -0.02       4.00       0.95         0.12
  2M00463920+8523336      5221-56653-291    55.87     0.15        -0.00    -0.02     0.02        -0.11        -0.00         0.00         0.04        -0.02       6.00       0.95         0.14
  2M00463920+8523336      5221-56654-291    56.20     0.42         0.00     0.04    -0.04        -0.11         0.31         0.00         0.04        -0.02       6.00       0.95         0.14
  2M00463920+8523336      5221-56655-291    53.32     0.36         0.00     0.03    -0.03        -0.11         0.25         0.00         0.04        -0.02       6.00       0.95         0.13
  2M00463920+8523336      5221-56656-291    58.80     0.20         0.00    -0.00     0.00        -0.11         0.06         0.00         0.09        -0.05       6.00       0.96         0.14
  2M00512176+8512377      5095-55821-152    57.12     0.85        -0.03     0.11    -0.13        -0.13         0.73        -0.03         0.02        -0.05       6.00       0.92         0.13
  2M00512176+8512377      5095-55824-206    37.06     0.36         0.00     0.02    -0.02        -0.12         0.24         0.00         0.00         0.00       6.00       0.86         0.12
  2M00512176+8512377      5095-55840-194    35.56     0.27        -0.10    -0.11     0.01        -0.10        -0.29        -0.11        -0.03        -0.03       6.00       0.89         0.12
  2M00512176+8512377      5095-55844-152    41.96     0.64        -0.05    -0.19     0.14        -0.09        -0.69        -0.05        -0.05        -0.05       6.00       0.89         0.13
  2M01013568+8522254      5095-55821-151    30.62     0.79        -0.05     0.04    -0.09        -0.15         0.62        -0.03        -0.18        -0.05       8.00       0.79         0.12
  2M01013568+8522254      5095-55824-210    18.02     1.27        -0.08     0.11    -0.18        -0.14        -0.22         1.05        -0.07        -0.08       8.00       0.64         0.20
  2M01013568+8522254      5095-55840-193    24.68     1.95        -0.16     0.20    -0.36        -0.20         1.69        -0.26        -0.16        -0.10       8.00       0.80         0.15
  2M01013568+8522254      5095-55844-151    26.21     1.80        -0.12     0.35    -0.48        -0.19         1.61         0.59        -0.12        -0.12       8.00       0.76         0.16
  2M03442050+2446222      5534-55847-292    34.98     2.11        -0.11    -0.68     0.57        -0.11         0.02        -2.09        -1.15        -0.05      13.00       0.92         0.15
  2M03442050+2446222      5534-55851-273    35.37     2.57        -0.12    -0.63     0.51        -0.12         0.37        -2.19        -1.21         0.00      12.00       0.94         0.16
  2M03442050+2446222      5534-55854-183    35.26     2.42        -0.15    -0.77     0.62        -0.07        -0.15        -2.37        -1.32         0.05      13.00       0.93         0.16
  2M03450326+2350219      5534-55847-059    74.37     0.34         0.00     0.01    -0.01        -0.14         0.20         0.00         0.04        -0.02       8.00       0.98         0.12
  2M03450326+2350219      5534-55851-056    70.06     0.43        -0.02    -0.06     0.03        -0.15        -0.30         0.13         0.04        -0.02       8.00       0.98         0.12
  2M03450326+2350219      5534-55854-056    53.76     0.42         0.00     0.07    -0.07        -0.14         0.28         0.20         0.00         0.00       8.00       0.97         0.12
  2M03454440+2413132      5534-55847-045    10.16     8.48         3.98     3.50     0.48        -0.68         7.80         6.78         3.98        -0.38      17.00       0.88         0.17
  2M03454440+2413132      5534-55851-046    14.81    12.66        -0.10    -3.85     3.75         1.13        -8.62       -11.54        -0.10        -0.10      10.00       0.87         0.18
  2M03454440+2413132      5534-55854-051    15.98     5.81        -0.19    -1.18     0.99         0.06        -0.19        -5.28        -1.00         0.53      16.00       0.88         0.16
  2M03491172+2438117      5534-55847-177    53.84     0.15         0.00    -0.05     0.05        -0.15        -0.10         0.00         0.00         0.00       8.00       0.97         0.13
  2M03491172+2438117      5534-55851-160    40.84     0.25        -0.02    -0.06     0.03        -0.11        -0.21         0.00         0.04        -0.02       8.00       0.97         0.13
  2M03491172+2438117      5534-55854-154   102.02     0.62        -0.03    -0.16     0.14        -0.09        -0.64        -0.02        -0.03        -0.02       8.00       0.97         0.13
  2M03512529+2509465      5534-55847-172    53.79    64.78       -10.60     1.52   -12.12        51.50        -7.59       -10.60       -13.28       -12.45     127.00       0.68         1.15
  2M03512529+2509465      5534-55851-171     9.41    20.83         0.60    -0.03     0.63       -12.80         8.04         3.46         0.53         0.60     125.00       0.66         1.11
  2M03512529+2509465      5534-55854-172    14.93   170.73        11.85   -12.68    24.53      -137.74        32.99        20.39        11.85         9.12     126.00       0.78         1.22
  2M05152973+4624214      6539-56291-088     2.91    27.31         0.85     0.40     0.46       -14.06        13.25         5.07         0.85        -3.12     136.00       0.71         1.32
  2M05152973+4624214      6539-56312-081     9.72   171.67        15.32   -14.70    30.01      -144.16        27.52        20.12        15.32         7.72     137.00       0.75         1.36
  2M05152973+4624214      6539-56543-064     4.83    22.45        -0.22    -0.18    -0.04       -11.58        10.87         2.90        -2.89        -0.22     136.00       0.69         1.32
  2M05152973+4624214      6539-56544-064     2.76    51.51         2.83    -0.87     3.70       -32.97        18.54         9.57         2.83        -2.33     137.00       0.72         1.32
  2M05152973+4624214      6539-56559-064     8.72    51.00        -0.18    -1.02     0.84       -30.48        20.52         7.12        -0.18        -2.10     132.00       0.74         1.28
  2M05343976-0524254      7224-56629-027     7.20     3.80        -0.01    -0.97     0.96        -0.01         0.57        -2.23        -3.23         0.03      20.00       0.67         0.14
  2M05343976-0524254      7224-56630-027     7.66     3.63        -0.48    -1.21     0.73        -0.02        -0.48        -2.35        -3.41         0.22      20.00       0.68         0.16
  2M05343976-0524254      7224-56635-027    10.61     2.88        -0.48    -0.17    -0.31        -0.18         1.72        -0.76        -1.16        -0.48      14.00       0.73         0.18
  2M05343976-0524254      7224-56636-027    45.65     0.60        -0.25    -0.32     0.07        -0.12        -0.08        -0.68        -0.46        -0.25       9.00       0.87         0.12
  2M05343976-0524254      7226-56666-015     7.55     4.13        -0.89    -1.77     0.88         0.07        -0.66        -3.30        -4.06        -0.89      18.00       0.76         0.19
  2M05365078-0459334      7229-56672-170    13.45     3.27        -0.06     0.68    -0.74        -0.24         3.03         0.83        -0.06        -0.15      14.00       0.82         0.15
  2M05565059+1621182      6762-56285-135    16.29   149.07        14.82   -12.26    27.08      -126.10        22.97        18.17        14.82         8.85     135.00       0.54         1.31
  2M05565059+1621182      6762-56314-136     4.25    70.75         6.25    -3.90    10.15       -55.10        15.65         9.71         4.02         6.25     136.00       0.46         1.29
  2M05565059+1621182      6762-56565-088     5.55   141.15        12.60   -12.86    25.46      -123.13        18.02        16.08        12.13        12.60     137.00       0.71         1.36
  2M05565059+1621182      6762-56566-088    11.22   209.43        21.78   -24.01    45.79      -181.65       -13.79        27.78        25.83        21.78     135.00       0.74         1.39
  2M06210077+1442173      5533-55960-130    13.55   208.24        17.03   -22.66    39.70      -183.80        17.03        24.44        17.20        11.82     136.00       0.79         1.40
  2M06210077+1442173      5533-56564-129    12.28   208.57        13.38   -20.08    33.46      -176.00        32.57        21.33        13.38         8.30     135.00       0.81         1.36
  2M06210077+1442173      5533-56585-130    15.50   208.02        14.05   -22.49    36.54      -183.02        11.38        24.99        20.15        14.05     135.00       0.81         1.38
  2M06210077+1442173      7196-56654-129     6.64    83.48         8.58    -4.87    13.45       -66.77        16.72        14.28         8.58         2.82     137.00       0.73         1.35
  2M06210077+1442173      7196-56668-124    12.34   207.91        17.29   -21.85    39.14      -183.35        21.44        24.56        17.29        10.80     136.00       0.81         1.38
  2M06210077+1442173      7196-56696-129     8.97   211.55        12.71   -21.80    34.50      -182.85        12.71        28.70        20.29        12.17     135.00       0.80         1.39
  2M06210077+1442173      7196-56730-124    12.13   190.60        14.58   -17.78    32.36      -161.26        29.34        20.62        14.58         7.80     136.00       0.77         1.37
  2M06210077+1442173      7197-56675-129     9.14   197.83        13.74   -19.29    33.03      -169.55        28.28        21.62        13.74         9.45     136.00       0.77         1.36
  2M06210077+1442173      7197-56697-130    14.86   143.84        12.10   -11.64    23.74      -119.76        24.08        17.75        12.10         7.65     135.00       0.78         1.35
  2M06210077+1442173      7197-56700-130     9.94   213.53        11.84   -22.09    33.93      -183.17        11.84        30.36        19.34        11.18     134.00       0.78         1.37
  2M06210077+1442173      7197-56728-088     8.76   124.91         7.51    -9.08    16.59       -98.10        26.81        14.88         7.51         3.53     136.00       0.72         1.36
  2M07012704-0307032      6555-56346-255     7.31   180.58        11.35    -9.70    21.05      -136.86        43.72        23.88         9.42        11.35     132.00       0.56         1.21
  2M07012704-0307032      6555-56586-160     7.44   231.02        12.35   -28.26    40.61      -184.37       -31.80        46.65        15.89        12.35     131.00       0.49         1.35
  2M07012704-0307032      6555-56595-261    10.58    84.91       -13.88     2.40   -16.28        68.72       -16.20       -15.78       -10.87       -13.88     136.00       0.57         1.22
  2M07100180+3831457      5586-55880-255    16.54    18.56        -0.17     2.84    -3.01        -1.95        16.62        -0.33        -0.17         0.03       8.00       0.64         0.19
  2M07100180+3831457      5586-55939-261    10.34    13.12        -1.07    -1.92     0.85        -1.07         5.01        -5.57        -8.11         0.12      19.00       0.54         0.22
  2M07100180+3831457      5586-55960-256    10.28    12.82        -0.98    -2.18     1.20        -0.98         4.66        -6.54        -8.16         0.10      19.00       0.47         0.23
  2M07372136-1204047      6331-56261-195    73.93     0.21        -0.03    -0.05     0.03        -0.15        -0.12         0.06        -0.03        -0.02       4.00       0.94         0.14
  2M07372136-1204047      6331-56652-201    71.78     0.21         0.00    -0.02     0.02        -0.15         0.00         0.06         0.02        -0.05       5.00       0.93         0.12
  2M07372136-1204047      6331-56656-208    58.71     0.29        -0.02     0.00    -0.03        -0.15         0.08         0.14        -0.03        -0.02       4.00       0.93         0.13
  2M07384226+2131021      5590-55969-033    37.04     0.22         0.00    -0.02     0.02        -0.15         0.07         0.00         0.00         0.00       4.00       0.78         0.14
  2M07384226+2131021      5590-56237-040    37.12     0.35         0.00     0.01    -0.01        -0.15         0.20         0.00         0.04        -0.03       4.00       0.82         0.17
  2M07384226+2131021      5590-56256-045    39.23     0.19         0.00    -0.03     0.03        -0.15         0.00         0.00         0.04        -0.03       4.00       0.80         0.16
  2M08511335+1151401      5564-55903-204    58.38     1.24         0.07     0.24    -0.18        -0.18         1.06         0.26         0.07         0.00       6.00       0.94         0.14
  2M08511335+1151401      5564-55930-199    62.72     0.26        -0.05    -0.03    -0.02        -0.15         0.00         0.11        -0.05        -0.05       6.00       0.96         0.17
  2M08511335+1151401      5564-55934-198    43.51     0.99         0.00     0.13    -0.13        -0.17         0.82         0.00         0.04        -0.02       6.00       0.93         0.14
  2M08511670+1145293      5564-55903-053    68.97     1.19         0.00     0.16    -0.16        -0.18         1.01         0.05        -0.07         0.00       6.00       0.95         0.15
  2M08511670+1145293      5564-55930-059    63.45     0.22         0.00    -0.03     0.03        -0.15         0.06        -0.08         0.00         0.00       6.00       0.94         0.14
  2M08511670+1145293      5564-55934-053    46.63     1.62        -0.12    -0.07    -0.06        -0.12         0.81        -0.80        -0.26         0.05       7.00       0.90         0.13
  2M08511799+1145541      7267-56654-037    14.63    21.39         1.41     4.28    -2.87        -2.29        19.10         3.48         1.41        -0.32      10.00       0.78         0.24
  2M08511799+1145541      7267-56668-007    17.26    16.10         0.02     2.79    -2.77        -1.26        14.83         0.54         0.02        -0.18       7.00       0.84         0.20
  2M08511799+1145541      7267-56698-049     9.23    35.53         2.22     5.31    -3.08        -7.41        28.12         3.69         2.22        -0.08      12.00       0.55         0.26
  2M08512079+1153261      5564-55903-200     9.33    39.14         0.05     0.78    -0.73       -17.24        21.89        -0.87         0.05         0.05      10.00       0.78         0.53
  2M08512079+1153261      5564-55930-200    27.16    17.55         0.16     0.79    -0.63        -7.38        10.16         0.16         0.95         0.05      14.00       0.77         0.38
  2M08512079+1153261      5564-55934-194    10.65    45.21         0.10     0.62    -0.52       -19.64        25.57        -3.10         0.15         0.10      11.00       0.79         0.53
  2M08512175+1152378      7267-56654-198    55.11     7.12        -0.10     1.19    -1.29        -0.54         6.58         0.17        -0.17        -0.10       8.00       0.94         0.17
  2M08512175+1152378      7267-56668-210    44.64     7.15        -0.06     1.20    -1.26        -0.55         6.60         0.12        -0.06        -0.12       8.00       0.94         0.18
  2M08512175+1152378      7267-56698-198    34.96     4.08        -0.01     0.69    -0.70        -0.42         3.67         0.31        -0.01        -0.07       8.00       0.92         0.16
  2M08512377+1149493      5564-55903-038    71.02     0.39         0.02     0.05    -0.02        -0.12         0.27         0.02         0.03         0.02       6.00       0.97         0.15
  2M08512377+1149493      5564-55930-050    70.14     0.54         0.00     0.06    -0.06        -0.12         0.42         0.00         0.00         0.00       6.00       0.97         0.13
  2M08512377+1149493      5564-55934-056    58.21     0.48        -0.02    -0.11     0.09        -0.14        -0.44         0.00         0.04        -0.02       6.00       0.98         0.14
  2M08512530+1202563      5564-55903-199     3.12   187.80         2.10    -3.26     5.36        86.93        -6.91      -100.87         2.43         2.10      18.00       0.21         0.59
  2M08512530+1202563      5564-55930-204     3.23   175.23        -1.68    -1.03    -0.65        87.44        -1.68       -87.79        -1.74        -1.40      18.00       0.23         0.69
  2M08512530+1202563      5564-55934-193     3.52   165.88         0.28   -17.96    18.23        68.94        32.58       -96.94       -94.64         0.28      18.00       0.22         0.62
  2M08512530+1202563      7267-56654-199     3.00   196.82         1.60    -6.36     7.96        90.54       -19.62      -106.29         1.95         1.60      18.00       0.21         0.58
  2M08512530+1202563      7267-56668-198     3.52   191.96         0.03    -3.39     3.41        91.79        -8.95      -100.17         0.35         0.03      18.00       0.23         0.59
  2M08512530+1202563      7267-56698-199     2.82   186.69        -1.97     2.35    -4.32        98.59         6.43       -88.10        -3.21        -1.97      19.00       0.19         0.71
  2M08512530+1202563      7268-56672-197     2.55   194.10        -1.74    -4.67     2.93       105.11       -37.46       -88.99        -1.74        -0.27      17.00       0.20         0.62
  2M08512530+1202563      7268-56677-194     2.41   200.81        -0.77     1.57    -2.34        97.20        16.11      -103.61        -0.77        -1.07      18.00       0.22         0.66
  2M08512530+1202563      7268-56700-194     2.49   220.13       -29.04   -18.19   -10.85       105.05       -29.04      -115.09       -51.15        -0.70      18.00       0.20         0.59
  2M08512530+1202563      7268-56734-194     2.19   206.55         0.50   -13.13    13.63       106.15        16.18       -88.09      -100.40         0.50      20.00       0.21         0.71
  2M08512530+1202563      7268-56762-203     3.52   180.05        -0.90    -6.66     5.75        90.57       -33.40       -89.48        -0.90        -0.08      17.00       0.22         0.57
  2M08512530+1202563      7269-56650-191     2.60   177.49         0.68    -7.66     8.33        88.36        20.52       -89.12       -58.73         0.68      20.00       0.21         0.66
  2M08512530+1202563      7269-56671-203     3.57   170.30         0.75    -2.53     3.28        89.80       -23.70       -80.50         1.00         0.75      18.00       0.22         0.60
  2M08512530+1202563      7269-56678-242     2.68   163.35        -1.22     5.14    -6.37       100.91       -12.04       -62.43         0.51        -1.22      19.00       0.21         0.73
  2M08512530+1202563      7269-56707-197     3.20   178.49        -0.10    -6.65     6.55        65.63        14.72      -112.86        -0.10        -0.65      17.00       0.24         0.61
  2M08512530+1202563      7269-56727-272     3.31   198.93        -0.80   -14.01    13.21        91.80       -53.54      -107.13        -0.39        -0.80      18.00       0.25         0.53
  2M08512530+1202563      7269-56759-197     2.83   209.67        -0.87     1.24    -2.12       105.79         6.36      -103.88        -0.87        -1.17      17.00       0.20         0.66
  2M08512530+1202563      7269-56761-197     3.45   187.27        -0.77    -7.28     6.51        70.07        12.79      -117.19        -1.30        -0.77      18.00       0.21         0.56
  2M08512530+1202563      7269-56765-203     3.04   171.89         0.57     0.27     0.31        84.43         5.42       -87.46        -1.63         0.57      20.00       0.22         0.66
  2M08512530+1202563      7270-56651-289     2.79   197.58         0.98    -3.95     4.93       108.64       -42.04       -88.94         1.59         0.98      18.00       0.23         0.65
  2M08512530+1202563      7270-56703-193     2.70   175.36         0.42     0.94    -0.53        87.33         5.66       -88.03         0.42        -0.65      18.00       0.20         0.67
  2M08512530+1202563      7270-56787-187     2.57   179.50       -12.52   -14.48     1.96        95.89       -12.52       -73.75       -83.62         1.60      16.00       0.22         0.71
  2M08512734+1207406      5564-55903-202    14.79    20.02        -0.07     0.41    -0.48        -7.84        12.18         3.60        -5.82        -0.07      76.00       0.78         0.76
  2M08512734+1207406      5564-55930-201    10.75    20.34        -1.85    -0.22    -1.63        -3.84        12.34         0.24        -8.00        -1.85      80.00       0.80         0.75
  2M08512734+1207406      5564-55934-196    12.33    26.76        -1.50     0.53    -2.03        -9.90        16.86         3.07        -5.88        -1.50      82.00       0.80         0.73
  2M08512734+1207406      7267-56654-204    11.01    15.02        -1.47    -0.33    -1.15        -1.39         9.04        -1.85        -5.97        -1.47      79.00       0.78         0.72
  2M08512734+1207406      7267-56668-193     9.06    40.25        -1.05     0.65    -1.70       -15.27        24.98         1.15        -6.57        -1.05      80.00       0.78         0.77
  2M08512734+1207406      7267-56698-204     9.46    35.17        -0.77     0.68    -1.46       -13.99        21.17         1.92        -4.91        -0.77      79.00       0.78         0.75
  2M08512734+1207406      7268-56672-198    16.96    10.77        -0.85    -0.19    -0.66        -1.48         5.77         0.63        -5.00        -0.85      80.00       0.77         0.71
  2M08512734+1207406      7268-56677-193    17.49     3.25         0.30    -0.31     0.61         0.48         0.30         0.11        -2.77         0.35      81.00       0.77         0.67
  2M08512734+1207406      7268-56700-193    11.09    24.56        -0.85     0.49    -1.34        -7.24        17.32        -0.04        -6.77        -0.85      77.00       0.75         0.72
  2M08512734+1207406      7268-56734-193    10.36    29.32        -0.22     1.10    -1.33       -13.05        16.26         4.55        -2.02        -0.22      79.00       0.78         0.75
  2M08512734+1207406      7268-56762-204     8.36    62.09        -0.57     0.52    -1.10       -29.40        32.69         5.21        -5.30        -0.57      79.00       0.77         0.74
  2M08512734+1207406      7269-56650-192    12.45    22.33         0.13     0.86    -0.73        -8.72        13.61         2.41        -3.14         0.13      78.00       0.78         0.71
  2M08512734+1207406      7269-56671-199    14.01    17.10        -0.95     0.30    -1.25        -6.07        11.04         2.10        -4.63        -0.95      80.00       0.78         0.72
  2M08512734+1207406      7269-56678-246     8.33    43.71         0.70     1.73    -1.03       -21.03        22.67         9.22        -2.91         0.70      76.00       0.77         0.74
  2M08512734+1207406      7269-56707-193    15.42    13.46        -0.20     0.31    -0.51        -4.39         9.07         1.08        -4.00        -0.20      81.00       0.79         0.76
  2M08512734+1207406      7269-56727-289     6.77   247.86        -1.65   -17.45    15.80      -167.37        80.49         6.46        -5.15        -1.65      78.00       0.81         0.81
  2M08512734+1207406      7269-56759-198    11.45    29.58        -0.12     1.17    -1.29       -14.74        14.85         7.89        -2.05        -0.12      82.00       0.80         0.76
  2M08512734+1207406      7269-56761-198    12.73    21.42        -1.28     0.55    -1.83        -7.51        13.91         1.47        -3.83        -1.28      80.00       0.77         0.75
  2M08512734+1207406      7269-56765-204     8.00    47.33         0.18     1.64    -1.47       -23.79        23.54         8.15         0.13         0.18      77.00       0.76         0.77
  2M08512734+1207406      7270-56651-244     9.71    46.12        -1.05     1.02    -2.07       -18.74        27.37         3.93        -6.40        -1.05      80.00       0.79         0.76
  2M08512734+1207406      7270-56703-208    11.84    27.51        -1.15     0.60    -1.75       -10.62        16.89         2.73        -4.84        -1.15      81.00       0.79         0.78
  2M08512734+1207406      7270-56787-256     7.14    64.96        -0.30     1.50    -1.80       -31.57        33.39         7.28        -1.28        -0.30      80.00       0.78         0.75
  2M08512990+1147168      5564-55903-040    58.40     0.23         0.00    -0.07     0.07        -0.11        -0.23         0.00         0.00         0.00       4.00       0.97         0.14
  2M08512990+1147168      5564-55930-052    78.07     0.43        -0.10    -0.14     0.04        -0.10        -0.43        -0.11        -0.07         0.00       4.00       0.92         0.12
  2M08512990+1147168      5564-55934-057    48.93     0.58        -0.09    -0.15     0.07        -0.10        -0.58        -0.09         0.00         0.00       4.00       0.86         0.14
  2M08513784+1150570      7269-56650-204     2.39   253.87      -126.02   -77.34   -48.68      -179.03      -149.89      -126.02        -6.62        74.85      76.00       0.16         1.58
  2M08513784+1150570      7269-56671-210     1.72   260.46       -84.07   -46.06   -38.00      -170.94      -117.49       -84.07        89.52        52.66     125.00       0.13         1.52
  2M08513784+1150570      7269-56678-204     0.46   243.06      -129.32   -73.38   -55.94      -180.12      -150.32      -129.32        62.94        29.93     171.00       0.15         1.65
  2M08513784+1150570      7269-56707-210     1.48   238.38        22.37   -44.22    66.59      -180.63      -151.25        57.74        30.67        22.37     152.00       0.12         1.47
  2M08513784+1150570      7269-56727-198     0.65   264.06       -91.47   -53.20   -38.27      -177.79      -133.21       -91.47        86.27        50.21     115.00       0.16         1.48
  2M08513784+1150570      7269-56759-192     1.99   261.55      -109.11   -84.19   -24.92      -181.45      -141.65      -109.11       -68.85        80.10     184.00       0.23         1.75
  2M08513784+1150570      7269-56761-192     0.69   231.48      -110.97   -67.96   -43.01      -182.69      -143.47      -110.97        48.80        48.53     121.00       0.22         1.58
  2M08513784+1150570      7269-56765-198     1.18   278.20       -69.15   -55.57   -13.58      -184.63      -140.40       -69.15        93.57        22.75      91.00       0.12         1.33
  2M08514194+1143371      7269-56650-134    24.74    12.98         0.34    -0.48     0.81         1.02        -8.28         4.69         0.34        -0.15       8.00       0.77         0.22
  2M08514194+1143371      7269-56671-035    19.17    16.49         0.10     0.71    -0.61        -3.09        11.44        -5.06         0.16         0.10       8.00       0.78         0.25
  2M08514194+1143371      7269-56678-038    16.30    19.83         0.17     2.01    -1.84        -4.85        14.98        -0.41         0.17         0.17       7.00       0.69         0.28
  2M08514194+1143371      7269-56707-134    15.78    15.58         0.69     3.03    -2.34        -3.16        12.41         4.87         0.69         0.32       8.00       0.75         0.23
  2M08514194+1143371      7269-56727-038    21.94     9.79         0.12     1.47    -1.34        -1.48         8.30         0.07         0.31         0.12       8.00       0.79         0.21
  2M08514194+1143371      7269-56759-038    24.36     3.53         0.92     0.87     0.05        -0.55         1.15         2.98         0.92        -0.15       9.00       0.67         0.28
  2M08514194+1143371      7269-56761-038    14.72    20.29         0.72     3.00    -2.29        -4.36        15.93         2.74         0.72        -0.02       9.00       0.69         0.24
  2M08514194+1143371      7269-56765-032    19.52     5.69         0.68     1.56    -0.88        -1.38         4.31         4.15         0.68         0.05       9.00       0.74         0.25
  2M08514355+1144264      5564-55903-045    90.07     0.38        -0.03    -0.12     0.09        -0.10        -0.40        -0.02        -0.02        -0.03       4.00       0.97         0.11
  2M08514355+1144264      5564-55930-046    69.85     0.30         0.00     0.02    -0.02        -0.11         0.19         0.00         0.00         0.00       4.00       0.98         0.11
  2M08514355+1144264      5564-55934-046    61.66     0.82         0.00     0.12    -0.12        -0.12         0.70         0.00         0.00         0.00       4.00       0.97         0.11
  2M08514832+1151118      7269-56650-205    23.47     7.68        -0.01     1.35    -1.36        -0.57         7.11         0.28        -0.01        -0.07       8.00       0.88         0.19
  2M08514832+1151118      7269-56671-157    51.06     5.78        -0.13     0.83    -0.95        -0.47         5.26        -0.53        -0.13         0.00       7.00       0.94         0.18
  2M08514832+1151118      7269-56678-210    18.72     7.36         0.00     1.34    -1.34        -0.57         6.79         0.54        -0.06         0.00       8.00       0.87         0.18
  2M08514832+1151118      7269-56707-162    30.32     7.81        -0.25     1.18    -1.44        -0.60         7.21        -0.44        -0.25         0.00       7.00       0.88         0.20
  2M08514832+1151118      7269-56727-192    32.03     6.94        -0.25     0.93    -1.18        -0.53         6.19        -0.75        -0.25         0.00       7.00       0.92         0.18
  2M08514832+1151118      7269-56759-205    32.66     0.45        -0.05    -0.00    -0.05        -0.11        -0.16         0.29         0.01        -0.05       8.00       0.86         0.21
  2M08514832+1151118      7269-56761-205    26.85     3.23        -0.10     0.57    -0.67        -0.26         2.97         0.36        -0.10        -0.10       7.00       0.86         0.19
  2M08514832+1151118      7269-56765-205    16.92     7.25         0.01     1.05    -1.04        -1.46         5.79         0.97         0.01        -0.05       8.00       0.87         0.28
  2M08515020+1146069      5564-55903-044    74.47     0.16        -0.07    -0.07     0.00        -0.11        -0.16        -0.02        -0.07         0.00       4.00       0.93         0.12
  2M08515020+1146069      5564-55930-044    88.50     0.54        -0.07    -0.15     0.08        -0.10        -0.54        -0.02        -0.07         0.00       4.00       0.94         0.13
  2M08515020+1146069      5564-55934-047    76.88     0.29        -0.02    -0.07     0.04        -0.11        -0.25         0.00         0.04        -0.02       4.00       0.96         0.14
  2M09380671+5601073      5637-56641-203     3.56   225.17        11.67   -16.97    28.64      -175.55        49.62        24.39        11.67         5.00     107.00       0.78         1.01
  2M09380671+5601073      5637-56645-203    11.56    46.50        -3.45     0.32    -3.77       -19.87        26.63         4.99        -6.72        -3.45     101.00       0.79         0.89
  2M09380671+5601073      5637-56669-203     4.81    52.09       -10.20    -4.03    -6.17        33.46       -15.01       -18.63        -9.79       -10.20     108.00       0.72         0.88
  2M10331492+2936548      6770-56378-057    36.68     2.34         0.00     0.37    -0.37        -0.33         2.01         0.14         0.00         0.00       6.00       0.80         0.15
  2M10331492+2936548      6770-56402-051    36.23     3.70         0.09     0.66    -0.57        -0.36         3.34         0.20         0.09         0.03       6.00       0.80         0.18
  2M10331492+2936548      6770-56407-057    32.13     7.20         0.09     1.34    -1.25        -0.49         6.70         0.36         0.09         0.03       6.00       0.79         0.15
  2M10452050+4533586      6575-56265-297     1.63   217.38       -38.99    -3.20   -35.79       157.72       -43.17       -31.89       -59.65       -38.99     130.00       0.61         0.95
  2M10452050+4533586      6609-56315-292     1.68   213.97        28.56    -3.80    32.36      -164.32        49.65        39.64        28.56        27.47     107.00       0.62         1.09
  2M10452050+4533586      6609-56324-286     9.69    61.34         5.36     2.39     2.97       -32.26        29.08         4.23         5.36         5.55      93.00       0.73         0.82
  2M11433068-1502341      5639-56701-045    15.81    84.32        10.54    -3.52    14.06       -66.56        17.77        15.54        10.54         5.10     130.00       0.84         1.23
  2M11433068-1502341      5639-56707-003    12.03   136.02         9.38    -8.69    18.07      -105.38        30.64        16.92         9.38         5.00     130.00       0.83         1.26
  2M11433068-1502341      5639-56734-010     6.47   210.97        21.68   -17.67    39.35      -179.00        23.42        31.97        21.68        13.55     129.00       0.92         1.27
  2M11433068-1502341      5639-56757-045    12.77    65.87         8.63    -2.21    10.84       -50.81        15.06        13.80         8.63         2.28     131.00       0.76         1.23
  2M12240346+2551043      5622-55940-052     9.39    29.19         0.34    -0.92     1.26         0.34        15.03         2.71       -14.15        -8.52      83.00       0.73         0.83
  2M12240346+2551043      5622-55998-051    10.79    27.97         4.71     2.10     2.60       -15.14        12.83         4.71         8.32        -0.20      79.00       0.57         0.76
  2M12281386+2502005      5621-55939-130    45.33     1.27         0.02     0.21    -0.20        -0.14         1.13         0.12         0.02        -0.05       8.00       0.96         0.12
  2M12281386+2502005      5621-55991-136    20.32     2.12        -0.15     0.10    -0.24        -0.15         1.50        -0.23        -0.62        -0.03      11.00       0.91         0.13
  2M12281386+2502005      5621-55999-136    19.45     3.84        -0.19     0.25    -0.45        -0.19         2.85        -0.35        -0.99        -0.05      12.00       0.88         0.15
  2M12283815+2613370      5622-55940-153     4.28   232.77        -0.75   -10.27     9.52      -156.19        76.58        30.17        -0.75        -1.18      83.00       0.68         0.84
  2M12284457+2553575      5621-55991-070     4.02   232.10        15.30    -9.49    24.79      -159.16        72.95        19.54        15.30         3.90      90.00       0.69         0.87
  2M12284457+2553575      5622-55940-082    11.61    52.40         1.48     0.46     1.01       -27.69        24.72         7.36        -3.55         1.48      78.00       0.81         0.81
  2M12284457+2553575      5622-55998-069     3.44   223.64        20.58   -11.49    32.07      -167.65        55.99        30.31        20.58         3.33      58.00       0.68         0.92
  2M13082991-0240443      6775-56409-069     7.17    23.42        -6.23    -2.01    -4.21        10.79        10.35       -12.33       -12.63        -6.23      84.00       0.71         0.79
  2M13082991-0240443      6775-56700-082     5.87   106.40        14.33     0.76    13.58       -68.30        38.10        14.33        14.48         5.17      90.00       0.78         0.86
  2M13082991-0240443      6775-56705-082     9.50    44.78         2.33     2.36    -0.03       -19.99        24.79         7.76        -3.08         2.33      83.00       0.74         0.78
  2M13082991-0240443      6775-56709-063    16.36    18.96        -2.35    -1.77    -0.59         8.39       -10.57        -2.35        -4.88         0.58      75.00       0.68         0.73
  2M13121982+1731016      5633-55932-184    28.54     1.69        -0.12     0.19    -0.31        -0.15         1.44         0.02        -0.12        -0.25       7.00       0.91         0.16
  2M13121982+1731016      5633-55965-189    52.19     3.94        -0.13     0.61    -0.74        -0.26         3.67        -0.03        -0.13        -0.20       7.00       0.95         0.14
  2M13121982+1731016      5633-55990-190    46.94     0.65        -0.12    -0.01    -0.11        -0.12         0.45        -0.03        -0.13        -0.20       7.00       0.95         0.13
  2M13121982+1731016      5633-55991-190    50.48     0.10        -0.12    -0.12    -0.00        -0.12        -0.12        -0.08        -0.11        -0.18       7.00       0.94         0.14
  2M13121982+1731016      5633-55998-195    51.45     2.57        -0.10     0.37    -0.47        -0.21         2.35         0.04        -0.10        -0.23       7.00       0.96         0.17
  2M13121982+1731016      5633-55999-195    45.05     1.42        -0.14     0.15    -0.30        -0.14         1.20         0.09        -0.16        -0.23       7.00       0.92         0.14
  2M13121982+1731016      5634-55992-189    26.75     0.41        -0.10    -0.09    -0.01        -0.10        -0.19         0.18        -0.10        -0.23       7.00       0.85         0.18
  2M13121982+1731016      5634-56019-196    36.65     0.80        -0.13     0.01    -0.14        -0.13         0.57         0.01        -0.16        -0.23       7.00       0.97         0.18
  2M13121982+1731016      5634-56021-196    31.13     0.26        -0.10    -0.10    -0.00        -0.10        -0.22         0.02         0.04        -0.22       7.00       0.95         0.16
  2M13121982+1731016      5634-56022-196    62.77     0.30        -0.13    -0.07    -0.06        -0.15         0.10         0.04        -0.13        -0.20       7.00       0.94         0.15
  2M13121982+1731016      4812-55725-183    47.84     1.45         0.19     0.34    -0.15        -0.15         1.30         0.37         0.19         0.00       8.00       0.95         0.14
  2M13121982+1731016      4812-55726-183    31.75     0.61         0.13     0.19    -0.06        -0.13         0.46         0.48         0.13         0.00       8.00       0.95         0.16
  2M13121982+1731016      4812-55727-183    51.52     5.23         0.26     1.05    -0.80        -0.36         4.87         0.52         0.26         0.00       8.00       0.95         0.17
  2M13475259-0035407      5692-56729-087     6.37    30.03        -5.42    -3.14    -2.28        10.89         6.93        -5.42       -19.14        -8.98      93.00       0.68         0.75
  2M13475259-0035407      5692-56738-070     6.25    34.01        -8.51    -3.47    -5.04        10.04        12.98        -8.51       -21.03       -10.83      92.00       0.62         0.71
  2M13475259-0035407      5692-56757-088     7.47    57.08         5.79     1.21     4.58       -34.07        23.01         5.79        10.73         0.60      99.00       0.71         0.89
  2M13475259-0035407      5692-56763-087    36.30     5.52         0.97     0.44     0.53        -2.68         1.22        -0.14         2.84         0.97      91.00       0.65         0.74
  2M14164478+5315488      6857-56376-063     5.31    38.76         0.20     1.60    -1.40       -16.39        22.37         3.71        -1.89         0.20      75.00       0.79         0.81
  2M14164478+5315488      6857-56383-075     5.48    35.52         0.15     1.39    -1.24       -14.59        20.93         0.76        -0.31         0.15      74.00       0.79         0.77
  2M14164478+5315488      6857-56402-075     4.23    34.58         3.12     1.78     1.34       -17.27        17.31         3.16         2.60         3.12      75.00       0.79         0.81
  2M14193774+0553466      6861-56324-255     5.05   240.12        -2.89   -20.56    17.66      -179.47        60.64        22.56        -2.89        -3.62     127.00       0.73         1.07
  2M14193774+0553466      6861-56347-255     4.72   250.57        -1.09   -14.38    13.29      -168.92        81.65        17.64        -1.09        -1.15     107.00       0.73         0.90
  2M14193774+0553466      6861-56352-243     2.89   155.22        -8.25   -10.08     1.83       -98.09        57.12        12.56        -8.25       -13.73     132.00       0.62         0.96
  2M14350376+0906494      5672-56439-153    10.69    19.37         5.12     4.86     0.26        -3.37        16.01         6.37         5.12         0.15      41.00       0.59         0.28
  2M14350376+0906494      5672-56461-159     7.74    25.28         0.03     1.92    -1.89        -0.52       -12.25        13.03         9.31         0.03      44.00       0.60         0.29
  2M14350376+0906494      5672-56468-165    15.18    17.28         1.89     3.87    -1.97        -2.57        14.71         1.89         4.10         1.20      44.00       0.62         0.20
  2M14480341+1356411      6842-56469-268    13.02    36.56         0.33     4.98    -4.66       -10.34        26.22         8.76         0.33        -0.05      16.00       0.77         0.30
  2M14480341+1356411      6842-56700-262    10.10    44.01         0.23     4.07    -3.84       -13.86        30.15         3.67         0.16         0.23      16.00       0.78         0.30
  2M14480341+1356411      6842-56704-267     9.11    24.75         1.56     3.76    -2.20        -4.89         2.19        19.86         1.56         0.08      18.00       0.62         0.37
  2M14480341+1356411      6842-56708-267    15.58    27.74         0.08     2.93    -2.85        -8.43        19.31         3.68         0.01         0.08      16.00       0.80         0.31
  2M14542451+4517557      6854-56378-123    12.29    31.05        -0.26    -3.65     3.39        -1.05         7.12       -23.93        -0.26        -0.12      10.00       0.85         0.29
  2M14542451+4517557      6854-56404-034     9.47    23.69        -0.05     6.16    -6.21        -4.84        16.89        18.85        -0.05        -0.05      34.00       0.79         0.24
  2M14542451+4517557      6854-56409-130    14.93    10.43        -1.61    -0.65    -0.96        -1.61         6.00        -3.55        -4.43         0.35      17.00       0.86         0.28
  2M15261954+3658534      5756-56735-052     3.13    68.58        21.47    11.17    10.30       -40.65        26.71        27.93        21.47        20.38      65.00       0.47         0.47
  2M15261954+3658534      5756-56740-052     2.67   100.48        26.25    18.23     8.02       -45.22        55.26        30.50        26.25        24.35      78.00       0.43         0.43
  2M15261954+3658534      5756-56762-040     2.67   169.46        29.50    22.31     7.20       -75.16        94.30        35.62        27.26        29.50      98.00       0.45         0.45
  2M16112725+2349118      5763-56713-201    33.21     5.09        -0.02    -0.15     0.13        -2.00         3.09        -1.95         0.12        -0.02      10.00       0.87         0.49
  2M16112725+2349118      5763-56715-201    30.24     3.79        -0.05    -0.20     0.15        -0.86         1.87        -1.91        -0.05        -0.05      10.00       0.80         0.45
  2M16112725+2349118      5763-56716-201    35.99     4.53         0.00     0.00    -0.00        -2.27         2.26         0.06         0.00        -0.05      10.00       0.89         0.45
  2M16112725+2349118      5763-56723-232    32.16    12.88         0.10     0.30    -0.20        -6.16         6.72         0.88         0.10        -0.05      10.00       0.88         0.45
  2M16112725+2349118      5763-56729-207    39.08     2.15        -0.05    -0.19     0.14        -0.27         0.70        -1.46         0.11        -0.05       8.00       0.84         0.47
  2M16493124+4706288      5668-55992-033     6.64   125.83        -3.93    -4.81     0.89       -75.39        50.44         8.74        -3.93        -3.93     109.00       0.91         0.93
  2M16493124+4706288      5668-56023-088     7.81   100.03         1.40    -1.29     2.68       -62.32        37.71        16.57         1.40         0.20     116.00       0.90         0.99
  2M16493124+4706288      5668-56029-040     8.34   103.31         5.67    -0.87     6.54       -62.86        40.45        11.22         5.67         1.15     113.00       0.86         0.94
  2M16493124+4706288      5669-56024-045     7.53    88.40        -2.13     0.13    -2.26       -46.24        42.16         9.23        -2.13        -2.38     108.00       0.86         0.88
  2M16493124+4706288      5669-56050-045     5.31   131.18        -0.88    -2.18     1.31       -70.53        60.65         2.42        -2.57        -0.88     107.00       0.57         0.85
  2M16493124+4706288      5669-56051-045     7.85    94.26        -1.46    -1.50     0.04       -52.15        42.11         6.45        -1.46        -2.45     113.00       0.87         0.94
  2M16493124+4706288      5669-56350-045    10.05    44.13        -4.35     0.29    -4.64       -18.11        26.03         5.09        -7.20        -4.35     109.00       0.82         0.86
  2M16493124+4706288      5907-56052-045     5.27   242.27         8.74   -15.32    24.06      -172.12        70.14        15.23         8.74         1.40     115.00       0.89         0.98
  2M16493124+4706288      5907-56082-045     5.50   174.84         2.06    -8.69    10.74      -115.15        59.69        10.43         2.06        -0.45     114.00       0.88         0.95
  2M16493124+4706288      5907-56109-045     7.94    95.77        -2.80    -1.82    -0.98       -54.69        41.08        10.17        -2.86        -2.80     110.00       0.83         0.93
  2M16493124+4706288      5908-56053-040     8.98    43.78        -4.20     0.00    -4.20       -18.18        25.60         3.77        -6.96        -4.20     111.00       0.87         0.89
  2M16493124+4706288      5908-56083-040    10.11    87.35         1.06    -0.16     1.22       -48.47        38.88         8.12         1.06        -0.38     109.00       0.82         0.89
  2M16493124+4706288      5908-56088-034     4.72   238.49        11.06   -13.96    25.02      -171.52        66.97        21.52        11.06         2.18     113.00       0.87         0.98
  2M16560455+4722147      5668-55992-064    17.86     5.21         1.23     0.52     0.71        -2.74         1.23         2.47         1.61         0.05      12.00       0.81         0.49
  2M16560455+4722147      5668-56023-064    23.95     7.26         0.28     0.50    -0.22        -3.59         3.67         0.28         2.07         0.07      12.00       0.85         0.50
  2M16560455+4722147      5668-56029-064    44.86     5.07         0.03     0.27    -0.25        -2.50         2.57        -0.03         1.29         0.03      11.00       0.87         0.46
  2M16560455+4722147      5669-56024-069    51.15    12.36         0.05     0.36    -0.31        -5.58         6.78        -0.46         1.01         0.05      11.00       0.88         0.44
  2M16560455+4722147      5669-56050-069    39.47    24.66         0.09     0.96    -0.87       -10.62        14.04         0.09         1.25         0.03      11.00       0.87         0.44
  2M16560455+4722147      5669-56051-069    15.91    25.04         0.08     0.74    -0.67       -10.95        14.09        -0.82         1.30         0.08      11.00       0.87         0.50
  2M16560455+4722147      5669-56350-076    35.22     9.59         0.27     0.18     0.09        -4.63         4.96         0.29         0.27         0.03      10.00       0.90         0.45
  2M16560455+4722147      5907-56052-070     5.88    74.66        -0.28     0.31    -0.59       -47.78        26.88        24.04        -1.30        -0.28      19.00       0.80         0.63
  2M16560455+4722147      5907-56082-069    18.82    16.78         1.40     0.79     0.61        -7.89         8.89         1.40         1.46         0.07      12.00       0.84         0.50
  2M16560455+4722147      5907-56109-064    54.42     1.52         0.08     0.11    -0.03        -0.29         0.29        -0.52         0.99         0.08      11.00       0.88         0.45
  2M16560455+4722147      5908-56053-069    24.62    15.28         0.08     1.30    -1.22        -4.28        -4.32        10.95         4.08         0.08      16.00       0.65         0.55
  2M16560455+4722147      5908-56083-070    50.75    11.48         0.05    -0.19     0.24         5.15        -6.33        -1.01         1.17         0.05      11.00       0.90         0.44
  2M16560455+4722147      5908-56088-069    19.08     7.22         0.21     0.42    -0.21        -3.57         3.64         0.21         1.76         0.05      12.00       0.83         0.50
  2M16571775+8650406      6859-56351-262    36.16     5.26        -0.04     0.40    -0.44        -1.50         3.77        -0.24        -0.04         0.03      10.00       0.92         0.29
  2M16571775+8650406      6859-56406-178    24.21    15.05        -0.06     0.95    -1.02        -4.98        10.07        -0.25        -0.06         0.00      10.00       0.93         0.29
  2M16571775+8650406      6859-56410-262    25.93    22.94         0.03     1.25    -1.23        -8.46        14.48         0.20         0.02         0.03      10.00       0.92         0.34
  2M17115469+5758032      5761-56750-100    50.60     3.87         0.11    -0.44     0.55         0.64        -3.23         0.29         0.11        -0.03       8.00       0.81         0.21
  2M17115469+5758032      5761-56764-106    41.39     1.96         0.05    -0.31     0.36         0.28        -1.67        -0.30         0.11         0.05       8.00       0.81         0.24
  2M17115469+5758032      5761-56768-148    12.28    20.11         0.18     1.49    -1.31        -6.66        13.45         0.47         0.18         0.00       8.00       0.68         0.29
  2M17115469+5758032      5761-56773-148    27.64     2.79         0.07    -0.30     0.38         0.52        -2.27         0.07         0.16         0.02       8.00       0.83         0.27
  2M17183642+4153170      5670-55992-141     1.58   232.70        10.93   -20.06    31.00      -184.27        48.42        27.28        10.93        -2.67     138.00       0.52         1.35
  2M17183642+4153170      5670-55999-136     4.49   235.85         8.02   -23.56    31.58      -182.52       -21.41        53.32        24.79         8.02     137.00       0.53         1.38
  2M17183642+4153170      5670-56019-136     2.29    95.70         1.19    -2.03     3.22       -54.53        41.17        12.24         1.19       -10.23     135.00       0.50         1.29
  2M17183642+4153170      5670-56022-135     5.48   238.27        13.48   -30.33    43.80      -182.42       -68.73        55.84        30.21        13.48     136.00       0.54         1.41
  2M17183642+4153170      5670-56023-135     2.29    49.40        -2.74     1.85    -4.59       -15.03        34.37         6.76        -2.74       -14.10     133.00       0.47         1.24
  2M17183642+4153170      5671-55998-130     1.69   147.18         7.07    -8.56    15.63      -105.27        41.91        18.72         7.07        -5.23     136.00       0.55         1.34
  2M17183642+4153170      5671-56025-136     2.09    97.56         3.91    -2.43     6.34       -59.67        37.89        13.48         3.91        -7.75     135.00       0.49         1.31
  2M17183642+4153170      5671-56048-130     1.84   186.17         7.10   -12.69    19.79      -134.05        52.12        21.11         7.10        -9.75     134.00       0.56         1.32
  2M17183642+4153170      5671-56049-130     4.42   246.93        15.80   -41.74    57.54      -182.52      -142.25        64.41        35.87        15.80     136.00       0.64         1.45
  2M17183642+4153170      5837-56027-100     1.60   224.31        12.40   -20.59    32.98      -185.47        38.83        37.97        12.40        -6.65     134.00       0.53         1.36
  2M17183642+4153170      5837-56052-135     1.91    84.34         3.36    -1.23     4.59       -47.46        36.88        11.68         3.36       -10.60     134.00       0.49         1.27
  2M17183642+4153170      5837-56351-130     5.21   234.14        13.93   -23.06    36.99      -181.05       -29.21        53.09        27.93        13.93     132.00       0.61         1.36
  2M17183642+4153170      5838-56054-136     1.49   229.23        16.14   -21.06    37.19      -185.02        22.05        44.21        16.14        -2.65     137.00       0.57         1.39
  2M17183642+4153170      5838-56084-129     2.51   243.76         5.32   -45.86    51.18      -180.92      -145.57         5.32        62.83        29.05     134.00       0.66         1.50
  2M17183642+4153170      5838-56362-147     6.42   218.08        17.74   -20.00    37.74      -182.75        23.30        35.33        17.74         6.38     138.00       0.59         1.37
  2M17183642+4153170      4825-55731-135     3.85    37.95        -7.15    -2.61    -4.54         9.67        14.87        -7.38       -23.08        -7.15      76.00       0.70         0.78
  2M17183642+4153170      4825-55751-142     5.61    51.28        -8.03    -4.44    -3.59        11.70        24.22       -23.01       -27.06        -8.03      99.00       0.65         0.74
  2M17183642+4153170      4825-55759-142    12.09    21.11         0.38     0.25     0.12        -8.59        12.51         4.81        -7.84         0.38      47.00       0.68         0.61
  2M17500331+4823391      6853-56404-208    37.26     0.87        -0.28    -0.32     0.04        -0.09        -0.89        -0.29        -0.28        -0.02      28.00       0.87         0.19
  2M17500331+4823391      6853-56410-201    28.27     0.97        -0.08    -0.35     0.26        -0.08        -1.02        -0.55        -0.05        -0.05      29.00       0.87         0.21
  2M17500331+4823391      6853-56709-207    40.68     0.41         0.08     0.06     0.01        -0.16         0.25         0.19        -0.05         0.08      28.00       0.87         0.21
  2M18051056-2423547      5826-56534-190     2.24   158.74        22.71    -5.17    27.88      -125.33        33.41        32.71        22.71        10.68     121.00       0.31         1.23
  2M18051056-2423547      5826-56536-190     3.05   191.49        28.49    -6.08    34.57      -148.74        15.14        28.49        42.75        31.98     134.00       0.36         1.24
  2M18051056-2423547      5826-56771-286     3.74    78.67         0.81     0.66     0.14       -44.48        34.18        18.19         0.81        -5.37     126.00       0.33         1.04
  2M18051056-2423547      5826-56795-297     1.77   252.52        30.35   -10.93    41.28      -154.09       -94.65        98.43        65.29        30.35     120.00       0.39         1.21
  2M18085403-2528228      6890-56809-244     9.51    44.64         2.31     0.98     1.33       -27.29        17.35        12.31         2.31         0.23     121.00       0.95         1.02
  2M18085403-2528228      5826-56534-130     2.34    46.19        -3.11     0.63    -3.74        30.97       -15.22       -10.33        -3.11         0.82     138.00       0.64         1.33
  2M18085403-2528228      5826-56536-124     3.75     8.27         1.55     0.80     0.75         1.73         4.79         1.55        -0.57        -3.48     137.00       0.78         1.28
  2M18085403-2528228      5826-56771-075     3.83   230.10        29.82   -39.27    69.10      -179.45      -141.12        50.65        43.73        29.82     135.00       0.87         1.44
  2M18085403-2528228      5826-56795-124     4.65    54.61         4.95    -2.53     7.48       -41.34        13.26         7.81         4.95         2.65     137.00       0.76         1.34
  2M18170483+0100206      5236-56776-237    52.45     5.79        -0.02     0.65    -0.67         0.17        -1.31         4.47        -0.02        -0.08       9.00       0.92         0.36
  2M18170483+0100206      5236-56777-237    25.41    12.77         0.03     0.50    -0.47        -5.78         6.99         1.30         0.03        -0.03      10.00       0.93         0.40
  2M18170483+0100206      5237-56775-045    10.40    59.05         0.40     1.04    -0.64       -29.86        29.20         5.62         0.40        -0.18      10.00       0.70         0.53
  2M18170483+0100206      6067-56834-003    17.51    29.21         0.10     0.23    -0.13       -14.34        14.86         0.66         0.10        -0.12       8.00       0.83         0.45
  2M18170483+0100206      6068-56791-051    15.86    33.34         0.01     0.54    -0.53       -15.83        17.51         1.06         0.01        -0.05       9.00       0.89         0.42
  2M18510092-0614564      6916-56426-280    67.16     0.41        -0.02     0.04    -0.06        -0.11         0.29         0.06        -0.03        -0.02       6.00       0.95         0.11
  2M18510092-0614564      6916-56428-280    68.23     0.39        -0.03     0.02    -0.04        -0.11         0.27        -0.03        -0.03        -0.02       6.00       0.95         0.12
  2M19074762+3855416      5554-55841-201    15.16    44.67        -2.35    -3.09     0.75        20.95        -2.28        -2.35       -23.72        -8.07     109.00       0.75         0.81
  2M19074762+3855416      5554-55871-201     6.61   252.67         1.18   -14.56    15.74      -169.30        83.37        13.70         1.18        -1.75     104.00       0.70         0.94
  2M19074762+3855416      5554-55872-201    10.33    54.65       -14.17    -5.26    -8.91        31.98        -5.70       -14.17       -22.67       -15.73     116.00       0.74         0.79
  2M19074762+3855416      6910-56444-154     5.91   234.79         7.95   -17.27    25.22      -176.92        57.86        26.83         7.95        -2.08     111.00       0.78         1.08
  2M19074762+3855416      6910-56446-154    11.82    30.38        -5.52     0.08    -5.60        -5.52        17.03         8.24       -13.35        -6.00     108.00       0.74         0.90
  2M19074762+3855416      7023-56453-202     6.14   214.61        25.26    -7.57    32.83      -167.67        37.47        46.94        25.26        20.17     106.00       0.77         1.05
  2M19074762+3855416      7023-56454-202    10.52    56.91       -13.03    -6.03    -7.00        34.45       -12.16       -22.46       -16.95       -13.03     111.00       0.74         0.82
  2M19074762+3855416      7023-56455-202     5.71   178.83        -3.35    -9.42     6.07      -113.22        65.61         9.89        -6.04        -3.35     109.00       0.69         0.95
  2M19094607+3747391      5554-55841-130    11.12    39.38         6.80     2.92     3.88       -23.00        16.38        14.36         6.80         0.05      18.00       0.71         0.57
  2M19094607+3747391      5554-55871-130    31.31     3.38         0.29     0.13     0.16        -1.92         1.47         0.79         0.29         0.02      14.00       0.88         0.46
  2M19094607+3747391      6910-56446-130    19.96     4.08         0.67     0.24     0.43        -2.49         1.59         1.49         0.67        -0.05      14.00       0.78         0.49
  2M19155697+2727210      5246-56082-081     8.19   133.29        12.73   -11.30    24.02      -113.52        19.77        16.19        12.73         8.35     137.00       0.67         1.37
  2M19155697+2727210      5246-56086-034     7.37   195.25        11.71   -16.43    28.14      -156.64        38.61        21.81        11.71         2.38     135.00       0.72         1.33
  2M19155697+2727210      5246-56091-034     2.18   130.88         7.38    -8.28    15.66       -98.98        31.90        20.52         7.38        -2.23     138.00       0.66         1.37
  2M19155697+2727210      5247-56084-081    11.41   211.81        15.88   -21.38    37.26      -183.27        28.53        22.25        15.88         9.70     137.00       0.71         1.38
  2M19155697+2727210      5247-56088-087    10.01   150.51        11.32   -12.32    23.64      -123.57        26.94        19.26        11.32         4.45     138.00       0.71         1.36
  2M19155697+2727210      5247-56092-087     7.03   127.76         8.66    -9.70    18.36      -101.99        25.77        15.64         8.66         3.40     138.00       0.72         1.38
  2M19155697+2727210      5247-56093-087     8.49   133.16         9.94   -10.92    20.86      -110.13        23.03        16.13         9.94         6.45     136.00       0.71         1.36
  2M19155697+2727210      7475-56779-081     9.45   210.01        14.61   -20.34    34.95      -176.94        33.07        21.45        14.61         6.13     137.00       0.72         1.37
  2M19155697+2727210      7475-56825-081     6.12   215.80        12.07   -22.76    34.84      -183.25         1.32        32.55        23.50        12.07     138.00       0.74         1.41
  2M19155697+2727210      7476-56831-076     5.61   220.05         8.90   -22.06    30.96      -183.50         5.99        36.55        21.76         8.90     138.00       0.67         1.41
  2M19155697+2727210      7477-56775-088     2.53    53.94         4.01    -0.38     4.39       -33.21        20.73        11.62         4.01        -5.05     137.00       0.72         1.34
  2M19155697+2727210      7477-56781-087     2.56    64.02         7.05    -2.97    10.02       -48.92        15.10        10.18         7.05         1.75     139.00       0.69         1.36
  2M19155697+2727210      7477-56799-034     2.46    99.23         6.76    -4.77    11.53       -72.47        26.76        16.94         6.76        -1.82     137.00       0.65         1.35
  2M19184840+1936377      6071-56570-171     4.92   234.07        13.88   -13.08    26.96      -171.20        62.87        22.32        13.88         6.72     115.00       0.68         0.98
  2M19184840+1936377      6071-56808-172     5.82    38.51       -10.72    -4.21    -6.52        21.48         2.10       -16.84       -17.04       -10.72     106.00       0.52         0.82
  2M19190114+3726432      5213-55811-022     4.89   217.82        10.81   -19.92    30.73      -181.07        10.81        36.74        23.43        10.50     130.00       0.63         1.31
  2M19405704+4010068      5215-55823-286    62.97     2.49         0.02     0.44    -0.42        -0.17         2.32         0.06         0.02        -0.05       6.00       0.95         0.15
  2M19405704+4010068      5215-55840-286    53.69     2.24         0.04     0.40    -0.36        -0.16         2.08         0.08         0.04        -0.03       6.00       0.92         0.12
  2M19405704+4010068      5215-55851-297    60.02     0.42         0.00     0.04    -0.04        -0.12         0.30        -0.06         0.07         0.00       6.00       0.93         0.12
  2M19405797+4008174      5214-55813-197    27.63     3.83         0.11     0.74    -0.64        -0.29         3.55         0.38         0.11        -0.03       6.00       0.84         0.16
  2M19405797+4008174      5214-55849-161    64.61     1.06        -0.03     0.13    -0.16        -0.17         0.89        -0.03        -0.03        -0.02       6.00       0.95         0.13
  2M19405797+4008174      5214-55866-206    66.64     1.11        -0.02     0.16    -0.18        -0.17         0.94         0.06        -0.03        -0.02       6.00       0.96         0.13
  2M19410819+4015085      7004-56741-156    58.81     0.74         0.03     0.10    -0.08        -0.16         0.58         0.03         0.07         0.00       6.00       0.91         0.12
  2M19410819+4015085      7004-56745-156    59.41     0.27         0.00     0.01    -0.01        -0.11         0.16         0.00        -0.04         0.02       6.00       0.90         0.13
  2M19410819+4015085      7004-56746-156    80.87     0.27         0.00     0.01    -0.01        -0.11         0.16         0.00         0.00         0.00       6.00       0.93         0.13
  2M19410994+4009056      5214-55813-210    16.57     9.58         0.38     2.19    -1.81        -0.76         8.82         2.64         0.38        -0.12       6.00       0.68         0.24
  2M19410994+4009056      5214-55849-156    54.74     0.82        -0.11     0.02    -0.13        -0.17         0.64        -0.08        -0.11        -0.17       6.00       0.91         0.16
  2M19410994+4009056      5214-55866-289    60.21     2.55        -0.15     0.38    -0.53        -0.22         2.33         0.08        -0.15        -0.15       6.00       0.91         0.16
  2M19411631+4005508      5214-55813-205    33.15     1.74         0.12     0.36    -0.24        -0.21         1.53         0.44         0.12        -0.07       6.00       0.82         0.17
  2M19411631+4005508      5214-55849-151    56.76     0.21         0.00    -0.02     0.02        -0.15         0.06         0.00         0.00         0.00       6.00       0.92         0.13
  2M19411631+4005508      5214-55866-241    64.82     0.41         0.00     0.02    -0.02        -0.15         0.25         0.00         0.04        -0.03       6.00       0.94         0.14
  2M19411776+4009158      5214-55813-209    31.79     3.46         0.06     0.81    -0.74        -0.29         3.17         1.21         0.06        -0.12       6.00       0.86         0.17
  2M19411776+4009158      5214-55849-152    54.66     2.11         0.00     0.33    -0.33        -0.16         1.94         0.00         0.01        -0.12       6.00       0.94         0.13
  2M19411776+4009158      5214-55866-242    51.18     2.43        -0.03     0.39    -0.43        -0.17         2.26         0.00        -0.03        -0.10       6.00       0.94         0.12
  2M19413031+4009005      5214-55813-208    62.03     0.27        -0.03    -0.05     0.01        -0.15        -0.18        -0.03         0.09         0.03       4.00       0.92         0.12
  2M19413031+4009005      5214-55849-153    62.49     0.29         0.00    -0.09     0.09        -0.15        -0.29         0.00         0.00         0.00       4.00       0.92         0.12
  2M19413031+4009005      5214-55866-244    73.01     0.38        -0.09    -0.10     0.01        -0.10        -0.34        -0.09         0.04        -0.03       4.00       0.96         0.11
  2M19422945+3119400      6079-56603-105     7.52    57.47         3.07    -1.80     4.87       -39.87        17.60         7.26         3.07         2.92     130.00       0.81         1.22
  2M19422945+3119400      7463-56749-117    17.31    67.73         7.14    -2.62     9.76       -51.84        15.88        12.11         7.14         3.60     131.00       0.80         1.24
  2M19422945+3119400      7463-56754-117     8.87    27.92         3.30    -0.80     4.09       -21.86         6.07         5.36         3.30         3.15     131.00       0.74         1.21
  2M19522176+1840186      5093-55752-051    14.62    30.53         5.92     3.29     2.63       -16.43        -0.66        13.54        14.09         5.92     113.00       0.60         0.79
  2M19522176+1840186      6367-56224-045     4.82    72.46        19.81     7.92    11.89       -45.02        19.81        27.44        27.04        10.32     113.00       0.55         0.80
  2M20333964+4510320      6083-56230-172    17.20   130.04        12.41    -7.28    19.70      -103.18        26.86        18.65        12.41         8.85     124.00       0.71         1.18
  2M20333964+4510320      6083-56469-165    14.37    64.20         6.79    -1.45     8.23       -45.43        18.77        11.11         6.79         1.53     130.00       0.92         1.19
  2M20333964+4510320      6083-56566-166     9.77    53.75         3.60    -1.46     5.06       -37.14        16.61         8.15         3.60         1.48     129.00       0.81         1.21
  2M21072370+4716390      5248-56109-111     3.57    36.70         2.92     0.06     2.86       -21.16        15.54         6.73         2.92        -3.75     137.00       0.67         1.34
  2M21072370+4716390      5248-56169-021     1.73   226.94        12.98   -21.42    34.40      -185.30        41.64        24.44        12.98        -0.87     136.00       0.70         1.38
  2M21072370+4716390      5248-56173-021     4.36   218.96        12.52   -22.17    34.69      -184.07        12.52        34.88        18.84         6.97     135.00       0.67         1.40
  2M21072370+4716390      5249-56110-010     2.17   220.41        14.59   -21.03    35.62      -184.45        35.96        26.65        14.59         2.10     135.00       0.74         1.38
  2M21072370+4716390      5249-56170-027     8.08   212.51        11.02   -20.32    31.34      -175.56        36.95        22.06        11.02         3.95     133.00       0.71         1.37
  2M21072370+4716390      5249-56203-112    10.36   147.47         9.40   -11.97    21.37      -120.02        27.45        18.74         9.40         4.58     137.00       0.72         1.37
  2M21072370+4716390      5550-55871-117     3.98    22.49        -3.30     1.49    -4.79        -5.01        16.49         5.27        -3.30        -6.00     136.00       0.67         1.32
  2M21072370+4716390      5550-56472-118     3.66    23.13         0.65     2.09    -1.44         0.65        15.15         4.19        -1.58        -7.97     136.00       0.67         1.31
  2M21072370+4716390      5550-56557-117     6.83   213.34        13.59   -21.88    35.47      -181.45        31.90        22.45        13.59         4.10     138.00       0.65         1.39
  2M21072370+4716390      5551-55867-112     8.11   214.17        15.43   -21.84    37.27      -183.67        15.43        30.50        19.56         8.98     137.00       0.75         1.40
  2M21072370+4716390      5551-56477-010     6.27   216.81        13.66   -21.94    35.60      -183.52        13.66        33.28        17.52         9.38     135.00       0.73         1.39
  2M21072370+4716390      5551-56478-010     2.00   209.89         8.43   -18.67    27.11      -166.67        43.22        23.37         8.43        -1.72     135.00       0.70         1.36
  2M21072370+4716390      6945-56607-112     7.94   158.08         8.48   -12.42    20.90      -126.33        31.75        21.54         8.48         2.47     137.00       0.70         1.38
  2M21072370+4716390      6945-56629-028     4.18    21.16        -1.17     1.63    -2.80        -1.17        14.83         3.19        -2.38        -6.32     136.00       0.55         1.31
  2M21072370+4716390      6946-56608-117     2.88    83.75         3.54    -3.04     6.58       -56.36        27.39        13.32         3.54        -3.10     135.00       0.68         1.33
  2M21072370+4716390      6946-56630-112     8.00    71.36         5.85    -3.92     9.77       -54.08        17.28         8.81         5.85         2.55     137.00       0.67         1.36
  2M21072370+4716390      6947-56635-118     2.91    59.15         2.61    -1.10     3.71       -35.97        23.17         8.30         2.61        -3.62     138.00       0.71         1.33
  2M21072370+4716390      6948-56636-117     7.57   212.93        16.15   -21.76    37.90      -183.20        16.15        29.73        18.23        10.30     134.00       0.64         1.38
  2M21072370+4716390      6948-56638-117     2.35   149.51        10.93   -11.85    22.79      -119.56        29.95        18.13        10.93         1.28     137.00       0.71         1.38
  2M21072370+4716390      6948-56641-117     6.28   212.35        16.98   -22.06    39.05      -185.05        27.30        26.80        16.98         3.65     136.00       0.73         1.39
  2M21072370+4716390      7484-56819-112     5.21    76.55         5.62    -3.72     9.34       -57.43        19.12        12.22         5.62         1.88     139.00       0.67         1.36
  2M21072370+4716390      7487-56819-112     6.47    93.48         6.30    -5.59    11.89       -72.31        21.17        13.67         6.30         3.23     138.00       0.71         1.36
  2M21072370+4716390      7487-56824-112    11.52   202.73        13.22   -20.23    33.45      -172.49        30.24        19.83        13.22         8.05     137.00       0.72         1.39
  2M21072370+4716390      7489-56819-117     6.04   218.47        12.89   -22.55    35.44      -184.52        12.89        33.95        17.37         7.55     136.00       0.71         1.41
  2M21072370+4716390      7489-56823-118     2.73    71.06         0.77    -1.60     2.37       -42.86        28.20        10.34         0.77        -4.45     134.00       0.67         1.30
  2M21274028+6639295      5538-56578-040    19.83     9.94         0.48     0.76    -0.28        -5.08         4.86         0.48         3.51         0.03      18.00       0.79         0.52
  2M21274028+6639295      5538-56583-099    55.65     3.74         0.03     0.02     0.00         1.58        -1.38        -1.92         1.82         0.03      19.00       0.81         0.47
  2M21274028+6639295      5538-56605-136    58.29     3.62         0.12     0.48    -0.35        -0.66        -1.22         2.40         1.74         0.12      19.00       0.78         0.48
  2M21302584+4452299      5250-56224-135    17.44     7.37        -0.43     0.03    -0.46        -2.53        -0.43         4.85        -1.72         0.00      16.00       0.88         0.53
  2M21302584+4452299      6085-56479-039    14.57    23.73         0.09     0.64    -0.55       -13.52         6.45        10.22         0.09        -0.03      12.00       0.75         0.59
  2M21302584+4452299      6086-56589-123    13.71    18.98         3.31     1.37     1.94       -10.48         8.51         3.31         5.64        -0.15      19.00       0.91         0.53
  2M21302584+4452299      6086-56599-123    13.57    21.13         2.72     1.25     1.48       -11.37         9.76         2.72         5.26        -0.15      19.00       0.92         0.53
  2M21510496+3932119      5527-56583-015    20.60    52.33         7.00    -0.65     7.66       -37.71        14.62        10.15         7.00         2.67     127.00       0.81         1.15
  2M21510496+3932119      5527-56587-016     5.45   221.09        14.14   -18.52    32.66      -180.45        40.64        27.52        14.14         5.55     128.00       0.99         1.24
  2M21510496+3932119      5527-56611-015     4.47   214.56        17.74   -17.27    35.01      -179.10        30.64        35.46        17.74         8.93     128.00       1.02         1.25
  2M22311577+6331215      5580-56576-238     4.98    12.72        -1.21     0.58    -1.79        -1.21         8.49         1.39        -1.54        -4.22     130.00       0.87         1.15
  2M22311577+6331215      5580-56586-238     7.01    38.26         1.32     0.18     1.13       -21.37        16.89         6.39         1.32        -2.30     128.00       0.90         1.14
  2M22311577+6331215      5580-56604-226     8.29   106.06        10.17    -4.11    14.27       -80.24        25.82        17.19        10.17         6.53     126.00       0.95         1.16
  2M23071799+4604054      5539-55874-142     5.78   185.85        11.35   -10.49    21.84      -140.07        45.78        29.61        11.35         0.90     124.00       0.75         1.10
  2M23071799+4604054      5539-56587-093     8.35   112.78        11.07    -4.06    15.13       -81.60        31.18        15.62        11.07         3.42     119.00       0.75         1.10
  2M23071799+4604054      5539-56605-135    18.40     5.84         0.55     0.07     0.48        -1.93        -2.33         3.51         0.55         0.55     119.00       0.60         0.95
  2M23200066+6108594      6208-56228-189     2.07   125.33        10.59    -6.04    16.64       -93.93        31.39        16.91        10.59         4.83     129.00       0.63         1.23
  2M23200066+6108594      6208-56251-231     5.09    58.17         4.70    -1.66     6.36       -44.26        13.44        13.91         4.70         3.92     122.00       0.70         1.16
  2M23200066+6108594      6208-56255-244     4.67   231.03        12.40   -18.17    30.57      -178.22        -0.82        52.80        22.97        12.40     127.00       0.72         1.29
