            2MASS_ID      x@y=0.1      x@y=0.3      x@y=0.5      x@y=0.7      x@y=0.9      x_range
  2M17534010-2532270        -2.43        17.86        20.27        20.17        -0.08        22.70
  2M16401588+3741030       -10.04        32.69        14.79        17.31        19.18        42.72
  2M16401588+3741030         1.91       -14.08        31.15        19.48        21.04        45.23
  2M16401588+3741030        22.02       -36.31        28.31        20.88        25.03        64.61
  2M16451953+3614578        -7.46        44.98         8.00         6.93         0.00        52.44
  2M16451953+3614578        -6.64        31.49        14.71         0.19         0.00        38.13
  2M16451953+3614578        21.16       -58.59         0.17        -0.32        -0.33        79.75
  2M16452121+3555525        -0.16         1.43         0.38        -0.05        -0.17         1.60
  2M16452121+3555525        -0.40         5.47         1.85         1.03         0.10         5.86
  2M16452121+3555525         1.76       -33.88         1.85         1.07         0.12        35.73
  2M16452121+3555525        -0.30         3.37         0.14        -0.18         0.15         3.67
  2M16474510+3534107        -3.85        22.65        -5.38        -0.41        -0.30        28.03
  2M16474510+3534107         0.12        -0.58        -3.34         0.44         0.50         3.84
  2M16474510+3534107        -0.59         3.13         1.10         1.38        -0.12         3.72
  2M16480538+3703206         0.05        10.97       -12.36       -12.71       -12.37        23.68
  2M16480538+3703206         0.65         3.06       -10.56       -12.40       -10.68        15.46
  2M16480538+3703206       -13.29         7.03         6.09         3.99         1.93        20.32
  2M12451156-0850209       -29.24        37.81        -1.91         2.51         2.62        67.05
  2M12475876-0829186      -107.00        81.84        60.08        -6.84         0.60       188.84
  2M13092211+1736593        -0.15         8.94       -15.55       -19.37         0.17        28.31
  2M13092211+1736593         1.16        -1.51       -14.93       -18.84        -0.12        20.01
  2M13092211+1736593        -0.44         4.03        -3.92        -3.88       -11.98        16.00
  2M13104752+1832411       176.40       -33.12         3.81         8.15        -2.38       209.52
  2M13104752+1832411       173.34       -24.72        16.40        -0.01        -2.20       198.06
  2M13104752+1832411       176.20         8.77       -11.99         3.69        -1.73       188.19
  2M13413724+2656068        18.57       -34.73         0.19         0.62        -0.12        53.30
  2M13413724+2656068         0.27        -2.38         2.20         0.58        -0.12         4.58
  2M13453401+2750529        -6.79        13.25        -8.01        -8.84        -8.14        22.09
  2M13453401+2750529        18.28        -9.11       -23.43        -6.93        -6.69        41.71
  2M13453401+2750529       -95.18       -13.39        38.05       -11.28        -6.48       133.23
  2M13453401+2750529        -0.06        -1.19        -0.02        -1.00        -1.58         1.56
  2M13454338+2617335        -0.33         5.50        -0.32        -1.32        -1.75         7.25
  2M13454338+2617335        -9.52         4.41         6.52         1.63         3.10        16.04
  2M13454338+2617335       -71.05        -3.64        25.78         3.22         2.30        96.83
  2M13454338+2617335        -0.87         5.56         3.76         2.20         1.02         6.44
  2M14062398+2913243       -22.37        23.28         9.53         2.16         0.95        45.66
  2M14062398+2913243       -46.46        26.68        22.90         2.81         2.38        73.14
  2M14062398+2913243         4.18       -13.97         4.54         0.05        -0.55        18.51
  2M14102934+2853463        -1.72        12.85         1.47        -1.34        -1.98        14.83
  2M14102934+2853463      -102.92        42.40         5.97         1.98         4.45       145.32
  2M14102934+2853463       -20.48        49.91         6.01        -4.57         3.18        70.39
  2M15152634+0016317        -1.13        16.09         2.11         2.51        -0.67        17.22
  2M15152634+0016317        -0.07        -1.42         1.24         1.88         0.97         3.30
  2M15152634+0016317        -1.69        11.95         1.60         0.17        -0.25        13.64
  2M15155384+0116239        -0.18         0.92         0.89        -0.01        -0.20         1.12
  2M15155384+0116239        -0.11        -1.79         0.20        -0.02         0.35         2.14
  2M15155384+0116239         0.97        -9.44       -10.79         0.17         0.35        11.76
  2M15175431+0206175        -0.11         0.00         0.16        -0.07        -0.35         0.51
  2M15175431+0206175        -0.51         3.90         0.41        -1.35         2.76         5.25
  2M15175431+0206175        -4.71        32.58         6.15         5.06         3.53        37.29
  2M15185074+0013066        -0.25         1.02         1.15         1.09         0.60         1.41
  2M15185074+0013066        -0.34         2.53         1.62         1.23         0.64         2.87
  2M15185074+0013066        -0.37         3.90         1.47         0.91         0.68         4.28
  2M15204340+0017425         1.01       -14.19        -0.19         1.00         0.70        15.19
  2M15204340+0017425         1.12       -12.05         1.03         1.14         0.73        13.19
  2M15204340+0017425        13.63        -4.85         9.33         1.61         0.78        18.48
  2M17112485+4211149       -15.86        55.47         4.22         1.35         0.80        71.33
  2M17112485+4211149        19.35       -30.16       -50.21        -5.67         2.45        69.55
  2M17112485+4211149        -1.15         5.64         0.80        -3.63       -12.00        17.64
  2M14205245-0636119       133.14       -39.10        -8.78        -4.15        -6.31       172.23
  2M14205245-0636119        89.10       -48.14         8.32        -1.53        -3.83       137.25
  2M14205245-0636119        91.31       -63.87        10.23        -2.17        -4.55       155.18
  2M14205245-0636119         9.17       -21.90         3.67        -5.36         3.38        31.07
  2M14205245-0636119         6.05        -8.54        -3.60        -4.01         5.85        14.59
  2M14255047-0546148       -20.13        27.39         4.76         3.63         3.44        47.51
  2M14255047-0546148         0.45        -3.89         5.72         3.72         3.05         9.61
  2M14255047-0546148       -16.35        28.98         3.64         4.11         3.70        45.32
  2M14255047-0546148       -29.18        33.38         3.22         4.02         3.87        62.56
  2M14255047-0546148       -19.27        29.56         3.82         4.08         3.85        48.82
  2M14272053-0454061        -1.65        13.24        13.04        -0.64        -0.83        14.89
  2M14272053-0454061        -1.31        11.30        11.40        -0.40        -0.53        12.71
  2M14272053-0454061        -0.59         8.52        -0.33        -1.13        -0.55         9.66
  2M14272053-0454061        -3.60        40.57         2.10         1.38         1.65        44.16
  2M14272053-0454061        -0.93         8.68        -0.75         2.41         0.93         9.61
  2M18310323-0119507        -1.81        15.65        -8.44       -10.61         0.92        26.26
  2M18310323-0119507       -10.86        21.96        -1.82        -4.43         0.45        32.82
  2M18310323-0119507        -9.99        25.51        -2.34        -4.62         0.48        35.49
  2M18310323-0119507        -5.99        19.95         0.91        -0.26        -0.33        25.94
  2M18310323-0119507        -4.21        17.50        -2.68        -4.80         1.03        22.29
  2M18340935-0200173       -10.00        13.67        -2.55        -7.22         0.12        23.67
  2M18340935-0200173       -16.61        15.88        -2.79        18.78         0.48        35.39
  2M18340935-0200173       -14.14        23.62        -5.06        14.32         0.15        37.76
  2M18340935-0200173      -159.26        33.78        50.34        19.35        24.55       209.59
  2M18340935-0200173      -105.46        56.62         1.13        22.40         6.93       162.09
  2M18345584-0036353        -0.48         5.49         0.35         0.04        -0.03         5.97
  2M18345584-0036353        -0.63         0.96         0.07        -0.04         0.02         1.59
  2M18345584-0036353        -0.86         2.16        -0.18         0.07         0.08         3.02
  2M18345584-0036353        -0.16        -0.15         2.26         0.37         0.11         2.42
  2M18345584-0036353        -1.57        17.95         0.55         0.13         0.00        19.53
  2M18345584-0036353         0.45        -2.91        -0.27        -0.04         0.03         3.36
  2M18345584-0036353         1.14        -2.07        -0.28        -0.10         0.02         3.21
  2M18345584-0036353        -1.87        14.28         0.18        -0.07         0.00        16.15
  2M18345584-0036353        -2.39        22.81        -0.37        -0.14         0.05        25.20
  2M19301378+2708436       -19.59        34.08        -3.00         0.86         0.97        53.67
  2M19301378+2708436        -0.85         3.29        -1.81        -4.22        -1.20         7.51
  2M19301378+2708436        -5.19        20.31        -7.71         0.25         0.12        28.02
  2M20005240+2039244        -0.54         7.43         3.64         3.57        -1.17         8.61
  2M20005240+2039244        -0.42         3.37         3.96         4.29        -2.03         6.31
  2M21341391+4522577        -4.03        21.79        -1.75        -5.95         0.25        27.75
  2M21341391+4522577        -1.23        15.74        -3.98        -6.35         0.22        22.09
  2M21342221+4454421       -37.73        43.29        38.43        22.44        16.69        81.03
  2M21342221+4454421       -73.54        66.96        35.99        35.37        32.38       140.50
  2M21342221+4454421       -75.08        44.84        40.51        20.62        20.40       119.92
  2M21342221+4454421       -57.43        57.11        32.61        20.60        19.31       114.53
  2M20251677+5420050       130.27         1.54       -12.03        -4.16         0.80       142.30
  2M20251677+5420050       -38.30        16.56         2.79        -0.27        -0.45        54.86
  2M20251677+5420050        37.20        79.16         8.25       -27.21      -124.77       203.93
  2M20274837+5242394        -1.10         4.64         1.87         2.33         1.92         5.74
  2M20274837+5242394        -3.31         6.65         2.60         2.70         1.57         9.96
  2M20274837+5242394        -4.94        32.06         4.43         3.71         3.58        37.00
  2M19152341-0742016         0.34         7.71        -3.99        -4.78        -2.75        12.49
  2M19152341-0742016         7.00        -2.47        -4.99        -4.78        -3.15        11.99
  2M19152341-0742016        11.77        -3.15        -9.14        -6.56        -3.63        20.91
  2M19495840+1910037        -1.54         4.64         7.75        10.30         0.98        11.84
  2M17215643-2519256       -16.59         8.30        14.94        -3.71        -2.57        31.53
  2M17215643-2519256       -15.18        13.28        10.90        -0.23        -0.77        28.45
  2M17215643-2519256       -25.14         8.88        18.70         1.79        -1.20        43.84
  2M17223165-2519107        17.32       -20.77       -14.31        -9.42        -2.05        38.08
  2M17223165-2519107       -17.56        25.98        -9.96       -11.51         0.52        43.53
  2M17223165-2519107       -14.15        29.94        -9.09         1.31         1.25        44.09
  2M17244479-2553043         8.95        -7.44        -3.25        -5.51        -2.97        16.40
  2M17244479-2553043       -10.71        13.38         2.28         0.38         1.93        24.10
  2M17244479-2553043       -38.83        30.05        12.99         7.33         4.25        68.88
  2M18002326-2333487      -173.17        22.42        33.51        28.29        23.30       206.69
  2M18002326-2333487       -62.31        39.94         6.35        10.12        -0.15       102.25
  2M17083330-2313380         0.13        -3.31        -4.92        -0.59         0.70         5.62
  2M17083330-2313380         0.57        -7.39        -9.49         0.36         0.30        10.06
  2M17083330-2313380        -0.11        -0.15        -1.01        -0.59         0.10         1.11
  2M17090247-2311357      -176.79        29.92         8.71         8.75        -0.62       206.71
  2M17090247-2311357       -16.78        15.50        -7.55         8.10         0.42        32.28
  2M17090247-2311357        -5.17         8.67         1.41         0.39         0.15        13.85
  2M17091191-2333467       -11.17        -6.67        30.47        -8.18        -3.99        41.64
  2M17091191-2333467         0.21        -1.27         6.67        -6.03         0.33        12.70
  2M17091191-2333467        -0.18         2.72        -0.20        -4.20         0.80         6.92
  2M17100741-2307355        -3.77        11.36        -9.19        -0.60         1.57        20.55
  2M17100741-2307355        -5.37        10.06        19.80         0.52        -0.38        25.16
  2M17100741-2307355        -0.56         4.69         3.77         2.16         0.03         5.24
  2M18075782-2045134         4.91       -34.98       -39.24       -53.24         0.05        58.16
  2M18255519-1758479        -1.20        12.38        16.01         0.00         0.00        17.21
  2M18270143-1740067        -0.06        -6.59         5.09         5.38         4.24        11.97
  2M18062466-1554481        -1.99         6.40       -11.51        -9.26         0.38        17.91
  2M18064622-1528158        -2.48        19.64        15.11        16.58        -0.08        22.12
  2M17330874-1715177       -32.43        36.47        -6.11        -9.94        -6.92        68.90
  2M20182721+3742208       -64.27        29.27         4.11         5.78        -4.40        93.55
  2M20182721+3742208        -6.13        26.76         3.58         5.70        -0.54        32.88
  2M20182721+3742208       -10.24        30.89         7.04        -4.39         7.05        41.13
