  2MASS_ID               R_min       XR_Max    Max_Width   XR_average
      4104  2M17534010-2532270        8.73       22.70        40.00        22.70
      4105  2M16401588+3741030        3.99       64.61        53.00        50.85
      4105  2M16451953+3614578        7.45       79.75        30.00        56.78
      4105  2M16452121+3555525        6.62       35.73        17.00        11.72
      4105  2M16474510+3534107       13.36       28.03        19.00        11.86
      4105  2M16480538+3703206        5.15       23.68        34.00        19.82
      4126  2M12451156-0850209        5.30       67.05        24.00        67.05
      4126  2M12475876-0829186        3.51      188.84        34.00       188.84
      4128  2M13092211+1736593        6.77       28.31        38.00        21.44
      4128  2M13104752+1832411        3.51      209.52        40.00       198.59
      4160  2M13413724+2656068        9.54       53.30        23.00        28.94
      4160  2M13453401+2750529        3.20      133.23        28.00        49.65
      4160  2M13454338+2617335        6.35       96.83        19.00        31.64
      4161  2M14062398+2913243        6.35       73.14        38.00        45.77
      4161  2M14102934+2853463        6.61      145.32        28.00        76.85
      4201  2M15152634+0016317        7.49       17.22        16.00        11.38
      4201  2M15155384+0116239        9.90       11.76        26.00         5.01
      4201  2M15175431+0206175        6.45       37.29        30.00        14.35
      4201  2M15185074+0013066        6.61        4.28        17.00         2.85
      4201  2M15204340+0017425        5.86       18.48        19.00        15.62
      4202  2M17112485+4211149        5.98       71.33        31.00        52.84
      4203  2M14205245-0636119        4.72      172.23        33.00       102.07
      4203  2M14255047-0546148        4.79       62.56        24.00        42.77
      4203  2M14272053-0454061       10.35       44.16        18.00        18.21
      4244  2M18310323-0119507        7.77       35.49        25.00        28.56
      4244  2M18340935-0200173        4.79      209.59        46.00        93.70
      4244  2M18345584-0036353        9.12       25.20        18.00         8.94
      4245  2M19301378+2708436       10.82       53.67        12.00        29.73
      4248  2M20005240+2039244        8.90        8.61        18.00         7.46
      4249  2M21341391+4522577       10.61       27.75        18.00        24.92
      4249  2M21342221+4454421        3.47      140.50        50.00       114.00
      4252  2M20251677+5420050        2.73      203.93        46.00       133.70
      4252  2M20274837+5242394        5.00       37.00        28.00        17.57
      4254  2M19152341-0742016       11.00       20.91        71.00        15.13
      4261  2M19495840+1910037        6.79       11.84        23.00        11.84
      4335  2M17215643-2519256        6.18       43.84        26.00        34.61
      4335  2M17223165-2519107        9.32       44.09        28.00        41.90
      4335  2M17244479-2553043        9.03       68.88        91.00        36.46
      4336  2M18002326-2333487        1.84      206.69        78.00       154.47
      4337  2M17083330-2313380       13.35       10.06        14.00         5.60
      4337  2M17090247-2311357        5.92      206.71        25.00        84.28
      4337  2M17091191-2333467        5.70       41.64        42.00        20.42
      4337  2M17100741-2307355        9.28       25.16        19.00        16.99
      4338  2M18075782-2045134        7.56       58.16        86.00        58.16
      4369  2M18255519-1758479       13.47       17.21         6.00        17.21
      4369  2M18270143-1740067        8.15       11.97        16.00        11.97
      4370  2M18062466-1554481        9.15       17.91        28.00        17.91
      4370  2M18064622-1528158        7.40       22.12        31.00        22.12
      4387  2M17330874-1715177        6.78       68.90        27.00        68.90
      4394  2M20182721+3742208        4.80       93.55        37.00        55.85
