  2MASS_ID               R_min       XR_Max    Max_Width   XR_average
      4102  2M21391140+4126037        3.81      188.48        42.00        41.02
      4102  2M21394731+4249041        7.75       30.50        20.00        16.78
      4102  2M21412860+4152460        9.48       19.46        24.00        12.53
      4102  2M21442066+4211363        4.90       29.18        37.00        18.03
      4102  2M21480963+4126449        8.11       23.15        29.00        15.03
      4103  2M08100405+3220142        9.40       12.84        18.00         5.71
      4103  2M08100655+3127281        5.49       76.29        32.00        40.94
      4103  2M08103416+3152116        3.88       50.25        48.00        24.51
      4103  2M08113137+3101105        4.24      115.02        36.00        31.26
      4103  2M08115373+3212036        5.11       29.13        37.00        15.64
      4103  2M08122061+3106141        4.60       53.88        43.00        31.74
      4103  2M08165864+3202156        4.91       45.46        40.00        21.01
      4103  2M08182592+3043552        5.98       81.64        61.00        39.89
      4104  2M17553728-2535567        5.35       67.03        67.00        52.25
      4104  2M17560902-2553248        6.72       22.82        33.00        16.76
      4105  2M16380165+3551502        5.01       98.94        46.00        19.38
      4105  2M16393588+3516227        4.47      179.22        24.00        34.76
      4105  2M16403600+3649093        3.91       80.36        47.00        38.37
      4105  2M16420163+3732080        4.86       63.82        53.00        29.66
      4105  2M16435115+3729151        4.08       41.13        46.00        30.21
      4105  2M16455990+3535028        5.67      100.98        29.00        39.14
      4106  2M18401190-0445207        5.74       91.56        27.00        65.22
      4107  2M18152544+0203097        8.38       16.03        22.00        15.06
      4107  2M18191402-0016205        3.04      145.36        53.00        70.69
      4119  2M00150792+6559126        4.21      212.58        20.00        37.60
      4119  2M00304380+6752210        6.60      105.96        19.00        27.56
      4120  2M00062867+6955129        5.10       55.61        28.00        21.97
      4120  2M00254729+7011069        7.71        6.29        16.00         2.54
      4121  2M04383523+5717419        2.44      203.85        23.00        92.63
      4121  2M04404390+5639323       22.33        4.41         8.00         3.04
      4121  2M04511439+5747361        8.62       25.08        23.00        15.76
      4122  2M05093315+2444492        5.76      122.37        23.00        50.94
      4122  2M05105162+2513182        9.34       26.02        19.00        15.21
      4122  2M05162317+2312004       11.22       33.36        19.00        22.03
      4122  2M05191931+2341179        6.59       13.14        25.00        12.02
      4122  2M05195099+2443435        9.27        8.82        22.00         7.61
      4122  2M05195578+2426594        2.93      167.49        42.00       110.71
      4123  2M06144376-0118064        6.12       26.63        26.00        21.43
      4123  2M06174372-0139422        4.68       57.60        54.00        39.63
      4123  2M06184995-0042094        4.41       54.92        38.00        25.84
      4124  2M11425912+0102535        4.39       64.87        46.00        31.07
      4124  2M11430929+0053490        6.59       74.75        24.00        41.72
      4124  2M11431652+0047511        3.80       70.08        60.00        38.33
      4124  2M11432965+0116457        5.57       32.94        35.00        20.31
      4124  2M11434920+0103193        6.80       42.92        32.00        16.53
      4124  2M11441821+0122336        4.14      110.39        45.00        45.85
      4124  2M11442717+0132456       10.41       33.23        17.00        17.83
      4124  2M11445086+0038417       10.20        5.99        17.00         4.35
      4124  2M11445841+0125329        8.27       37.26        20.00        20.54
      4124  2M11471217-0027319        5.69      138.93        14.00        25.44
      4124  2M11473177-0051014        2.99      178.55        63.00        80.25
      4124  2M11481344+0031377        3.66      238.65        59.00        61.12
      4124  2M11484030+0122219       13.47        8.96        14.00         8.29
      4125  2M12173966-0018072        6.68      124.43        37.00        57.51
      4125  2M12182666-0050404        2.65      250.37        28.00        67.80
      4125  2M12211841+0102430        7.35       45.74        16.00        13.71
      4125  2M12222116-0046455       14.72       13.35         8.00        12.03
      4125  2M12244189-0108238        8.96       15.22        22.00        10.08
      4125  2M12254042+0001548       12.18       15.48         9.00        10.72
      4125  2M12265042+0034558        4.76       25.08        49.00        20.23
      4125  2M12274221+0002386        6.02       29.87        35.00        21.45
      4126  2M12411002-0641394        8.20       19.23        30.00        13.81
      4126  2M12430256-0629425       13.07       53.18        19.00        20.66
      4126  2M12452870-0754470        9.45       29.13        20.00        17.88
      4126  2M12470336-0818049        8.87       58.42        16.00        12.08
      4126  2M12474320-0712154        5.02       29.19        55.00        27.73
      4126  2M12475524-0850470        7.76       51.15        26.00        28.60
      4126  2M12483655-0739429        6.64       18.35        29.00        11.91
      4126  2M12484669-0815193        8.01       37.20        20.00        18.03
      4126  2M12492571-0721504        8.10       54.27        21.00        19.79
      4126  2M12493129-0812440       10.73       43.83        24.00        24.15
      4127  2M12461740+2744570        6.82       50.26        29.00        26.76
      4127  2M12483009+2802471        5.33       79.56        33.00        45.45
      4127  2M12505991+2724043        8.72       31.69        30.00        18.46
      4127  2M12511548+2740224        8.60       41.48        18.00        22.50
      4127  2M12523586+2634462        7.71       30.56        15.00        10.74
      4127  2M12525406+2745305        3.32      134.18        75.00        69.40
      4127  2M12530178+2749563       14.83       18.57         8.00        12.25
      4127  2M12545354+2643150        6.08      176.29        39.00        48.00
      4127  2M12552074+2630258        4.67      103.42        24.00        56.33
      4127  2M12553506+2703401        7.17       16.60        39.00        14.77
      4127  2M12564885+2655450        4.40      121.63        55.00        60.24
      4128  2M13080617+1753494       10.90        5.39        16.00         2.41
      4128  2M13101632+1711251        3.17      221.72        28.00        89.85
      4128  2M13114702+1734306        3.58      102.45        54.00        48.22
      4128  2M13132992+1657146        6.04       83.30        22.00        48.08
      4128  2M13153389+1631592        2.97      205.17        57.00        68.04
      4128  2M13163564+1752114        5.15       64.28        35.00        16.02
      4128  2M13181700+1709062        5.02       66.76        25.00        33.58
      4144  2M03274986+4635097        5.96       29.17        12.00         9.13
      4144  2M03322813+4728191        4.53       69.21        27.00        16.17
      4144  2M03344945+4513191        3.44      113.58        35.00        62.83
      4144  2M03361242+4651208        3.07      166.73        49.00        46.75
      4144  2M03393700+4531160        5.90       27.81        29.00        14.20
      4145  2M05175320+4354187       10.58        2.11        11.00         1.83
      4145  2M05190968+4415144        7.48       10.69        24.00         8.40
      4145  2M05224865+4246159        7.62       52.69        31.00        23.46
      4145  2M05284223+4359528        6.47       49.03        31.00        19.02
      4146  2M06282903+1810490        4.60       72.57        53.00        34.35
      4146  2M06294483+1642357        7.91       97.31        14.00        21.85
      4146  2M06311522+1637567        8.49       33.18        19.00         6.84
      4146  2M06330041+1633520       18.81        5.62        13.00         4.90
      4146  2M06341963+1812250        6.21       77.33        48.00        35.80
      4147  2M07380093+2138364        6.01      100.48        20.00        18.91
      4147  2M07380481+2016404        7.30      193.07        25.00        46.58
      4147  2M07381910+2251256        7.85      124.41        20.00        27.03
      4147  2M07441014+2205066       10.23       38.66        24.00        19.44
      4148  2M12012313+1818088        5.02       89.94        23.00        46.13
      4148  2M12020154+1901402        6.87       57.24        22.00        11.96
      4148  2M12045991+1857581        7.72       34.19        28.00        15.71
      4148  2M12051317+1934065        4.66       77.06        55.00        30.32
      4148  2M12053950+1942073       12.87       26.42        16.00        11.89
      4148  2M12081257+1810430        3.51      193.73        39.00       100.28
      4148  2M12100260+1743287        5.28       58.52        22.00        30.29
      4148  2M12102643+1907049        5.83       28.33        32.00        13.93
      4148  2M12113920+1834359        4.55      126.73        18.00        24.78
      4149  2M06115599+3325505        7.68       17.49        22.00        12.31
      4149  2M06160851+3259089        3.32       69.39        58.00        33.61
      4149  2M06195901+3259327        3.10       99.73        49.00        47.62
      4149  2M06203704+3406470        4.20       26.64        33.00        10.19
      4149  2M06213904+3231006        4.86       76.47        28.00        20.14
      4149  2M06214829+3402119        2.98       91.98        63.00        37.28
      4151  2M03565396+5256029        9.01       10.82        12.00         7.10
      4151  2M04030722+5150045        5.48      102.62        29.00        33.99
      4151  2M04043545+5153371        3.25      147.97        45.00        94.57
      4152  2M03491989+4915280        4.26      191.48        18.00        61.83
      4152  2M03500305+4920037        7.70       95.04        21.00        19.38
      4152  2M03514922+4849581        2.50      118.15        82.00        65.06
      4152  2M03522636+4916273        6.08       35.38        20.00        14.37
      4152  2M03533894+4857085        3.40      172.05        34.00        71.59
      4152  2M03560117+5003253        4.15       46.20        44.00        22.22
      4153  2M04215749+5410526        4.51       53.60        52.00        35.70
      4153  2M04242736+5458531        5.48       99.10        29.00        43.65
      4154  2M05412040+2947055        2.68      182.41        77.00        75.17
      4154  2M05463489+2738029        8.30       14.47        29.00        12.21
      4155  2M05240837+2711064       10.76       16.27        18.00         6.12
      4155  2M05254800+2740009        7.57       34.66        22.00        15.97
      4155  2M05284986+2645461        7.22       19.22        25.00        12.66
      4155  2M05304951+2532292        5.96       52.10        27.00        34.57
      4155  2M05312674+2759565        7.47       15.03        24.00         8.79
      4155  2M05345094+2720083        5.69      119.65        16.00        37.48
      4156  2M06031578+2952126        4.69       36.56        33.00        16.47
      4156  2M06033949+3135536        5.00       43.40        37.00        23.58
      4156  2M06051239+3006116        6.60       66.43        25.00        29.30
      4156  2M06061420+3001449       13.64        6.93        12.00         3.60
      4156  2M06064279+3129067        4.53       95.31        29.00        28.29
      4157  2M06411465+0150373        9.79       19.51        16.00         9.51
      4157  2M06421342+0159208        8.68        6.22        14.00         5.01
      4157  2M06455815+0359470        4.38       66.84        37.00        28.19
      4157  2M06464003+0109157        4.02       46.39        61.00        24.58
      4157  2M06465489+0306167        8.55       33.96        52.00        22.21
      4157  2M06470468+0136073        4.12      201.36        26.00        38.06
      4157  2M06494013+0225328        3.14      114.23        54.00        57.66
      4158  2M06290694+0058170       13.31        8.54        15.00         6.78
      4158  2M06300433+0118350        5.62       15.18        28.00        10.86
      4158  2M06314851-0033164        5.57       97.76        23.00        28.02
      4159  2M06574218+0433069        8.28       17.81        16.00        13.92
      4159  2M07013062+0505262        5.92       53.30        43.00        21.36
      4159  2M07014968+0316145        4.74       50.07        36.00        22.13
      4159  2M07021037+0513228       16.97       18.72        52.00        14.27
      4160  2M13411185+2825222        8.07       50.16        25.00        18.42
      4160  2M13411602+2800485        2.85      171.18        58.00        72.22
      4160  2M13420834+2639417        6.08      126.21        25.00        37.16
      4160  2M13500676+2741310       14.63       17.34        10.00        12.84
      4160  2M13511848+2813045        7.12       46.67        19.00         9.83
      4161  2M14021715+2748089        5.30       35.90        30.00        16.60
      4161  2M14043486+2728561        6.36       20.96        30.00         9.93
      4161  2M14044305+2723079        9.59       20.99        18.00        10.48
      4161  2M14083075+2934171        3.96       81.44        46.00        50.23
      4161  2M14083212+2908207        3.29      143.43        66.00        98.65
      4162  2M08464223+1205302        8.20       34.07        32.00        16.13
      4162  2M08474493+1125002        3.47      250.46        86.00       114.21
      4162  2M08483429+1225079        6.94      108.20        22.00        32.03
      4162  2M08490965+1148267        3.07      155.18        46.00        68.82
      4162  2M08494940+1045341        5.19      110.24        37.00        32.78
      4162  2M08502698+1148313        6.37       94.34        26.00        42.06
      4162  2M08504511+1136023        3.62      207.11        34.00       108.41
      4162  2M08504952+1217158        5.16       23.20        34.00        18.45
      4162  2M08510576+1143469        5.95      129.15        23.00        54.15
      4162  2M08510890+1148377        8.78       50.22        17.00        32.80
      4162  2M08511292+1234492        4.20       97.56        41.00        25.90
      4162  2M08511759+1139359        6.22      107.99        24.00        44.72
      4162  2M08512515+1214495        3.73       43.66        47.00        19.50
      4162  2M08513553+1139469        5.49      181.75        19.00        41.59
      4162  2M08513724+1146557        6.41       63.99        20.00        30.03
      4162  2M08515309+1140536        6.05      163.21        24.00        58.77
      4162  2M08532217+1241133        6.59       65.20        31.00        25.89
      4162  2M08542841+1113088        2.19      168.20        73.00        83.42
      4162  2M08544465+1130053        4.95       59.24        52.00        27.10
      4162  2M08545897+1225409        4.63       38.50        43.00        13.80
      4200  2M16265798-1420587        6.78       26.35        24.00        18.81
      4200  2M16281238-1410441        4.48      120.50        28.00        45.36
      4200  2M16294590-1305087        4.82       94.12        32.00        45.87
      4200  2M16312795-1144279        5.15       88.04        83.00        65.68
      4200  2M16314223-1417134        7.39       27.98        24.00        12.82
      4200  2M16323157-1311285        5.92      132.94        16.00        58.58
      4200  2M16330192-1355546        7.35       87.44        17.00        35.69
      4200  2M16330315-1359597        7.87       41.99        27.00        15.05
      4200  2M16340548-1341250        3.75      114.14        48.00        70.23
      4201  2M15134594+0102277        2.91      173.15        23.00        38.28
      4201  2M15140685+0143283        7.69       56.44        57.00        27.48
      4201  2M15162793+0004334        7.78       24.11        20.00        12.43
      4201  2M15173426+0120293        9.21       72.27        24.00        18.73
      4201  2M15175931-0008149        4.94       24.15        43.00        21.81
      4202  2M17135983+4203074        7.39       22.47        40.00        20.52
      4202  2M17151471+4427487        4.40      147.49        52.00        61.81
      4202  2M17183642+4153170        1.49      246.93       138.00       184.24
      4202  2M17204248+4205070        9.21       23.57        31.00        15.80
      4202  2M17233073+4309508        2.47      219.58        49.00       124.76
      4203  2M14201208-0615236        3.43      108.86        50.00        71.07
      4203  2M14221183-0447565       10.55       32.75        80.00        23.78
      4203  2M14241630-0519154        9.27       25.88        27.00        20.71
      4203  2M14262910-0706510       12.23        5.61        14.00         3.78
      4203  2M14291281-0540046        4.26      171.73        47.00        69.01
      4203  2M14295644-0545589       23.80        4.66        16.00         2.19
      4204  2M16424598+4816143        7.21       46.87        31.00        25.40
      4204  2M16440227+4619556       12.86       29.61        30.00        13.79
      4204  2M16452742+4814437        7.71       44.22        77.00        24.49
      4204  2M16464895+4736062       12.30        2.38        12.00         1.14
      4204  2M16502981+4839516       10.94       30.85        15.00        19.80
      4205  2M03072395+7944317        9.34       33.24        18.00        13.46
      4205  2M03094422+7941129        5.16       41.80        42.00        28.51
      4205  2M03160395+8020506        5.93      143.14        27.00        38.91
      4205  2M03203189+7918263        4.32      121.75        35.00        45.87
      4205  2M03283657+7951380        3.04      124.67        74.00        47.90
      4205  2M03293158+7818574        3.38      241.31        39.00        95.23
      4205  2M03320943+7901322        3.87      218.68        39.00        63.55
      4205  2M03322956+7835151        5.20      149.42        23.00        48.18
      4205  2M03390336+7926498        6.74       64.89        31.00        30.55
      4205  2M03440461+7917427        1.49      219.00       150.00       111.51
      4205  2M03534224+8002056        4.79      141.38        26.00        27.72
      4205  2M03563567+7857072       10.17        7.52        17.00         3.36
      4205  2M03584558+7841217        7.96       41.27        30.00        24.91
      4205  2M04012018+7942296        3.62      107.32        46.00        41.33
      4206  2M09015439+3734575        5.11       13.78        42.00        11.62
      4206  2M09055055+3707273        5.59       16.47        39.00         6.32
      4206  2M09082791+3757060        9.01       27.95        18.00        16.54
      4206  2M09082892+3618428       14.33       17.38         9.00        17.01
      4207  2M15170557-0232437        4.55      134.79        56.00        72.64
      4207  2M15183842-0008235        9.03       11.06        25.00         9.30
      4208  2M16113909+2501000        3.73      140.18        74.00        74.19
      4209  2M16061986+5219060       12.21       37.39        85.00        20.37
      4209  2M16131259+5043080        4.19       30.55        66.00        25.70
      4209  2M16141610+5238045        5.87       15.66        22.00        13.49
      4210  2M13034024+7256329        8.44       14.46        22.00         7.69
      4210  2M13121123+7131249       14.90        5.72        14.00         4.26
      4210  2M13182749+7114137        9.13       13.18        13.00         8.52
      4210  2M13191174+7325373        6.11       18.13        28.00        11.85
      4211  2M09314691+5618248        5.81       20.24        31.00        16.35
      4211  2M09323415+5610109        5.82       20.88        32.00        17.76
      4211  2M09351317+5603344       11.03       25.55        19.00        12.03
      4211  2M09361517+5507319        5.62      158.81        44.00        70.89
      4211  2M09364289+5658126       12.58       29.41        82.00        26.20
      4211  2M09445530+5526507       18.39        5.26        19.00         2.92
      4213  2M10133503+0139191       10.92        4.44        17.00         4.44
      4213  2M10173682+0251001        9.84       22.26        19.00        22.26
      4213  2M10182615+0111149        8.44       20.59        45.00        20.59
      4214  2M11401093-1433560        7.67       23.93        29.00        13.90
      4214  2M11421199-1442273        5.28      119.17        26.00        84.87
      4214  2M11434104-1450596        4.83       76.77        31.00        46.34
      4215  2M13413548-1723167        7.70       23.16        26.00        19.61
      4215  2M13425757-1609377        6.09       20.57        29.00        13.11
      4215  2M13453608-1554455        3.65      160.24        63.00        83.94
      4216  2M12190182+2541120        3.27      216.61        50.00        73.92
      4216  2M12193809+2517551        5.25      183.42        39.00        57.20
      4216  2M12211038+2500231        2.78      200.12        35.00        80.79
      4216  2M12214070+2707510        8.22       28.32        21.00        17.69
      4216  2M12220108+2539102        2.25      203.50        25.00        58.23
      4216  2M12223062+2700041        6.31      137.26        24.00        56.00
      4216  2M12231692+2712095       14.74       21.12        16.00        10.63
      4216  2M12232789+2529003        3.54       91.07        41.00        49.74
      4216  2M12245793+2615334       25.45        8.94        20.00         7.36
      4216  2M12260339+2710503       10.56       17.11        19.00        10.00
      4216  2M12260848+2439315        6.45       16.00        17.00         7.53
      4216  2M12272534+2655470       12.96        3.37        14.00         2.74
      4216  2M12292447+2534499       12.07       19.50        24.00        10.21
      4217  2M00023036+8524194        4.78       65.99        43.00        34.91
      4217  2M00090703+8427517        5.31       45.88        50.00        32.27
      4217  2M00170781+8551505        7.47       33.89        17.00        17.92
      4217  2M00430905+8407348        4.40       20.13        34.00        12.15
      4217  2M00444105+8351358       15.99       10.67         9.00         4.72
      4217  2M00593409+8503084        4.51       61.42        47.00        41.44
      4217  2M01004285+8624021        7.32       21.56        32.00        13.96
      4217  2M01013134+8424428        9.01       15.42        19.00         2.72
      4217  2M01085752+8445142        8.68       21.77        17.00         5.84
      4217  2M01193634+8435481        7.00       54.22        34.00        22.41
      4217  2M01194897+8532293        6.27        6.78        23.00         3.56
      4217  2M01522822+8459249        9.31       22.31        27.00         4.64
      4217  2M01561714+8458408        7.59       79.66        27.00        19.74
      4217  2M23545220+8436333        4.24       90.48        42.00        43.20
      4217  2M23562709+8500386       11.00       27.67        16.00        16.78
      4218  2M12221055+1259376       14.09        7.68        20.00         6.67
      4218  2M12222875+1323289       14.17        1.34        13.00         1.10
      4218  2M12301597+1358482       11.40        6.95        18.00         5.55
      4219  2M13110139+1540294        6.86       15.82        33.00        12.52
      4219  2M13133329+1422316       11.92        4.56        13.00         2.63
      4219  2M13161778+1359517        9.83       24.17        27.00        21.52
      4219  2M13174753+1425345        4.43       12.32        45.00        10.12
      4219  2M13182786+1412235        6.91       20.81        28.00        12.13
      4220  2M14542303+3122323        4.95       43.86        51.00        30.83
      4220  2M14545500+3040589        9.07       46.94        22.00        41.09
      4220  2M14555545+3203075        2.74       63.35        76.00        55.02
      4220  2M15012258+3159396        5.56       17.24        38.00        12.52
      4220  2M15013342+3043280        6.34       18.27        26.00         9.99
      4221  2M07055281+3836022        4.46      242.38        73.00       180.80
      4221  2M07100180+3831457       10.28       18.56        19.00        14.83
      4222  2M07402233+3644005       18.89       23.31        38.00        16.56
      4222  2M07412047+3711185        8.36       43.96        18.00        18.84
      4223  2M09292132+3718010        4.43        8.72        35.00         7.23
      4223  2M09315645+3714213        5.54       30.52        34.00        16.03
      4223  2M09324916+3612053        6.45       39.45        24.00        33.54
      4223  2M09341623+3626255        4.79       37.85        33.00        25.44
      4223  2M09354790+3553044        5.77      103.75        22.00        38.98
      4223  2M09362676+3602207       11.01       37.84        24.00        29.49
      4223  2M09374874+3655260        7.12       73.29        27.00        38.49
      4223  2M09432473+3713122        8.33       35.79        20.00        20.04
      4224  2M10270797+1555402        7.10       14.07        32.00        13.21
      4224  2M10280514+1735219        4.09       74.25        44.00        43.51
      4226  2M12003710+1528347        8.23       11.27        32.00         8.18
      4226  2M12010621+1556231        3.75       66.23        72.00        43.91
      4226  2M12034709+1756233        7.58       14.90        29.00        11.51
      4226  2M12045611+1728119        9.48       25.38        38.00        18.96
      4226  2M12061947+1532404       13.03        8.63        18.00         5.05
      4228  2M11062325-1257183        6.72       41.22        53.00        33.16
      4228  2M11081296-1205110        7.01       17.98        30.00        15.61
      4229  2M11465887-1056567       10.36       14.38        22.00         9.06
      4229  2M11495375-1113149        4.10       35.96        52.00        23.43
      4229  2M11535609-1045502        5.62       14.13        23.00         8.43
      4230  2M21242815+1233389        8.14       45.94        19.00        17.50
      4230  2M21251203+1136374       12.35       13.03        52.00         7.37
      4230  2M21271569+1209524        4.69       61.49        36.00        20.11
      4230  2M21271916+1131460        9.52        7.35        14.00         2.87
      4230  2M21281796+1110512        5.53       38.85        35.00        24.28
      4230  2M21284073+1141238        1.92      220.40        74.00        87.29
      4230  2M21290865+1143361        7.86       42.28        20.00        13.42
      4230  2M21291331+1119302        8.11       53.16        23.00        31.38
      4230  2M21292196+1337417       15.23        7.38        14.00         4.68
      4230  2M21300291+1227081        3.32      205.30        29.00        32.20
      4230  2M21301276+1141458        4.13      191.00        26.00        40.87
      4230  2M21302403+1132483        1.51      234.44       101.00        46.12
      4230  2M21304441+1236161        8.33        6.64        20.00         1.99
      4230  2M21311247+1136205        1.46      234.92       118.00        56.02
      4230  2M21313924+1307507        5.60       56.62        46.00        22.26
      4230  2M21320320+1107560        3.62      214.38        53.00        56.36
      4230  2M21331158+1153437        8.73        0.66        16.00         0.56
      4230  2M21331478+1158322        6.99       60.57         7.00        17.35
      4230  2M21345151+1206057       14.16        6.02        12.00         5.10
      4231  2M14554424+3758270        8.33       21.30        33.00         9.83
      4231  2M14575213+3723244       10.19       23.05        32.00        14.24
      4231  2M14584025+3831094        5.51       22.07        44.00        15.51
      4231  2M15002128+3645004        8.04        4.02        19.00         2.82
      4231  2M15010903+3702218       13.12       17.01        14.00        12.33
      4232  2M15215877+3727413       32.74        5.04         9.00         3.68
      4232  2M15225888+3644292       11.80       37.35        22.00        20.09
      4232  2M15261954+3658534        2.67      169.46        98.00       112.84
      4232  2M15315395+3732429       16.50       26.77        21.00        15.09
      4233  2M13480922+4303091        8.25       13.98        29.00        10.38
      4233  2M13514152+4434174        6.22       11.52        32.00         7.08
      4233  2M13592277+4308012        9.48       47.34        10.00        37.26
      4234  2M15261158+4227350        8.29        7.27        17.00         5.67
      4236  2M10493780-0043348        5.83       20.81        33.00        11.89
      4236  2M10520326+0032383        3.81       48.86        46.00        21.00
      4236  2M10554328+0041514        8.58       36.12        28.00        19.89
      4236  2M10581530-0121132        8.98        4.15        17.00         3.17
      4239  2M11072525-0700377        8.17       47.70        26.00        24.91
      4239  2M11072686-0546170       10.40       27.37        33.00        19.73
      4239  2M11091358-0457397        4.70       89.37        43.00        38.64
      4240  2M18450325-0317120       12.80       19.53         9.00        15.10
      4240  2M18470667-0226077        5.61      130.74        73.00        33.60
      4240  2M18484280-0330354        3.47      147.15        67.00        79.50
      4241  2M19403250+2421574        5.87       41.24        24.00        29.85
      4241  2M19430973+2357587        5.42        8.77        29.00         5.76
      4241  2M19455817+2439114       19.14       21.43        10.00        13.72
      4241  2M19462596+2508070        9.02       33.77        25.00        24.94
      4242  2M21081720+4900002        5.91       17.93        21.00         8.73
      4242  2M21095434+4844482        5.61       30.08        41.00        16.28
      4242  2M21113411+4753023        5.68       89.34        17.00        36.02
      4242  2M21145434+4725487       15.33        7.62        18.00         6.53
      4242  2M21171711+4905528        3.95      109.40        26.00        55.98
      4242  2M21185951+4843000       10.80       47.56        22.00        20.06
      4243  2M00182859+6207248       18.40       22.53        27.00         8.00
      4243  2M00265252+6359169        5.00      155.73        37.00        50.72
      4243  2M00370544+6247057       12.13       60.76        11.00        19.96
      4245  2M19232816+2536524        7.01        4.02        19.00         3.74
      4245  2M19285825+2710582        7.92       35.96        12.00        15.87
      4245  2M19294645+2642301        2.48       52.23        71.00        28.25
      4245  2M19315229+2503438        7.24       94.44        14.00        33.24
      4245  2M19340075+2603454        7.15       24.36        88.00        16.80
      4246  2M20515117+5207033        6.48       17.76        26.00        10.92
      4246  2M20542922+5207421        4.18      167.97        47.00        30.55
      4246  2M20570745+5207200        4.49       95.97        39.00        45.08
      4246  2M21005978+5103147        8.63        9.49        20.00         6.11
      4247  2M18571262-0328064        5.83      151.78        22.00        66.06
      4247  2M19015467-0326551        4.98       44.37        54.00        32.27
      4247  2M19024620-0328334        4.99       45.22        21.00        24.00
      4248  2M19565189+2310302        7.21      132.06        79.00       102.37
      4248  2M19572990+2034338       10.72       35.25        71.00        33.71
      4248  2M19582637+2158113        5.95       50.16        26.00        29.56
      4249  2M21234344+4419277        4.00       49.37        44.00        21.33
      4249  2M21235785+4608527        2.73      221.72        50.00       119.95
      4250  2M00373811+5912258        7.75       28.09        24.00        16.77
      4251  2M19081153+2839105        7.88       17.36        18.00         8.07
      4251  2M19143280+2654036        6.44       60.79        28.00        15.85
      4252  2M20270913+5231015       10.19        4.84        12.00         1.71
      4253  2M07125169+0710345        3.16      194.60        41.00        36.97
      4253  2M07135377+0712322        5.58       85.75        28.00        33.15
      4253  2M07154275+0621084        6.13       61.51        31.00        24.13
      4253  2M07191806+0556151        4.68      145.58        19.00        63.02
      4254  2M19140349-0550148        2.97       84.84        84.00        49.40
      4255  2M20104822+1939173        4.55      149.87        32.00        46.19
      4255  2M20152355+1929372        8.22        8.12        17.00         7.90
      4255  2M20154959+1933249       10.66        3.26        12.00         2.98
      4255  2M20165391+1939557        3.98      146.24        30.00        92.62
      4256  2M00280680+5558136       11.18        5.77        16.00         4.34
      4256  2M00302865+5553105        4.74       28.02        37.00        19.97
      4256  2M00360002+5519491        7.02       58.69        28.00        33.76
      4256  2M00380685+5533175        8.97        3.22        12.00         2.63
      4257  2M04435712+3901413       10.64       31.37        28.00        19.25
      4257  2M04455059+3808596        7.97       90.55        41.00        48.58
      4257  2M04485954+3749255        6.87       73.40        32.00        30.77
      4257  2M04523015+3925462       10.44        6.60        14.00         5.94
      4257  2M04542322+3909269        6.55      170.94        87.00        62.06
      4258  2M06062902+1349573        5.49      189.66        26.00        39.52
      4259  2M03470376+2336588        5.48       46.10        33.00        23.51
      4259  2M03505403+2309119        5.40       42.51        88.00        31.22
      4259  2M03510274+2325420       13.42       32.61        34.00        21.45
      4259  2M03512664+2504369       11.83       10.02        14.00         5.34
      4260  2M21310040-0139335        3.24       76.11        61.00        56.03
      4260  2M21340016-0103533       10.73       56.92        21.00        27.70
      4260  2M21342973-0128503       13.00        8.99        16.00         3.98
      4261  2M19482611+1757445        6.06       46.56        19.00        19.82
      4262  2M19184759+3824238       13.41       11.49        10.00         8.30
      4262  2M19202701+3823595        7.07      175.32       120.00       126.59
      4262  2M19203184+3830492        6.43       98.92        48.00        67.20
      4262  2M19225746+3824509        4.61       37.82        39.00        25.86
      4262  2M19232622+3838017        5.00       54.19        41.00        24.94
      4262  2M19235494+3834587        5.28       25.58        34.00        17.04
      4262  2M19241352+3858278        2.76      100.95        89.00        81.00
      4262  2M19263432+3748513        6.86       13.30        23.00         9.05
      4262  2M19280644+3736023        3.17       85.82        78.00        52.21
      4262  2M19314340+3736239        8.71       19.12        23.00        12.99
      4262  2M19322278+3821405        6.90       35.56        16.00        32.33
      4263  2M19345659+3845475        6.39       14.12        28.00         9.72
      4263  2M19351913+4001522        3.58       33.89        66.00        22.65
      4263  2M19355993+3813561        3.23       85.17        63.00        50.79
      4263  2M19370628+3846368        5.69       52.64        30.00        26.79
      4263  2M19374558+3822510        4.54       65.09        29.00        34.32
      4263  2M19380295+3927437        4.99       34.28        38.00        15.95
      4263  2M19383951+3819588        3.40      218.64        39.00        51.04
      4263  2M19390532+4027346        6.00       50.77        54.00        31.52
      4263  2M19401839+3957298        5.74       65.09        31.00        19.59
      4263  2M19411125+4039416        2.02      242.58        46.00        81.57
      4263  2M19414825+4010323        7.35       41.37        25.00        20.74
      4263  2M19432862+3908535        4.53      121.93        33.00        35.83
      4263  2M19441242+3923418        4.68       45.30        50.00        21.19
      4263  2M19444445+3915456        5.00       73.44        31.00        31.23
      4263  2M19452193+3908260        7.12       73.84        49.00        30.51
      4263  2M19463571+3919069        2.99      127.23        49.00        68.92
      4264  2M23540849+5600347        5.34       66.50        22.00        37.74
      4264  2M23571885+5659355       12.47       18.42        13.00         9.09
      4266  2M06295728-3210256       11.79       28.12        30.00        25.14
      4267  2M08460130-1509051        5.55       39.68        28.00        31.61
      4267  2M08460973-1513010        4.20      109.44        81.00        52.64
      4267  2M08493181-1244164        7.60       48.73        41.00        23.57
      4267  2M08495593-1455048        7.01       27.55        25.00        22.29
      4271  2M02270767+5924201        7.23       17.98        21.00         8.50
      4271  2M02290160+6124289        6.34       11.11        27.00         7.67
      4271  2M02353225+6048063        5.85        9.79        24.00         6.98
      4272  2M04594994+4041082        7.29       42.33        21.00        15.46
      4272  2M05022965+4142533        7.53       13.93        30.00         9.37
      4273  2M06194579+1611337        5.70       47.88        52.00        31.03
      4273  2M06212323+1701485        7.41       29.34        29.00        20.58
      4273  2M06215296+1455598        8.00       22.06        25.00         5.14
      4275  2M21523747+3853140        6.75       29.35        45.00        27.29
      4275  2M21540296+4009382        7.99        8.66        20.00         4.61
      4276  2M20104613+5610440        5.93       63.02        41.00        19.30
      4278  2M06353492+3349425       12.00        4.14        15.00         2.76
      4278  2M06361902+3308443        8.03        5.15        17.00         4.77
      4279  2M18460194-0928240        9.51       37.86        71.00        26.31
      4280  2M18363750-0749384        2.72      124.91        87.00        97.73
      4281  2M18232235-0509094        3.91       68.07        91.00        46.44
      4284  2M20294351+1657078        7.04       57.41        82.00        33.47
      4287  2M00134329+7346435        7.47       32.63        48.00        22.81
      4288  2M03100732+4033294        5.14       76.92        90.00        37.63
      4289  2M05344507+6223530        7.56       19.01        22.00        11.88
      4290  2M05522211-0404416        8.56       40.17        44.00        26.33
      4290  2M05533254-0421192        4.55       60.94        52.00        39.33
      4291  2M07412162+0910207        7.02       26.05        31.00        18.58
      4291  2M07421515+1045108        6.51       51.43        31.00        34.31
      4291  2M07483499+0906114       13.29        5.68        17.00         2.33
      4292  2M06425155-2355027        5.51       51.47        37.00        35.06
      4294  2M07582829-1621447        4.73       46.80        35.00        34.20
      4295  2M08132215-1246517       10.51       12.16        27.00        10.18
      4297  2M20474087+3343054        7.85       15.69        30.00        13.74
      4300  2M23122582+4752360       18.15        5.32         7.00         3.02
      4301  2M22510283+5124592       21.09        5.48         6.00         1.96
      4303  2M21230171+6704507        7.53       43.72        84.00        30.66
      4304  2M19532695+0342088        5.50       45.18        46.00        28.62
      4309  2M02072992+5427212        6.41       76.44        30.00        43.50
      4309  2M02082405+5454197       11.83        8.57         7.00         6.89
      4311  2M03255900+7003421       11.12       10.84        17.00         5.51
      4312  2M18584871+0513130        4.58       22.77        50.00        16.63
      4314  2M20050301+3025227        4.20       39.81        42.00        19.57
      4318  2M01325477+6205304       15.01       10.84        10.00         6.98
      4319  2M03154267+5704335       13.52        3.95        11.00         3.21
      4321  2M05291630+3549565        5.67       15.42        30.00         8.38
      4321  2M05292628+3555070       10.13       11.44        23.00         6.24
      4323  2M06372176+0949348        7.09       18.94        22.00        14.88
      4324  2M07012946-0308517        6.29       59.59        22.00        33.23
      4325  2M04290552+3530191        3.47      102.16        58.00        77.88
      4325  2M04354999+3615107        4.64       11.72        28.00         8.75
      4325  2M04393682+3553432        5.48       72.45        40.00        63.45
      4326  2M05383316+4556445       12.09        8.61        17.00         7.03
      4326  2M05391675+4539368        7.50       49.05        22.00        36.63
      4326  2M05402330+4617163        5.01       57.58        42.00        29.25
      4326  2M05423918+4552465        8.52       10.80        19.00         7.88
      4327  2M05433509+1217291       11.10       19.48        23.00        14.85
      4329  2M18041688-3115450        6.00       29.14        18.00        15.83
      4331  2M18565583-3025539       12.12        5.98        16.00         4.26
      4332  2M18024917-3039423        8.73       46.97        12.00        23.05
      4332  2M18042724-3001108        4.80      172.00        21.00        79.21
      4336  2M17574406-2328302       14.68        9.23        23.00         8.84
      4339  2M18180315-1604176        9.11       41.33        24.00        41.33
      4340  2M18240205-1357216        4.03      145.73        26.00        81.68
      4342  2M18304997-1417537       11.93        5.29        10.00         5.29
      4343  2M17594139-1935453        9.61       27.35        14.00        27.35
      4345  2M17340963-1903320        5.00       33.49        67.00        22.43
      4347  2M18081808-2553287       15.73        5.99        11.00         5.99
      4348  2M17391651-2259198        8.13       13.31        21.00        13.31
      4349  2M18112613-2706371        7.50        9.38        23.00         9.38
      4349  2M18115581-2704153       39.02        0.58         8.00         0.58
      4350  2M18392371-3006385        4.99       40.96        49.00        28.22
      4353  2M17412100-3127013       21.44       11.79        76.00         8.17
      4353  2M17443706-3019037        4.92       44.44        72.00        33.64
      4355  2M18010982-2135255        4.20       91.26        46.00        87.54
      4355  2M18031787-2149396        9.50       25.98        15.00        14.51
      4356  2M18081896-1834311       18.84       42.47         4.00        42.47
      4356  2M18103554-1811011        8.74       13.16        16.00        13.16
      4357  2M18192203-1411326       10.67       17.02        26.00        17.02
      4357  2M18192899-1452043       11.47       24.46        26.00        24.46
      4357  2M18234612-1501159       11.77       25.20        42.00        25.20
      4359  2M17144370-2449231       10.26       10.96        25.00        10.96
      4361  2M16572327-2046360       12.96        3.80        16.00         3.66
      4361  2M16574471-2037312        7.57       10.58        32.00         8.17
      4362  2M17345651-2048568        8.99        9.80        18.00         9.80
      4365  2M17512180-2238562        8.46       27.36        61.00        27.36
      4366  2M18065593-2449047        9.85       11.99        18.00        11.99
      4366  2M18070105-2519382       13.19        6.98        15.00         6.98
      4368  2M17155516-2802591       19.36       15.58         4.00        15.58
      4368  2M17190649-2745172        9.52       24.98        43.00        24.98
      4372  2M16460160-2000298        4.38      224.09        44.00       101.41
      4372  2M16485169-1945124       15.53       11.02        20.00         8.08
      4372  2M16491030-2004313        5.24      232.73        74.00        87.15
      4372  2M16503926-1938380        4.03       83.15        74.00        62.25
      4372  2M16505098-1957461        9.05       37.04        20.00        28.23
      4375  2M18264748-1559291       21.41        4.09         6.00         4.09
      4377  2M17560094-2046005        7.76       60.95        35.00        42.90
      4379  2M18093298-1440570        3.85      240.49        93.00       240.49
      4381  2M18451301-2952432       10.13       30.22        33.00        30.22
      4381  2M18451472-2949316       12.58       16.58        15.00        16.58
      4381  2M18455885-3022199       11.38       18.65        29.00        18.65
      4381  2M18472524-2949544        5.35       34.13        70.00        27.18
      4381  2M18480676-3023124       12.65       40.47        51.00        40.47
      4383  2M18542367-2911502        9.37       27.05        31.00        27.05
      4384  2M17413465-2623584       11.70       36.61        59.00        36.61
      4384  2M17425553-2641403       16.93       29.59         6.00        29.59
      4384  2M17442065-2626057        5.11       49.62        81.00        49.62
      4384  2M17464152-2713191        6.56       36.70        67.00        36.70
      4388  2M18042203-2917298       11.26        8.10        16.00         8.10
      4392  2M17294839-2315449       10.03       29.32        41.00        29.32
      4399  2M19383737+4957227        6.13        6.30        20.00         6.30
      4399  2M19391260+5005409        6.43       17.59        37.00        17.59
      4399  2M19391342+4932430        9.87       21.98        17.00        21.98
      4399  2M19442066+5107373       17.99        7.22        14.00         6.78
      4399  2M19454606+5113275        4.33       37.50        67.00        37.50
      4400  2M19245882+4714573        3.48       81.84        63.00        35.73
      4400  2M19252895+4726078        7.57       12.97        21.00         9.83
      4400  2M19253651+4900461        9.89       14.70        30.00        10.53
      4400  2M19262547+4706054       33.74       21.23        35.00        21.23
      4400  2M19301580+4932086        4.73       20.72        40.00        17.93
      4401  2M18544916+4512355        9.49       11.38        16.00         7.74
      4401  2M19031812+4453004        8.81        6.75        18.00         3.11
      4402  2M19424010+4753315        8.74       14.48        23.00        11.35
      4402  2M19431789+4715294        4.28      110.41        99.00        60.57
      4403  2M19361030+4512235       11.79       47.81        79.00        32.05
      4403  2M19403611+4646204        8.96        1.67        16.00         1.67
      4404  2M19063690+4130566        1.47      227.00       111.00       136.76
      4404  2M19104120+4136011        7.91       54.15        75.00        39.44
      4404  2M19110844+4406544        6.24       20.48        36.00        16.67
      4404  2M19134154+4251250       12.78        9.33        15.00         6.56
      4405  2M19072789+4716062        9.94       17.50        10.00        17.50
      4405  2M19102780+4541185       12.83        2.70        14.00         2.70
      4405  2M19105867+4550367        7.64        7.91        23.00         7.91
      4405  2M19123630+4603326        9.50       38.89        27.00        38.89
      4406  2M19065925+4843276       12.71        4.90        13.00         4.90
      4406  2M19082022+5010496       12.97       10.51        12.00        10.51
      4407  2M19100840+3918551        7.83       18.08        29.00        17.07
      4408  2M18445125+4806250       16.06       27.58         8.00        20.33
      4409  2M18542576+4300150        7.38       58.72        61.00        41.05
      4410  2M19033859+4024045       13.45       15.54        84.00        15.54
      4411  2M06344417+0553228        7.83       37.55        25.00        12.08
      4416  2M01593686+6533283        4.24       68.86        55.00        43.49
      4416  2M02064174+6556593       11.42        3.30        12.00         1.89
      4418  2M06082178+2446030        4.91       88.20        34.00        32.51
      4418  2M06084439+2411512        8.65       16.24        19.00        13.95
      4418  2M06092222+2444208        6.20       30.83        86.00        20.67
      4418  2M06092708+2413452        5.50       38.92        46.00        27.04
      4418  2M06104314+2408273       12.64       25.46        10.00        15.20
      4419  2M21401939+5814292       19.88        4.86         6.00         4.30
      4420  2M22283927+5205055       10.09        0.95        10.00         0.60
      4422  2M23153792+5532278        8.44        4.51        12.00         3.03
      4425  2M01321071+6634585        2.24       55.23        69.00        44.85
      4425  2M01345988+6651462       10.05       14.94        29.00         7.53
      4428  2M03110855+5251034        8.52       48.34        25.00        35.64
      4430  2M04002554+4608436        3.29       64.30        68.00        43.44
      4431  2M05420795+3849453       10.36       15.44        26.00        10.20
      4431  2M05461892+3821171       11.50        5.85        17.00         3.89
      4433  2M11452952-0207584        8.86       10.13        18.00         7.39
      4433  2M11472318-0124310        5.02      126.12        24.00        87.93
      4433  2M11480250-0216495        6.62       37.03        27.00        29.09
      4433  2M11483866-0031171       12.36        9.92        22.00         6.63
      4434  2M13234101+3710160        2.56       65.55        97.00        53.71
      4434  2M13290259+3822581       10.29       10.96        17.00         7.64
      4434  2M13303129+3702212        8.39       13.68        24.00         7.79
      4434  2M13325589+3638313        6.56       37.18        31.00        23.84
      4434  2M13341473+3751311        7.69       14.99        23.00        13.64
      4436  2M14283000+0917461        7.62       29.93        33.00        17.40
      4436  2M14310609+0801287        9.75       57.60        14.00        33.31
      4436  2M14313488+0746128        7.99       22.94        26.00        15.24
      4436  2M14321531+0840175       11.00       38.25        26.00        17.69
      4436  2M14323940+0814575        6.11       55.29        35.00        28.67
      4436  2M14365377+0822166       14.65       22.16        18.00        16.20
      4436  2M14370236+0928340        6.51       15.25        34.00        14.00
      4437  2M15010425+2107461        6.16       35.23        22.00        25.66
      4437  2M15021575+2319460        3.47      114.23        58.00        80.84
      4437  2M15052739+2039223        8.03       29.65        41.00        22.32
      4437  2M15055682+2216202        6.15       67.31        29.00        34.37
      4437  2M15062484+2149029        5.38       15.67        33.00         9.41
      4438  2M15064153+3604209       13.06       10.76        20.00         5.85
      4438  2M15071160+3603102       12.14       42.02        26.00        21.06
      4438  2M15071609+3625508        4.84       80.10        34.00        50.75
      4439  2M14261159+4951057        4.80       84.34        52.00        50.84
      4439  2M14274439+5034456        4.50       16.79        38.00        13.83
      4439  2M14293977+4957242        8.70       18.64        10.00        13.22
      4439  2M14310791+4913264        6.76        7.92        27.00         4.47
      4439  2M14315172+4935083        8.95       30.40        27.00        18.84
      4439  2M14345481+5013426        6.68       13.74        33.00        12.57
      4439  2M14362498+5115348       10.01        6.18        15.00         5.44
      4439  2M14371475+4957323        4.38       32.80        39.00        21.64
      4439  2M14391529+5004309        4.05      132.31        58.00        85.15
      4440  2M12565202+5743547       12.82        9.24        17.00         6.65
      4440  2M13035326+5740523       12.19       17.91        32.00        11.64
      4440  2M13124866+5657171        7.17      108.53        25.00        86.88
      4441  2M11165739+5222378       17.29       13.34        19.00         6.35
      4441  2M11193321+5209200        6.25       44.40        21.00        18.37
      4441  2M11205368+5123066        5.32       55.76        31.00        23.06
      4441  2M11244798+5317481        3.73      106.40        54.00        80.05
      4441  2M11254661+5217235        7.45       18.29        28.00        10.34
      4441  2M11260825+5112494        6.52       11.14        20.00         8.68
      4441  2M11260994+5335131        6.32       46.23        25.00        29.08
      4441  2M11265242+5141217        6.54       28.49        17.00        23.00
      4441  2M11293132+5232582        6.67       20.18        27.00        19.48
      4441  2M11294703+5146160        8.88       81.91        19.00        57.04
      4442  2M10462233+4014258        6.78       28.11        24.00        17.79
      4443  2M10372490+2442462        4.74       38.90        33.00        23.40
      4443  2M10402343+2510454        9.63       13.06        29.00         6.53
      4444  2M10581378+1127335        8.49       29.52        24.00        16.79
      4444  2M11012916+1215329        7.60       17.37        24.00        10.79
      4444  2M11055266+1120092       11.99        6.85        16.00         2.91
      4445  2M11494199+0143564        8.17       14.69        28.00         9.28
      4445  2M11510221+0018423        6.27       48.37        27.00        17.22
      4445  2M11510555+0140519       12.15       14.95        22.00        13.45
      4446  2M12442021-0343122        6.91       65.98        22.00        38.60
      4446  2M12491211-0221498        7.35       32.00        22.00        20.15
      4447  2M13385031+0005084        9.77       79.88        20.00        24.34
      4447  2M13405651+0031563        3.63       26.98        48.00        19.42
      4447  2M13441375-0027468        9.98       49.07        20.00        21.70
      4447  2M13455993-0032271        3.87       69.28        53.00        49.89
      4447  2M13475543+0027182        6.75       40.87        30.00        22.22
      4448  2M10464238+1626144        6.98       21.09        22.00        13.24
      4448  2M10472988+1726513       12.12       11.55        22.00         9.85
      4448  2M10494728+1732115       21.21        7.33         6.00         6.72
      4448  2M10515485+1556172        6.47       28.92        27.00        11.00
      4448  2M10531539+1642480       13.36       25.58        20.00        17.63
      4448  2M10543579+1536556       10.29        8.43        16.00         4.66
      4448  2M10545429+1718076       10.44       24.39        37.00        16.82
      4449  2M11572921-1701023       10.09       16.90        67.00        13.54
      4450  2M09242664+2848343        6.31       19.41        23.00        15.44
      4450  2M09243292+2823159        5.60       66.07        33.00        41.45
      4450  2M09244403+2640593        5.85      155.48        92.00        74.37
      4451  2M15150324+3649487        4.16       87.25        48.00        32.85
      4451  2M15173640+3505295       13.57       18.40        12.00        11.14
      4451  2M15242209+3703289       12.23       16.16        24.00        12.06
      4451  2M15260845+3556298        7.49       24.60        24.00        20.60
      4452  2M16022673+2816459       15.97       17.83        22.00         7.85
      4452  2M16050185+2833060        7.20       50.03        35.00        24.16
      4453  2M17095788+4825288       12.82       10.17        16.00         3.69
      4453  2M17140575+4907262        5.52       36.12        39.00        16.13
      4453  2M17170666+4948493        7.91       17.50        38.00        12.77
      4454  2M17040597+6007537        7.55       38.18        30.00        21.81
      4455  2M17300861+5440161        7.34       40.60        25.00        19.00
      4457  2M18355686-1031504        5.61      147.77        29.00        72.93
      4459  2M16574838-2202255        9.20       10.06        69.00        10.06
      4462  2M19525474+4432210       13.46       12.69        13.00        10.29
      4462  2M19550924+4459335        7.94       16.48        29.00        13.39
      4462  2M19564877+4458058        5.09       12.99        29.00        12.95
      4462  2M19582581+4523265        6.00       24.91        46.00        22.12
      4462  2M19585518+4432267        5.99       18.71        26.00        15.40
      4462  2M19594944+4547497        9.31       15.17        34.00        12.32
      4462  2M20034832+4536148        7.29        4.85        16.00         4.74
      4463  2M19400881+4351320       14.43        5.88        12.00         5.88
      4463  2M19425259+4442473       19.43        5.04        12.00         5.04
      4463  2M19483366+4304263        5.16       19.12        40.00        19.12
      4464  2M19281219+4204097       10.04       12.21        20.00        12.21
      4464  2M19282456+4215080        1.46      273.76        77.00       131.70
      4464  2M19283836+4111537        8.61       92.76        94.00        31.29
      4464  2M19290250+4042132        1.24      267.31       166.00        43.18
      4464  2M19292405+4223363        6.30      227.57        29.00        24.22
      4464  2M19303146+4210508        9.79       78.92        12.00         8.23
      4464  2M19320615+4200049        0.87      232.13       237.00       118.97
      4464  2M19321788+4216489        1.57      149.41       134.00        65.26
      4464  2M19324708+4222142        2.34      216.50        55.00        47.05
      4464  2M19331065+4102072       10.48       12.93        18.00         6.57
      4464  2M19340827+4119476        2.94      173.43       109.00        36.54
      4464  2M19344565+4140247        4.87       42.46        60.00        42.46
      4464  2M19353513+4149543        4.26      245.65        83.00        58.11
      4464  2M19355185+4250141        4.60      149.55        46.00        36.40
      4464  2M19370697+4126128        4.21      147.24        43.00        37.36
      4464  2M19373700+4155235        2.70      219.49        61.00        89.42
      4464  2M19374854+4136052        7.35        1.89        18.00         1.16
      4465  2M19194614+4028248        5.72       43.32        29.00        40.06
      4466  2M19470993+4146266        5.91       12.74        26.00        12.74
      4466  2M19504229+4128235       27.51        5.05         6.00         5.05
      4466  2M19561994+4120265        9.77        2.00        16.00         2.00
      4471  2M03210718+0928264       10.39       19.64        23.00        11.04
      4471  2M03235380+0806598        7.86        5.01        20.00         3.89
      4471  2M03260135+0816119        4.70       24.21        39.00        17.81
      4471  2M03262324+0827228       10.17       25.88        31.00        14.00
      4471  2M03272650+0900312        5.80       20.37        31.00        11.92
      4471  2M03283951+0740289       14.48       36.02        23.00        13.88
      4472  2M01525005-0353374        5.45       38.30        39.00        23.81
      4472  2M01540092-0306019        4.80       75.89        38.00        36.63
      4472  2M01562189-0223547        7.66       36.06        17.00        24.66
      4472  2M01570057-0216176       10.05       18.56        50.00        14.38
      4472  2M01583450-0349002        5.89       38.42        34.00        25.28
      4472  2M02001017-0307339        8.85       82.34        18.00        48.57
      4473  2M22101026-0158112        7.39       58.79        22.00        22.98
      4473  2M22165340-0251241        5.73       80.20        77.00        49.79
      4473  2M22191464-0124172       10.03       29.24        16.00        10.95
      4474  2M22455859+0615499        5.33       29.89        53.00        23.44
      4474  2M22465745+0610244        8.80       58.39        32.00        30.87
      4475  2M23153523+1228576       14.28       14.81        16.00        11.82
      4476  2M00411929+1718359       12.02       13.52         8.00        11.96
      4476  2M00435946+1808423       26.22       11.33        12.00         8.79
      4476  2M00443313+1734287        8.03       36.32        25.00        18.90
      4476  2M00443463+1719220        6.44       39.00        27.00        19.40
      4476  2M00462111+1758470        8.48        8.20        17.00         6.86
      4476  2M00470197+1751448       11.54       30.15        24.00        21.74
      4478  2M02062664+1438073        7.79       23.72        22.00        18.84
      4478  2M02075151+1347290        3.82      200.61        58.00       135.00
      4478  2M02112068+1356170        3.68      119.20        49.00        63.48
      4478  2M02112973+1359128        9.27       32.90        20.00        25.66
      4479  2M02411197+0727401        5.89       87.14        29.00        67.17
      4479  2M02484723+0719196       11.76       10.63         8.00         8.92
      4479  2M02491256+0815300        5.90       18.36        30.00        14.70
      4480  2M03154293+0158412        7.11       60.74        45.00        28.88
      4480  2M03165649+0218013        9.72       12.50        18.00         5.13
      4480  2M03191111+0043411        9.43        6.05        17.00         3.37
      4480  2M03193359+0100209        8.34       71.56        23.00        30.67
      4480  2M03211751+0007418       10.71       15.96        21.00        11.73
      4481  2M13393861+1856317        9.07       12.72        23.00         9.17
      4481  2M13405102+1804533        7.60       38.46        40.00        27.88
      4481  2M13405664+1809437        5.04       76.58        27.00        44.37
      4481  2M13430480+1929233        2.86      242.10        44.00        94.11
      4481  2M13431373+1852442       10.58       54.78        20.00        13.65
      4481  2M13434891+1844570        5.05       54.47        23.00        17.90
      4481  2M13445107+1756099        2.61      195.92        28.00       102.40
      4481  2M13450151+1848216        9.57       23.04        22.00        11.88
      4481  2M13483079+1750445        5.22       14.65        28.00        13.12
      4482  2M13575145+2612565        3.23      126.35        61.00       113.19
      4482  2M14015624+2600283       11.62       30.22        23.00        14.72
      4482  2M14022819+2549341        8.87       18.67        17.00        11.02
      4483  2M13524648+3324015       27.49       10.04         9.00         9.01
      4483  2M13533481+3411047        4.96       76.55        32.00        29.40
      4483  2M13533986+3153290        7.18       50.01        38.00        30.88
      4483  2M13570112+3239369        4.33       49.74        57.00        38.57
      4483  2M13575625+3250596        7.02       13.97        22.00        12.75
      4483  2M13590371+3307292        7.66       14.59        27.00        11.39
      4483  2M13591680+3217164       18.34        5.64        11.00         2.46
      4483  2M14002167+3317198        8.35       10.11        17.00         9.03
      4484  2M13265741+3915596       11.90        5.13        15.00         3.96
      4484  2M13271322+3915532        3.24      157.92        46.00       105.82
      4484  2M13285979+4011453        6.60       23.46        31.00        17.29
      4484  2M13311537+3918585        6.73       46.14        21.00        24.49
      4484  2M13321628+3833502        4.48      147.75        24.00        66.67
      4484  2M13334827+4044474        4.77       88.18        54.00        48.95
      4484  2M13341084+4030547        4.75       78.92        46.00        56.37
      4484  2M13353236+3754429       10.57        8.32        15.00         8.15
      4484  2M13372608+4013294       10.00       20.79        21.00        12.93
      4485  2M12481033+4213287       10.03       65.72        23.00        31.13
      4485  2M12482973+4244346        6.84        6.24        27.00         4.69
      4485  2M12485052+4134109        6.36      102.52        32.00        48.34
      4485  2M12491047+4213566       17.97       20.07        12.00        12.76
      4485  2M12491209+4202529        5.75       41.43        32.00        28.46
      4485  2M12581321+4049138        7.78       15.00        21.00         9.74
      4485  2M13030323+4232237        5.13       76.26        31.00        31.92
      4486  2M12150155+4023234        7.32       19.82        14.00        11.58
      4486  2M12152328+4054582       19.27       57.49        30.00        22.37
      4487  2M11453072+3411559       11.77        6.69        16.00         4.51
      4487  2M11454524+3330119       12.16       10.97        24.00         7.79
      4487  2M11484981+3446170       11.12       10.89        13.00         4.03
      4487  2M11504147+3339475        4.73       32.06        38.00        23.73
      4487  2M11523523+3524121        6.57       12.39        25.00         7.57
      4487  2M11535946+3325572        4.90       60.96        65.00        44.09
      4487  2M11543950+3453337        8.15       26.64        22.00        14.53
      4487  2M11551441+3345258        3.90      129.57        45.00        42.54
      4488  2M11410110+2717085        5.54       17.97        33.00        17.34
      4488  2M11414560+2538598       10.96       19.01        13.00        15.08
      4488  2M11433820+2719190        5.12       26.72        28.00        23.80
      4488  2M11441188+2633242        8.05       14.42        29.00         6.15
      4488  2M11445235+2641343        7.24       61.36        27.00        28.20
      4488  2M11460972+2717512       12.99       31.78        21.00        17.24
      4489  2M11495803+2000001       21.36        5.90        12.00         2.84
      4489  2M11513353+1853540        4.59       97.12        41.00        79.02
      4489  2M11533281+1819253        8.62       44.74        47.00        28.09
      4490  2M12115853+1425463        7.57       22.16        19.00        13.65
      4490  2M12122483+1434032        3.98      201.02        31.00        67.72
      4490  2M12135899+1405160       13.31       10.47         9.00         4.20
      4490  2M12183988+1359445       16.21        7.24        13.00         6.57
      4491  2M12462044+1251325        4.70       39.36        46.00        27.22
      4491  2M12474268+1128571        4.83       34.86        21.00        20.81
      4491  2M12484990+1106258        2.98      166.47        70.00        81.28
      4491  2M12505092+1324147        4.90       93.69        45.00        35.63
      4491  2M12524061+1125384        3.40       99.12        30.00        51.54
      4492  2M13132785+1314187        5.31       65.39        19.00        40.52
      4492  2M13150119+1319313       11.64       26.39        23.00        14.46
      4492  2M13200910+1403573       10.54       31.57        27.00        24.90
      4492  2M13204848+1347567       20.06        8.44        12.00         7.20
      4492  2M13211833+1431215        4.00       44.97        31.00        27.96
      4492  2M13230135+1259254        6.15       32.46        39.00        18.55
      4493  2M14463311+1306372        3.96       36.10        31.00        16.59
      4493  2M14490955+1242421        3.64       53.40        25.00        24.29
      4494  2M14491537+1615132        6.04       39.92        19.00        24.22
      4494  2M14534360+1713530        8.01       30.17        29.00        14.81
      4494  2M14541230+1653305        5.74        7.52        23.00         4.42
      4494  2M14543922+1658362        9.09       86.10        25.00        46.26
      4494  2M14551294+1816467       13.28        9.98        18.00         7.42
      4494  2M14562809+1648342       14.77       11.95        17.00         8.28
      4494  2M14580457+1618569        5.28       24.14        28.00        19.97
      4494  2M14591760+1735061        8.03        9.37        16.00         7.00
      4495  2M15034853+2640102        2.84       61.08        86.00        30.99
      4495  2M15045184+2620506        7.64       31.49        16.00        15.81
      4495  2M15051086+2633556        2.30      122.68        71.00        86.83
      4495  2M15100112+2729592        5.99       20.50        35.00        11.86
      4496  2M15051974+3206536        6.57       39.66        51.00        23.68
      4496  2M15062412+3136011        6.17       26.66        33.00        13.74
      4496  2M15111198+3028371        5.22       20.00        38.00        19.38
      4497  2M14545496+4108480        7.78       37.62        29.00        22.05
      4497  2M14551346+4128494       11.23       14.30        29.00        12.56
      4497  2M15014005+4012015        3.36       98.85        50.00        57.46
      4497  2M15034043+4052426        2.28       90.23        73.00        55.55
      4497  2M15044912+4238205        8.44       17.19        18.00         8.10
      4498  2M14485476+4438107        7.57       32.69        38.00        21.37
      4498  2M14503901+4728053        4.03       81.27        62.00        57.11
      4498  2M14521053+4608465        5.47       44.22        42.00        33.81
      4498  2M14523756+4712210        3.42       59.12        56.00        40.77
      4498  2M14542451+4517557        9.47       31.05        34.00        21.72
      4499  2M14083146+5207316        8.23        1.74        19.00         1.27
      4499  2M14103850+5449064        6.53       26.61        28.00        14.49
      4499  2M14123798+5426481        3.32       45.23        58.00        33.12
      4499  2M14164478+5315488        4.23       38.76        75.00        36.29
      4500  2M13313276+5606031        7.67       15.37        16.00         6.91
      4500  2M13364900+5533195        6.63       25.90        35.00        14.87
      4501  2M12161770+5712513       10.44       19.75        26.00        16.19
      4501  2M12165618+5725149        8.26       32.52        51.00        26.44
      4501  2M12172421+5625036        5.48      138.55        23.00        93.89
      4501  2M12205278+5802314        3.73      212.43        28.00       151.45
      4501  2M12242413+5648023        7.35       16.31        20.00        10.57
      4501  2M12244588+5721086        5.61       60.62        50.00        39.91
      4501  2M12250000+5602124        2.84      131.09        76.00       110.09
      4501  2M12253209+5522546       12.47       36.24        15.00        20.29
      4501  2M12271225+5655134        6.49       21.82        28.00        12.77
      4501  2M12352005+5617428        6.92       24.68        25.00        11.80
      4502  2M11453792+5600247        5.44       16.99        32.00        13.49
      4502  2M11495002+5448155        7.28       84.12        28.00        52.29
      4502  2M11501253+5613304       12.47       49.63        22.00        23.06
      4502  2M11511579+5359223        6.22       42.90        34.00        25.63
      4502  2M11542519+5554150        4.43       60.75        41.00        24.05
      4502  2M11560245+5550221       10.87        9.49        19.00         5.83
      4503  2M10572646+4818475        3.93      123.76        29.00        34.86
      4503  2M10594033+4947584        3.35       70.40        70.00        42.19
      4503  2M11025039+4740301        3.04       73.96        38.00        18.87
      4503  2M11031701+4937148       12.48        2.40        12.00         1.36
      4503  2M11044917+4840467        3.69      111.11        44.00        41.79
      4503  2M11105136+4816453        3.54      215.14        17.00        69.71
      4503  2M11105352+4908141        4.85       80.13        28.00        22.97
      4504  2M10465216+4523138        9.82       16.07        23.00         8.74
      4504  2M10485117+4501283        6.11       18.33        28.00        13.87
      4504  2M10485725+4355384        8.85       44.20        26.00        25.75
      4504  2M10494672+4444117       11.81       26.37        22.00        16.95
      4504  2M10522627+4312296        5.80       23.24        28.00        15.38
      4504  2M10545522+4344339        5.06       81.51        41.00        62.33
      4505  2M10303884+3426088        9.97        5.16        16.00         2.99
      4505  2M10331367+3409120        6.01       15.98        32.00        10.91
      4505  2M10344330+3437080        6.16       14.54        32.00         6.38
      4505  2M10390134+3454126       14.38       17.43         8.00        13.59
      4505  2M10410238+3443357        7.92       22.06        42.00        18.45
      4506  2M10342382+3007229       10.11       15.33        24.00         9.33
      4506  2M10352118+2907470        5.57       33.20        42.00        27.25
      4508  2M10374847+1958348        9.89       21.17        21.00        13.51
      4508  2M10423925+1944404        8.88        8.85        14.00         6.01
      4509  2M10525287+1444245        5.69       50.01        73.00        39.99
      4510  2M11124702+0757366        4.90       37.90        48.00        23.96
      4510  2M11131474+0826001        3.18       72.60        81.00        44.69
      4510  2M11155128+0831530       13.53       24.18        28.00        14.76
      4510  2M11155997+0713418        9.60       10.44        21.00         6.96
      4510  2M11204359+0639151        8.03       24.16        46.00        17.83
      4510  2M11220188+0721257       14.08        7.39        16.00         5.24
      4511  2M11265882+0317197        6.87       32.59        19.00        20.88
      4511  2M11285264+0302257        6.22       11.31        29.00         7.93
      4511  2M11324877+0330020        2.27      196.18        87.00        87.90
      4511  2M11334886+0440471        5.27       14.93        33.00        13.25
      4512  2M12030268-0035299       10.14       26.80        22.00        11.68
      4512  2M12031353-0021147        5.18       13.73        28.00         8.10
      4512  2M12044955-0130453        3.76       63.38        52.00        40.25
      4512  2M12052500-0151593        3.45      113.06        58.00        76.34
      4512  2M12060326-0102157        3.14      165.27        52.00        98.79
      4512  2M12075671-0039375        5.83       25.65        31.00        23.02
      4512  2M12083802-0155596       15.30       16.90        21.00        10.02
      4514  2M13062354-0212179       19.31        6.15        13.00         4.03
      4514  2M13073948-0351346       12.22        9.61        18.00         6.87
      4514  2M13075183-0224558       11.00       10.57        19.00         4.70
      4514  2M13082991-0240443        5.87      106.40        90.00        48.39
      4514  2M13094271-0323222        3.19       91.43        49.00        45.85
      4515  2M13215567-0242043        3.51       91.50        46.00        40.05
      4515  2M13274348-0224212       11.46       17.29        13.00        10.07
      4515  2M13304665-0119339       18.63       10.19        27.00         6.13
      4516  2M13575301+0152431        4.28       63.55        57.00        37.67
      4516  2M13584399+0317586        8.68       28.92        25.00        19.64
      4516  2M14000499+0057149       12.17       13.95        11.00         7.35
      4516  2M14050329+0112560       21.29       12.95        11.00         9.01
      4517  2M14175878+0413014        3.40       55.23        68.00        38.74
      4520  2M16004585-0940287        7.29       60.28        76.00        31.49
      4520  2M16005852-1220130        3.34      212.44        83.00       111.67
      4520  2M16071330-1019285        5.62       58.56        86.00        41.21
      4521  2M16380443-0117529        5.86       39.03        24.00        14.32
      4522  2M16582628+0939165       11.19       16.14        14.00        10.46
      4522  2M16592955+0942122       10.62        6.79        30.00         4.76
      4523  2M17152247+2224550       10.89       36.27        18.00        22.93
      4523  2M17225565+2210589       11.91       20.00        16.00        16.09
      4524  2M17292110+3510045        5.89       82.48        26.00        68.52
      4524  2M17405163+3610191        8.33       46.92        26.00        36.34
      4525  2M17404570+4821383       11.38       11.96        26.00         6.12
      4525  2M17493504+4804487        7.94       26.55        45.00        19.34
      4526  2M17504077+6131276       10.12        7.47        21.00         4.69
      4527  2M17342717+7435262       13.16       18.83         9.00         8.22
      4527  2M17540118+7438578        4.35       30.60        47.00        24.00
      4528  2M15334601+8559308        5.75       30.77        36.00        20.57
      4528  2M15374380+8532048        6.53       44.31        25.00        26.50
      4528  2M15471548+8655422        6.81       41.17        31.00        20.31
      4528  2M16083324+8714367        5.85       56.91        39.00        29.17
      4528  2M16262568+8531008        7.63       27.84        24.00        24.83
      4529  2M07444028+7946423        5.02        7.77        34.00         5.29
      4530  2M07404906+6607306        8.15        2.73        15.00         1.61
      4530  2M07544833+6544379        6.22       33.03        24.00        21.25
      4531  2M07413927+5305101        7.40       42.05        28.00        22.04
      4531  2M07472538+5247100        8.61       54.10        29.00        38.32
      4531  2M07541885+5200114        5.53       33.95        35.00        20.48
      4531  2M07551518+5355112        3.84       71.32        44.00        32.64
      4532  2M07552365+3928120        4.24       78.65        37.00        51.81
      4532  2M07570825+4108547        6.76       24.22        20.00        16.21
      4533  2M08122111+2659393       12.07       22.22        50.00        19.26
      4533  2M08181455+2904446       17.97       22.89        25.00        16.69
      4533  2M08200762+2808539        3.48       43.60        60.00        36.70
      4534  2M08342593+1431537        5.06       68.03        47.00        57.06
      4535  2M08554987+0430058        4.63       28.60        38.00        20.26
      4536  2M09242547-0650183        4.96       13.85        42.00         9.38
      4536  2M09245718-0721097        5.02       57.67        43.00        47.24
      4536  2M09282036-0805184        5.88       70.93        97.00        38.75
      4536  2M09293488-0610337       13.55       22.28        30.00        19.91
      4536  2M09325236-0624540        4.25       37.32        52.00        28.25
      4538  2M10370435-1142194        4.61      186.61        12.00        75.11
      4538  2M10391336-1104510        5.27       30.96        39.00        16.90
      4538  2M10392169-1142243        4.23       59.16        56.00        41.87
      4538  2M10393900-1157082       10.83        6.27        15.00         3.39
      4538  2M10402800-1112350        7.86       41.99        41.00        22.59
      4538  2M10405837-1058287       17.72       28.06        26.00        19.21
      4538  2M10451300-1028232        6.32       95.09        28.00        36.98
      4538  2M10474435-1048412       16.03       27.80        19.00        17.75
      4539  2M11180898-0130128       28.91        4.08         8.00         3.64
      4539  2M11181429-0026454        8.91       10.25        17.00         5.31
      4539  2M11214902+0035197        4.59       91.98        39.00        54.20
      4539  2M11220020-0040546        4.49       99.16        52.00        56.98
      4542  2M19433790+3225124       18.56       21.32        23.00        15.56
      4542  2M19460244+3148276       25.78        4.87         5.00         3.35
      4548  2M00023179+1521164        9.09       19.08        25.00        12.70
      4548  2M23554035+1555351        9.45       46.20        21.00        24.72
      4548  2M23564129+1445094        7.20       42.14        37.00        27.64
      4548  2M23594193+1501119        3.77       53.09        46.00        29.22
      4551  2M03103688+6312022       10.70       17.67        23.00         8.98
      4551  2M03111284+6312062        6.21       28.11        35.00        22.54
      4554  2M03222918+5134159       10.53        7.07        19.00         5.86
      4555  2M04491848+4954075       10.81        8.52        14.00         6.16
      4555  2M05003852+4942070        5.27       24.00        27.00        13.39
      4556  2M04173043+4406020        5.47       19.64        20.00        12.80
      4556  2M04181465+4443163       15.29        5.11        17.00         4.71
      4559  2M05265314+4131436        3.13       64.29        63.00        49.48
      4559  2M05334627+3958411        7.84       12.24        23.00        10.22
      4560  2M04595013+3638144        7.30       24.62        23.00        17.93
      4562  2M05194502+2905511       10.09       17.51        24.00        13.40
      4564  2M05393994+2448170        5.11       34.26        43.00        17.91
      4564  2M05395208+2231019       10.19       18.94        26.00        12.23
      4565  2M06125378+2343533       15.88       18.80        17.00        10.95
      4565  2M06133561+2433362        6.13       18.68        41.00        13.76
      4566  2M05433227+2109107       25.42        2.00         6.00         1.70
      4566  2M05470607+2125457        5.77       52.78        43.00        20.10
      4567  2M06232739+2123478       10.97       23.34        12.00        20.16
      4567  2M06262967+2054126        5.16       27.36        39.00        12.88
      4569  2M06492106+1742038        3.65      125.53        61.00        71.02
      4569  2M06540094+1734275        8.38        3.64        20.00         2.39
      4569  2M06565845+1606213       14.23        8.25        14.00         7.29
      4571  2M06104205+1107473        3.90       38.20        56.00        26.45
      4571  2M06125177+1140142        4.35       28.26        49.00        14.97
      4572  2M06404485+0957442       17.01        9.91        14.00         6.82
      4572  2M06410360+0930290        6.72       29.41        20.00        10.85
      4572  2M06413207+1001049        6.21       17.27        36.00        11.63
      4573  2M06130913+0640221        3.59      112.40        21.00        42.38
      4574  2M06522785+0715576       10.57       22.87        20.00        12.81
      4574  2M06540975+0906449        8.16       40.92        93.00        30.46
      4574  2M06580937+0829446        7.37       40.29        29.00        26.04
      4576  2M07063543+0219287        8.90        6.62        26.00         4.95
      4576  2M07090093+0203229        4.95       19.34        30.00        10.00
      4578  2M07142035-0258155        9.84       11.32        19.00         7.18
      4581  2M06561894-0835461        9.30       24.43        24.00        16.68
      4582  2M07240918-0854337       10.89        5.87        15.00         4.61
      4583  2M07023378-1157206        9.16       17.86        14.00        13.63
      4586  2M03400448+3118568        2.24      240.92        75.00       198.89
      4586  2M03405779+3118059        4.29       25.18        41.00        14.70
      4586  2M03423215+3229291        6.76       31.54        26.00        14.55
      4586  2M03430073+3304482        2.80      246.65       121.00       117.93
      4586  2M03434101+3237320        4.17       32.08        54.00        15.61
      4586  2M03441568+3231282        4.81       33.56        39.00        15.54
      4586  2M03443482+3211180        5.65       18.20        34.00        13.50
      4586  2M03443536+3210045        6.83       95.23       101.00        70.40
      4586  2M03444173+3212022        7.16       31.62        33.00        19.91
      4586  2M03444495+3213364        8.53       13.36        17.00        10.89
      4586  2M03444508+3214130        6.96       14.99        19.00         8.86
      4586  2M03444770+3219117        7.57       57.58        21.00        26.00
      4586  2M03445064+3219067        3.59       76.94        57.00        41.84
      4586  2M03445561+3209198        3.61       77.86        54.00        53.32
      4586  2M03450783+3102335        9.90        9.19        16.00         5.36
      4586  2M03475033+3226225        3.43      200.26        80.00        47.73
      4586  2M03485329+3132297        7.83       30.97        31.00        19.07
      4587  2M03250916+3126099        8.87       19.12        29.00        15.38
      4587  2M03261467+3209453        2.94      182.20        67.00        86.92
      4587  2M03285425+3037402        8.94       27.04        19.00        16.35
      4587  2M03292204+3124153        4.78       24.68        45.00        24.68
      4588  2M19364901+4000422       11.88        3.46        14.00         2.44
      4588  2M19400944+3832454        9.56        1.79        15.00         1.19
      4589  2M19280887+3908038        7.39       38.02        25.00        31.32
      4589  2M19290115+3715011       10.08       19.92        33.00        10.80
      4590  2M00024876-0018006        7.54        9.81        18.00         3.65
      4590  2M00050265+0116236        5.63       46.85        30.00        23.24
      4590  2M00065234+0151397        5.71       37.04        38.00        22.15
      4590  2M00065508+0154022        7.04       17.22        27.00        13.49
      4590  2M00092179+0038065        3.27       99.37        66.00        53.95
      4592  2M05200640+3910115        8.54       62.73        81.00        39.00
      4592  2M05245445+3821524        2.94       97.53        50.00        80.24
      4595  2M06153889+1942122        6.52       27.18        44.00        15.78
      4597  2M04460281+2832101        4.35       55.89        52.00        46.12
      4599  2M05472048+0223043       11.85        8.41        17.00         5.69
      4599  2M05502340+0420349        8.74       16.30        25.00        13.70
      4600  2M05422354+5436050        3.35       98.82        87.00        85.21
      4600  2M05445847+5357043       11.42       44.26        18.00        20.16
      4601  2M06132183+4057302        6.33       52.28        27.00        25.12
      4601  2M06155982+3958486        5.13       63.28        38.00        26.47
      4601  2M06171475+4012101       24.55        4.95         8.00         4.15
      4602  2M06480299+2824439        4.64      116.21        88.00        69.79
      4602  2M06502133+2755152        8.42       14.75        24.00        12.79
      4603  2M07152278+1409293        5.04       94.18        48.00        80.43
      4603  2M07182600+1429453        7.33       10.06        23.00         5.05
      4604  2M06155451+5532531        5.31       21.17        46.00        14.04
      4604  2M06182810+5621575        4.54      163.76        37.00        73.15
      4604  2M06200432+5655313        6.71       70.77        64.00        35.57
      4605  2M06295087+5118010        7.57       10.06        26.00         6.29
      4605  2M06340628+5038344       12.21        9.78        19.00         6.69
      4605  2M06351099+5023151        4.54       71.71        50.00        41.84
      4606  2M06563892+4319360        6.14       64.02        40.00        33.90
      4607  2M06573841+3600153        4.97       53.13        35.00        19.78
      4608  2M07100305+2955418        2.37      170.41       166.00        91.41
      4608  2M07151462+3144055        4.60      197.69        25.00        73.01
      4608  2M07170464+3050353        6.89       36.21        73.00        18.68
      4608  2M07193494+3110497        1.80      195.40       128.00        75.06
      4608  2M07204065+3026474        3.13       42.99        53.00        25.32
      4609  2M07204618+2337505        5.18      112.34        94.00        68.50
      4609  2M07250686+2435451        4.38       85.84        43.00        39.23
      4609  2M07254144+2459239        9.72       45.94        90.00        33.75
      4609  2M07261441+2237362        8.55       26.36        29.00        17.64
      4609  2M07290870+2315415       13.16       33.02        16.00         8.26
      4609  2M07301103+2342112        4.40       17.70        36.00        11.43
      4609  2M07314640+2338533        4.36       73.75        75.00        30.45
      4610  2M07355627+1643023        5.94       43.04        34.00        17.99
      4610  2M07372002+1717167       14.17       16.90        14.00         6.94
      4611  2M05321683-0548237        8.43       96.46        45.00        30.38
      4611  2M05340693-0439303       18.90        6.28        11.00         6.28
      4611  2M05342386-0515403        4.03       72.56        40.00        28.11
      4611  2M05343087-0425070        5.04       45.53        42.00        45.53
      4611  2M05343976-0524254        7.20        3.80        20.00         2.73
      4611  2M05345220-0440117       14.37       11.35        13.00        11.35
      4611  2M05345249-0449404        2.77      171.94       156.00       113.49
      4611  2M05345431-0454129        3.23       57.88        48.00        57.88
      4611  2M05345563-0601036       10.06       12.25        17.00         7.53
      4611  2M05350326-0449209        5.29       24.47        33.00        21.63
      4611  2M05350392-0529033        4.39      147.42        37.00       111.60
      4611  2M05351113-0536511        8.17       16.01        36.00        16.01
      4611  2M05351554-0525140        4.87       94.14        35.00        94.14
      4611  2M05352147-0557421       13.97       26.65        31.00        26.65
      4611  2M05352813-0523064        8.94       33.54        22.00        33.54
      4611  2M05352860-0455036        3.92       63.13        44.00        40.63
      4611  2M05352989-0512103        2.36      198.31       207.00       132.69
      4611  2M05353154-0540278        8.95       23.37        40.00        23.37
      4611  2M05355408-0528327        9.06       22.29        24.00        22.29
      4611  2M05360185-0517365        9.60       13.59        18.00        13.59
      4612  2M05324407-0529523        7.76        1.71        24.00         1.71
      4612  2M05331624-0613195        8.83       18.49        26.00        18.49
      4612  2M05342767-0537192        6.55       82.95        27.00        82.95
      4612  2M05350138-0615175       11.36        6.93        20.00         6.93
      4612  2M05351121-0517209       12.68       21.90        21.00        21.90
      4612  2M05351214-0531388        7.39       11.98        26.00        11.98
      4612  2M05351236-0543184        5.02       11.25        35.00        11.25
      4612  2M05351561-0524030        6.03       87.40        26.00        87.40
      4612  2M05351755-0453037        8.74       13.04        17.00        13.04
      4612  2M05351851-0520427        6.01       67.64        23.00        67.64
      4612  2M05352349-0520016        8.44       59.54        26.00        59.54
      4612  2M05353295-0512047        5.47       47.18        41.00        34.50
      4612  2M05354107-0449477       13.19       11.49        12.00        11.49
      4612  2M05354311-0424556        6.44       17.54        23.00        17.54
      4612  2M05363704-0504412       13.01       14.89        21.00        14.89
      4613  2M05342626-0646093        6.03       31.98        37.00        31.98
      4613  2M05351077-0651557       10.58       17.79        17.00        15.24
      4613  2M05351580-0646291        6.92       12.21        21.00         9.43
      4613  2M05351798-0604430        6.25        6.66        21.00         6.66
      4613  2M05352992-0644151        6.99       16.15        23.00        16.15
      4613  2M05354337-0622195        8.40        4.61        17.00         4.61
      4613  2M05361723-0617245       23.53        8.80        19.00         8.80
      4613  2M05365233-0706102        6.37      106.73        38.00        47.19
      4614  2M05371161-0723239        6.36       12.18        24.00        12.18
      4614  2M05380160-0722218        9.55        3.37        15.00         3.37
      4615  2M05402047-0911572        4.01      114.60        46.00       114.60
      4615  2M05405530-0813169       16.34        6.47        13.00         6.47
      4615  2M05411524-0752111        7.38       12.68        30.00        12.68
      4615  2M05413037-0912268        7.12       41.00        25.00        41.00
      4615  2M05413338-0759562       11.33       23.44        28.00        23.44
      4615  2M05422393-0809459        7.12        9.55        23.00         9.55
      4615  2M05432464-0813275        8.42       10.88        22.00        10.21
      4617  2M06411170-0118035        4.79       34.18        93.00        20.44
      4617  2M06432872+0010360        6.36       21.68        36.00        16.71
      4617  2M06435849-0100515        4.93       22.74        45.00        15.03
