  2MASS_ID               R_min       XR_Max    Max_Width   XR_average
  2M02455483+6543350        4.22      243.61       136.00       236.70
  2M00013948+7336427        6.82       84.43        61.00        84.43
  2M00322120+8518390       16.21        8.16         9.00         2.20
  2M00344509+8512058       16.94       12.29         7.00         4.02
  2M00454489+8504180       19.82       10.80         6.00         4.14
  2M00463920+8523336       53.32        0.42         6.00         0.22
  2M00512176+8512377       35.56        0.85         6.00         0.53
  2M01013568+8522254       18.02        1.95         8.00         1.45
  2M03442050+2446222       34.98        2.57        13.00         2.37
  2M03450326+2350219       53.76        0.43         8.00         0.40
  2M03454440+2413132       10.16       12.66        17.00         8.98
  2M03491172+2438117       40.84        0.62         8.00         0.34
  2M03512529+2509465        9.41      170.73       127.00        85.45
  2M05152973+4624214        2.76      171.67       137.00        64.79
  2M05343976-0524254        7.20        3.80        20.00         2.73
  2M05343976-0524254        7.55        4.13        18.00         4.13
  2M05365078-0459334       13.45        3.27        14.00         3.27
  2M05565059+1621182        4.25      209.43       137.00       142.60
  2M06210077+1442173        6.64      213.53       137.00       181.68
  2M07012704-0307032        7.31      231.02       136.00       165.50
  2M07100180+3831457       10.28       18.56        19.00        14.83
  2M07372136-1204047       58.71        0.29         5.00         0.24
  2M07384226+2131021       37.04        0.35         4.00         0.25
  2M08511335+1151401       43.51        1.24         6.00         0.83
  2M08511670+1145293       46.63        1.62         7.00         1.01
  2M08511799+1145541        9.23       35.53        12.00        24.34
  2M08512079+1153261        9.33       45.21        14.00        33.97
  2M08512175+1152378       34.96        7.15         8.00         6.12
  2M08512377+1149493       58.21        0.54         6.00         0.47
  2M08512530+1202563        2.19      220.13        20.00       187.08
  2M08512734+1207406        6.77      247.86        82.00        39.50
  2M08512990+1147168       48.93        0.58         4.00         0.41
  2M08513784+1150570        0.46      278.20       184.00       253.88
  2M08514194+1143371       14.72       20.29         9.00        13.02
  2M08514355+1144264       61.66        0.82         4.00         0.50
  2M08514832+1151118       16.92        7.81         8.00         5.81
  2M08515020+1146069       74.47        0.54         4.00         0.33
  2M09380671+5601073        3.56      225.17       108.00       107.92
  2M10331492+2936548       32.13        7.20         6.00         4.41
  2M10452050+4533586        1.63      217.38       130.00       164.23
  2M11433068-1502341        6.47      210.97       131.00       124.30
  2M12240346+2551043        9.39       29.19        83.00        28.58
  2M12281386+2502005       19.45        3.84        12.00         2.41
  2M12283815+2613370        4.28      232.77        83.00       232.77
  2M12284457+2553575        3.44      232.10        90.00       169.38
  2M13082991-0240443        5.87      106.40        90.00        48.39
  2M13121982+1731016       26.75        3.94         7.00         1.21
  2M13121982+1731016       31.75        5.23         8.00         2.43
  2M13475259-0035407        6.25       57.08        99.00        31.66
  2M14164478+5315488        4.23       38.76        75.00        36.29
  2M14193774+0553466        2.89      250.57       132.00       215.30
  2M14350376+0906494        7.74       25.28        44.00        20.64
  2M14480341+1356411        9.11       44.01        18.00        33.26
  2M14542451+4517557        9.47       31.05        34.00        21.72
  2M15261954+3658534        2.67      169.46        98.00       112.84
  2M16112725+2349118       30.24       12.88        10.00         5.69
  2M16493124+4706288        4.72      242.27       116.00       120.74
  2M16560455+4722147        5.88       74.66        19.00        16.62
  2M16571775+8650406       24.21       22.94        10.00        14.42
  2M17115469+5758032       12.28       20.11         8.00         7.18
  2M17183642+4153170        1.49      246.93       138.00       184.24
  2M17183642+4153170        3.85       51.28        99.00        36.78
  2M17500331+4823391       28.27        0.97        29.00         0.75
  2M18051056-2423547        1.77      252.52       134.00       170.35
  2M18085403-2528228        9.51       44.64       121.00        44.64
  2M18085403-2528228        2.34      230.10       138.00        84.79
  2M18170483+0100206       10.40       59.05        10.00        28.03
  2M18510092-0614564       67.16        0.41         6.00         0.40
  2M19074762+3855416        5.71      252.67       116.00       133.44
  2M19094607+3747391       11.12       39.38        18.00        15.61
  2M19155697+2727210        2.18      220.05       139.00       149.67
  2M19184840+1936377        4.92      234.07       115.00       136.29
  2M19190114+3726432        4.89      217.82       130.00       217.82
  2M19405704+4010068       53.69        2.49         6.00         1.72
  2M19405797+4008174       27.63        3.83         6.00         2.00
  2M19410819+4015085       58.81        0.74         6.00         0.43
  2M19410994+4009056       16.57        9.58         6.00         4.32
  2M19411631+4005508       33.15        1.74         6.00         0.79
  2M19411776+4009158       31.79        3.46         6.00         2.66
  2M19413031+4009005       62.03        0.38         4.00         0.31
  2M19422945+3119400        7.52       67.73       131.00        51.04
  2M19522176+1840186       14.62       30.53       113.00        30.53
  2M19522176+1840186        4.82       72.46       113.00        72.46
  2M20333964+4510320        9.77      130.04       130.00        82.66
  2M21072370+4716390        1.73      226.94       139.00       143.74
  2M21274028+6639295       19.83        9.94        19.00         5.77
  2M21302584+4452299       13.57       23.73        19.00        17.81
  2M21510496+3932119        4.47      221.09       128.00       162.66
  2M22311577+6331215        4.98      106.06       130.00        52.35
  2M23071799+4604054        5.78      185.85       124.00       101.49
  2M23200066+6108594        2.07      231.03       129.00       138.18
